# JRE version: OpenJDK Runtime Environment (17.0.9) (build 17.0.9+0--11185874)
# Java VM: OpenJDK 64-Bit Server VM (17.0.9+0--11185874, mixed mode, tiered, compressed oops, compressed class ptrs, g1 gc, windows-amd64)
GC Precious Log:
 CPUs: 8 total, 8 available
 Memory: 16082M
 Large Page Support: Disabled
 NUMA Support: Disabled
 Compressed Oops: Enabled (Zero based)
 Heap Region Size: 2M
 Heap Min Capacity: 8M
 Heap Initial Capacity: 252M
 Heap Max Capacity: 4022M
 Pre-touch: Disabled
 Parallel Workers: 8
 Concurrent Workers: 2
 Concurrent Refinement Workers: 8
 Periodic GC: Disabled
Heap:
 garbage-first heap   total 258048K, used 17727K [0x0000000704a00000, 0x0000000800000000)
  region size 2048K, 8 young (16384K), 2 survivors (4096K)
 Metaspace       used 19102K, committed 19328K, reserved 1114112K
  class space    used 1930K, committed 2048K, reserved 1048576K
GC Heap History (6 events):
Event: 1.411 GC heap before
{Heap before GC invocations=0 (full 0):
 garbage-first heap   total 258048K, used 20480K [0x0000000704a00000, 0x0000000800000000)
  region size 2048K, 11 young (22528K), 0 survivors (0K)
 Metaspace       used 14280K, committed 14464K, reserved 1114112K
  class space    used 1434K, committed 1536K, reserved 1048576K
}
Event: 1.418 GC heap after
{Heap after GC invocations=1 (full 0):
 garbage-first heap   total 258048K, used 3550K [0x0000000704a00000, 0x0000000800000000)
  region size 2048K, 2 young (4096K), 2 survivors (4096K)
 Metaspace       used 14280K, committed 14464K, reserved 1114112K
  class space    used 1434K, committed 1536K, reserved 1048576K
}
Event: 2.174 GC heap before
{Heap before GC invocations=1 (full 0):
 garbage-first heap   total 258048K, used 32222K [0x0000000704a00000, 0x0000000800000000)
  region size 2048K, 16 young (32768K), 2 survivors (4096K)
 Metaspace       used 17648K, committed 17792K, reserved 1114112K
  class space    used 1775K, committed 1856K, reserved 1048576K
}
Event: 2.178 GC heap after
{Heap after GC invocations=2 (full 0):
 garbage-first heap   total 258048K, used 4842K [0x0000000704a00000, 0x0000000800000000)
  region size 2048K, 1 young (2048K), 1 survivors (2048K)
 Metaspace       used 17648K, committed 17792K, reserved 1114112K
  class space    used 1775K, committed 1856K, reserved 1048576K
}
Event: 3.752 GC heap before
{Heap before GC invocations=2 (full 0):
 garbage-first heap   total 258048K, used 135914K [0x0000000704a00000, 0x0000000800000000)
  region size 2048K, 65 young (133120K), 1 survivors (2048K)
 Metaspace       used 19072K, committed 19328K, reserved 1114112K
  class space    used 1928K, committed 2048K, reserved 1048576K
}
Event: 3.757 GC heap after
{Heap after GC invocations=3 (full 0):
 garbage-first heap   total 258048K, used 7487K [0x0000000704a00000, 0x0000000800000000)
  region size 2048K, 2 young (4096K), 2 survivors (4096K)
 Metaspace       used 19072K, committed 19328K, reserved 1114112K
  class space    used 1928K, committed 2048K, reserved 1048576K
}

