# JRE version: OpenJDK Runtime Environment (17.0.9) (build 17.0.9+0--11185874)
# Java VM: OpenJDK 64-Bit Server VM (17.0.9+0--11185874, mixed mode, tiered, compressed oops, compressed class ptrs, g1 gc, windows-amd64)
GC Precious Log:
 CPUs: 8 total, 8 available
 Memory: 16082M
 Large Page Support: Disabled
 NUMA Support: Disabled
 Compressed Oops: Enabled (Zero based)
 Heap Region Size: 2M
 Heap Min Capacity: 8M
 Heap Initial Capacity: 252M
 Heap Max Capacity: 4G
 Pre-touch: Disabled
 Parallel Workers: 8
 Concurrent Workers: 2
 Concurrent Refinement Workers: 8
 Periodic GC: Disabled
Heap:
 garbage-first heap   total 225280K, used 150154K [0x0000000700000000, 0x0000000800000000)
  region size 2048K, 9 young (18432K), 3 survivors (6144K)
 Metaspace       used 98875K, committed 99776K, reserved 1179648K
  class space    used 13693K, committed 14080K, reserved 1048576K
GC Heap History (20 events):
Event: 7.963 GC heap before
{Heap before GC invocations=30 (full 0):
 garbage-first heap   total 126976K, used 90362K [0x0000000700000000, 0x0000000800000000)
  region size 2048K, 12 young (24576K), 1 survivors (2048K)
 Metaspace       used 80018K, committed 80640K, reserved 1179648K
  class space    used 10803K, committed 11072K, reserved 1048576K
}
Event: 7.966 GC heap after
{Heap after GC invocations=31 (full 0):
 garbage-first heap   total 126976K, used 72227K [0x0000000700000000, 0x0000000800000000)
  region size 2048K, 2 young (4096K), 2 survivors (4096K)
 Metaspace       used 80018K, committed 80640K, reserved 1179648K
  class space    used 10803K, committed 11072K, reserved 1048576K
}
Event: 8.232 GC heap before
{Heap before GC invocations=31 (full 0):
 garbage-first heap   total 126976K, used 98851K [0x0000000700000000, 0x0000000800000000)
  region size 2048K, 15 young (30720K), 2 survivors (4096K)
 Metaspace       used 82201K, committed 82944K, reserved 1179648K
  class space    used 11178K, committed 11520K, reserved 1048576K
}
Event: 8.235 GC heap after
{Heap after GC invocations=32 (full 0):
 garbage-first heap   total 194560K, used 72286K [0x0000000700000000, 0x0000000800000000)
  region size 2048K, 1 young (2048K), 1 survivors (2048K)
 Metaspace       used 82201K, committed 82944K, reserved 1179648K
  class space    used 11178K, committed 11520K, reserved 1048576K
}
Event: 8.906 GC heap before
{Heap before GC invocations=33 (full 0):
 garbage-first heap   total 194560K, used 146014K [0x0000000700000000, 0x0000000800000000)
  region size 2048K, 37 young (75776K), 1 survivors (2048K)
 Metaspace       used 85999K, committed 86784K, reserved 1179648K
  class space    used 11746K, committed 12096K, reserved 1048576K
}
Event: 8.911 GC heap after
{Heap after GC invocations=34 (full 0):
 garbage-first heap   total 194560K, used 77305K [0x0000000700000000, 0x0000000800000000)
  region size 2048K, 3 young (6144K), 3 survivors (6144K)
 Metaspace       used 85999K, committed 86784K, reserved 1179648K
  class space    used 11746K, committed 12096K, reserved 1048576K
}
Event: 9.337 GC heap before
{Heap before GC invocations=34 (full 0):
 garbage-first heap   total 194560K, used 155129K [0x0000000700000000, 0x0000000800000000)
  region size 2048K, 40 young (81920K), 3 survivors (6144K)
 Metaspace       used 87174K, committed 87936K, reserved 1179648K
  class space    used 11872K, committed 12224K, reserved 1048576K
}
Event: 9.343 GC heap after
{Heap after GC invocations=35 (full 0):
 garbage-first heap   total 194560K, used 87875K [0x0000000700000000, 0x0000000800000000)
  region size 2048K, 4 young (8192K), 4 survivors (8192K)
 Metaspace       used 87174K, committed 87936K, reserved 1179648K
  class space    used 11872K, committed 12224K, reserved 1048576K
}
Event: 9.970 GC heap before
{Heap before GC invocations=35 (full 0):
 garbage-first heap   total 194560K, used 151363K [0x0000000700000000, 0x0000000800000000)
  region size 2048K, 35 young (71680K), 4 survivors (8192K)
 Metaspace       used 92875K, committed 93632K, reserved 1179648K
  class space    used 12859K, committed 13248K, reserved 1048576K
}
Event: 9.976 GC heap after
{Heap after GC invocations=36 (full 0):
 garbage-first heap   total 194560K, used 92281K [0x0000000700000000, 0x0000000800000000)
  region size 2048K, 3 young (6144K), 3 survivors (6144K)
 Metaspace       used 92875K, committed 93632K, reserved 1179648K
  class space    used 12859K, committed 13248K, reserved 1048576K
}
Event: 10.555 GC heap before
{Heap before GC invocations=36 (full 0):
 garbage-first heap   total 194560K, used 155769K [0x0000000700000000, 0x0000000800000000)
  region size 2048K, 34 young (69632K), 3 survivors (6144K)
 Metaspace       used 95598K, committed 96384K, reserved 1179648K
  class space    used 13259K, committed 13632K, reserved 1048576K
}
Event: 10.563 GC heap after
{Heap after GC invocations=37 (full 0):
 garbage-first heap   total 194560K, used 98824K [0x0000000700000000, 0x0000000800000000)
  region size 2048K, 5 young (10240K), 5 survivors (10240K)
 Metaspace       used 95598K, committed 96384K, reserved 1179648K
  class space    used 13259K, committed 13632K, reserved 1048576K
}
Event: 10.994 GC heap before
{Heap before GC invocations=38 (full 0):
 garbage-first heap   total 194560K, used 154120K [0x0000000700000000, 0x0000000800000000)
  region size 2048K, 33 young (67584K), 5 survivors (10240K)
 Metaspace       used 97175K, committed 98048K, reserved 1179648K
  class space    used 13503K, committed 13888K, reserved 1048576K
}
Event: 11.005 GC heap after
{Heap after GC invocations=39 (full 0):
 garbage-first heap   total 194560K, used 111478K [0x0000000700000000, 0x0000000800000000)
  region size 2048K, 5 young (10240K), 5 survivors (10240K)
 Metaspace       used 97175K, committed 98048K, reserved 1179648K
  class space    used 13503K, committed 13888K, reserved 1048576K
}
Event: 11.143 GC heap before
{Heap before GC invocations=39 (full 0):
 garbage-first heap   total 194560K, used 131958K [0x0000000700000000, 0x0000000800000000)
  region size 2048K, 17 young (34816K), 5 survivors (10240K)
 Metaspace       used 97379K, committed 98304K, reserved 1179648K
  class space    used 13519K, committed 13952K, reserved 1048576K
}
Event: 11.148 GC heap after
{Heap after GC invocations=40 (full 0):
 garbage-first heap   total 194560K, used 120636K [0x0000000700000000, 0x0000000800000000)
  region size 2048K, 4 young (8192K), 4 survivors (8192K)
 Metaspace       used 97379K, committed 98304K, reserved 1179648K
  class space    used 13519K, committed 13952K, reserved 1048576K
}
Event: 11.455 GC heap before
{Heap before GC invocations=41 (full 0):
 garbage-first heap   total 225280K, used 155452K [0x0000000700000000, 0x0000000800000000)
  region size 2048K, 19 young (38912K), 4 survivors (8192K)
 Metaspace       used 97966K, committed 98880K, reserved 1179648K
  class space    used 13586K, committed 14016K, reserved 1048576K
}
Event: 11.463 GC heap after
{Heap after GC invocations=42 (full 0):
 garbage-first heap   total 225280K, used 131727K [0x0000000700000000, 0x0000000800000000)
  region size 2048K, 3 young (6144K), 3 survivors (6144K)
 Metaspace       used 97966K, committed 98880K, reserved 1179648K
  class space    used 13586K, committed 14016K, reserved 1048576K
}
Event: 11.836 GC heap before
{Heap before GC invocations=42 (full 0):
 garbage-first heap   total 225280K, used 172687K [0x0000000700000000, 0x0000000800000000)
  region size 2048K, 23 young (47104K), 3 survivors (6144K)
 Metaspace       used 98523K, committed 99520K, reserved 1179648K
  class space    used 13643K, committed 14080K, reserved 1048576K
}
Event: 11.843 GC heap after
{Heap after GC invocations=43 (full 0):
 garbage-first heap   total 225280K, used 139914K [0x0000000700000000, 0x0000000800000000)
  region size 2048K, 3 young (6144K), 3 survivors (6144K)
 Metaspace       used 98523K, committed 99520K, reserved 1179648K
  class space    used 13643K, committed 14080K, reserved 1048576K
}

