# JRE version: OpenJDK Runtime Environment (17.0.9) (build 17.0.9+0--11185874)
# Java VM: OpenJDK 64-Bit Server VM (17.0.9+0--11185874, mixed mode, tiered, compressed oops, compressed class ptrs, g1 gc, windows-amd64)
GC Precious Log:
 CPUs: 8 total, 8 available
 Memory: 16082M
 Large Page Support: Disabled
 NUMA Support: Disabled
 Compressed Oops: Enabled (Zero based)
 Heap Region Size: 2M
 Heap Min Capacity: 8M
 Heap Initial Capacity: 252M
 Heap Max Capacity: 4G
 Pre-touch: Disabled
 Parallel Workers: 8
 Concurrent Workers: 2
 Concurrent Refinement Workers: 8
 Periodic GC: Disabled
Heap:
 garbage-first heap   total 495616K, used 302069K [0x0000000700000000, 0x0000000800000000)
  region size 2048K, 21 young (43008K), 6 survivors (12288K)
 Metaspace       used 172303K, committed 174016K, reserved 1245184K
  class space    used 23210K, committed 23936K, reserved 1048576K
GC Heap History (20 events):
Event: 80.341 GC heap before
{Heap before GC invocations=59 (full 0):
 garbage-first heap   total 495616K, used 423144K [0x0000000700000000, 0x0000000800000000)
  region size 2048K, 119 young (243712K), 3 survivors (6144K)
 Metaspace       used 127874K, committed 129088K, reserved 1179648K
  class space    used 17226K, committed 17728K, reserved 1048576K
}
Event: 80.345 GC heap after
{Heap after GC invocations=60 (full 0):
 garbage-first heap   total 495616K, used 188371K [0x0000000700000000, 0x0000000800000000)
  region size 2048K, 4 young (8192K), 4 survivors (8192K)
 Metaspace       used 127874K, committed 129088K, reserved 1179648K
  class space    used 17226K, committed 17728K, reserved 1048576K
}
Event: 121.794 GC heap before
{Heap before GC invocations=60 (full 0):
 garbage-first heap   total 495616K, used 425939K [0x0000000700000000, 0x0000000800000000)
  region size 2048K, 120 young (245760K), 4 survivors (8192K)
 Metaspace       used 132360K, committed 133696K, reserved 1179648K
  class space    used 17819K, committed 18368K, reserved 1048576K
}
Event: 121.803 GC heap after
{Heap after GC invocations=61 (full 0):
 garbage-first heap   total 495616K, used 194373K [0x0000000700000000, 0x0000000800000000)
  region size 2048K, 7 young (14336K), 7 survivors (14336K)
 Metaspace       used 132360K, committed 133696K, reserved 1179648K
  class space    used 17819K, committed 18368K, reserved 1048576K
}
Event: 123.332 GC heap before
{Heap before GC invocations=61 (full 0):
 garbage-first heap   total 495616K, used 419653K [0x0000000700000000, 0x0000000800000000)
  region size 2048K, 118 young (241664K), 7 survivors (14336K)
 Metaspace       used 147180K, committed 148608K, reserved 1179648K
  class space    used 19799K, committed 20352K, reserved 1048576K
}
Event: 123.345 GC heap after
{Heap after GC invocations=62 (full 0):
 garbage-first heap   total 495616K, used 208025K [0x0000000700000000, 0x0000000800000000)
  region size 2048K, 14 young (28672K), 14 survivors (28672K)
 Metaspace       used 147180K, committed 148608K, reserved 1179648K
  class space    used 19799K, committed 20352K, reserved 1048576K
}
Event: 124.580 GC heap before
{Heap before GC invocations=62 (full 0):
 garbage-first heap   total 495616K, used 412825K [0x0000000700000000, 0x0000000800000000)
  region size 2048K, 114 young (233472K), 14 survivors (28672K)
 Metaspace       used 156985K, committed 158528K, reserved 1245184K
  class space    used 21433K, committed 22080K, reserved 1048576K
}
Event: 124.602 GC heap after
{Heap after GC invocations=63 (full 0):
 garbage-first heap   total 495616K, used 232888K [0x0000000700000000, 0x0000000800000000)
  region size 2048K, 15 young (30720K), 15 survivors (30720K)
 Metaspace       used 156985K, committed 158528K, reserved 1245184K
  class space    used 21433K, committed 22080K, reserved 1048576K
}
Event: 125.690 GC heap before
{Heap before GC invocations=63 (full 0):
 garbage-first heap   total 495616K, used 402872K [0x0000000700000000, 0x0000000800000000)
  region size 2048K, 98 young (200704K), 15 survivors (30720K)
 Metaspace       used 165140K, committed 166784K, reserved 1245184K
  class space    used 22536K, committed 23232K, reserved 1048576K
}
Event: 125.712 GC heap after
{Heap after GC invocations=64 (full 0):
 garbage-first heap   total 495616K, used 260228K [0x0000000700000000, 0x0000000800000000)
  region size 2048K, 13 young (26624K), 13 survivors (26624K)
 Metaspace       used 165140K, committed 166784K, reserved 1245184K
  class space    used 22536K, committed 23232K, reserved 1048576K
}
Event: 126.199 GC heap before
{Heap before GC invocations=64 (full 0):
 garbage-first heap   total 495616K, used 401540K [0x0000000700000000, 0x0000000800000000)
  region size 2048K, 81 young (165888K), 13 survivors (26624K)
 Metaspace       used 166336K, committed 168000K, reserved 1245184K
  class space    used 22666K, committed 23360K, reserved 1048576K
}
Event: 126.217 GC heap after
{Heap after GC invocations=65 (full 0):
 garbage-first heap   total 495616K, used 270364K [0x0000000700000000, 0x0000000800000000)
  region size 2048K, 6 young (12288K), 6 survivors (12288K)
 Metaspace       used 166336K, committed 168000K, reserved 1245184K
  class space    used 22666K, committed 23360K, reserved 1048576K
}
Event: 126.627 GC heap before
{Heap before GC invocations=65 (full 0):
 garbage-first heap   total 495616K, used 403484K [0x0000000700000000, 0x0000000800000000)
  region size 2048K, 71 young (145408K), 6 survivors (12288K)
 Metaspace       used 167383K, committed 169152K, reserved 1245184K
  class space    used 22818K, committed 23552K, reserved 1048576K
}
Event: 126.633 GC heap after
{Heap after GC invocations=66 (full 0):
 garbage-first heap   total 495616K, used 270343K [0x0000000700000000, 0x0000000800000000)
  region size 2048K, 6 young (12288K), 6 survivors (12288K)
 Metaspace       used 167383K, committed 169152K, reserved 1245184K
  class space    used 22818K, committed 23552K, reserved 1048576K
}
Event: 127.126 GC heap before
{Heap before GC invocations=66 (full 0):
 garbage-first heap   total 495616K, used 407559K [0x0000000700000000, 0x0000000800000000)
  region size 2048K, 73 young (149504K), 6 survivors (12288K)
 Metaspace       used 171567K, committed 173312K, reserved 1245184K
  class space    used 23175K, committed 23936K, reserved 1048576K
}
Event: 127.133 GC heap after
{Heap after GC invocations=67 (full 0):
 garbage-first heap   total 495616K, used 270903K [0x0000000700000000, 0x0000000800000000)
  region size 2048K, 5 young (10240K), 5 survivors (10240K)
 Metaspace       used 171567K, committed 173312K, reserved 1245184K
  class space    used 23175K, committed 23936K, reserved 1048576K
}
Event: 127.394 GC heap before
{Heap before GC invocations=67 (full 0):
 garbage-first heap   total 495616K, used 408119K [0x0000000700000000, 0x0000000800000000)
  region size 2048K, 73 young (149504K), 5 survivors (10240K)
 Metaspace       used 172068K, committed 173824K, reserved 1245184K
  class space    used 23209K, committed 23936K, reserved 1048576K
}
Event: 127.401 GC heap after
{Heap after GC invocations=68 (full 0):
 garbage-first heap   total 495616K, used 271791K [0x0000000700000000, 0x0000000800000000)
  region size 2048K, 5 young (10240K), 5 survivors (10240K)
 Metaspace       used 172068K, committed 173824K, reserved 1245184K
  class space    used 23209K, committed 23936K, reserved 1048576K
}
Event: 127.731 GC heap before
{Heap before GC invocations=68 (full 0):
 garbage-first heap   total 495616K, used 415151K [0x0000000700000000, 0x0000000800000000)
  region size 2048K, 76 young (155648K), 5 survivors (10240K)
 Metaspace       used 172298K, committed 174016K, reserved 1245184K
  class space    used 23210K, committed 23936K, reserved 1048576K
}
Event: 127.739 GC heap after
{Heap after GC invocations=69 (full 0):
 garbage-first heap   total 495616K, used 273397K [0x0000000700000000, 0x0000000800000000)
  region size 2048K, 6 young (12288K), 6 survivors (12288K)
 Metaspace       used 172298K, committed 174016K, reserved 1245184K
  class space    used 23210K, committed 23936K, reserved 1048576K
}

