# JRE version: OpenJDK Runtime Environment (17.0.9) (build 17.0.9+0--11185874)
# Java VM: OpenJDK 64-Bit Server VM (17.0.9+0--11185874, mixed mode, tiered, compressed oops, compressed class ptrs, g1 gc, windows-amd64)
GC Precious Log:
 CPUs: 8 total, 8 available
 Memory: 16082M
 Large Page Support: Disabled
 NUMA Support: Disabled
 Compressed Oops: Enabled (Zero based)
 Heap Region Size: 2M
 Heap Min Capacity: 8M
 Heap Initial Capacity: 252M
 Heap Max Capacity: 4G
 Pre-touch: Disabled
 Parallel Workers: 8
 Concurrent Workers: 2
 Concurrent Refinement Workers: 8
 Periodic GC: Disabled
Heap:
 garbage-first heap   total 577536K, used 251640K [0x0000000700000000, 0x0000000800000000)
  region size 2048K, 15 young (30720K), 15 survivors (30720K)
 Metaspace       used 204332K, committed 207232K, reserved 1245184K
  class space    used 28474K, committed 29696K, reserved 1048576K
GC Heap History (20 events):
Event: 3951.677 GC heap after
{Heap after GC invocations=70 (full 0):
 garbage-first heap   total 577536K, used 197616K [0x0000000700000000, 0x0000000800000000)
  region size 2048K, 1 young (2048K), 1 survivors (2048K)
 Metaspace       used 146452K, committed 149056K, reserved 1179648K
  class space    used 20152K, committed 21248K, reserved 1048576K
}
Event: 3953.042 GC heap before
{Heap before GC invocations=70 (full 0):
 garbage-first heap   total 577536K, used 443376K [0x0000000700000000, 0x0000000800000000)
  region size 2048K, 122 young (249856K), 1 survivors (2048K)
 Metaspace       used 162396K, committed 165120K, reserved 1245184K
  class space    used 22340K, committed 23488K, reserved 1048576K
}
Event: 3953.051 GC heap after
{Heap after GC invocations=71 (full 0):
 garbage-first heap   total 577536K, used 212757K [0x0000000700000000, 0x0000000800000000)
  region size 2048K, 9 young (18432K), 9 survivors (18432K)
 Metaspace       used 162396K, committed 165120K, reserved 1245184K
  class space    used 22340K, committed 23488K, reserved 1048576K
}
Event: 3954.256 GC heap before
{Heap before GC invocations=72 (full 0):
 garbage-first heap   total 577536K, used 448277K [0x0000000700000000, 0x0000000800000000)
  region size 2048K, 125 young (256000K), 9 survivors (18432K)
 Metaspace       used 174591K, committed 177408K, reserved 1245184K
  class space    used 24273K, committed 25472K, reserved 1048576K
}
Event: 3954.277 GC heap after
{Heap after GC invocations=73 (full 0):
 garbage-first heap   total 577536K, used 242293K [0x0000000700000000, 0x0000000800000000)
  region size 2048K, 16 young (32768K), 16 survivors (32768K)
 Metaspace       used 174591K, committed 177408K, reserved 1245184K
  class space    used 24273K, committed 25472K, reserved 1048576K
}
Event: 3954.288 GC heap before
{Heap before GC invocations=73 (full 0):
 garbage-first heap   total 577536K, used 242293K [0x0000000700000000, 0x0000000800000000)
  region size 2048K, 17 young (34816K), 16 survivors (32768K)
 Metaspace       used 174591K, committed 177408K, reserved 1245184K
  class space    used 24273K, committed 25472K, reserved 1048576K
}
Event: 3954.312 GC heap after
{Heap after GC invocations=74 (full 0):
 garbage-first heap   total 577536K, used 235520K [0x0000000700000000, 0x0000000800000000)
  region size 2048K, 2 young (4096K), 2 survivors (4096K)
 Metaspace       used 174591K, committed 177408K, reserved 1245184K
  class space    used 24273K, committed 25472K, reserved 1048576K
}
Event: 4450.679 GC heap before
{Heap before GC invocations=74 (full 0):
 garbage-first heap   total 577536K, used 448512K [0x0000000700000000, 0x0000000800000000)
  region size 2048K, 107 young (219136K), 2 survivors (4096K)
 Metaspace       used 176167K, committed 179008K, reserved 1245184K
  class space    used 24419K, committed 25664K, reserved 1048576K
}
Event: 4450.692 GC heap after
{Heap after GC invocations=75 (full 0):
 garbage-first heap   total 577536K, used 246286K [0x0000000700000000, 0x0000000800000000)
  region size 2048K, 8 young (16384K), 8 survivors (16384K)
 Metaspace       used 176167K, committed 179008K, reserved 1245184K
  class space    used 24419K, committed 25664K, reserved 1048576K
}
Event: 4516.956 GC heap before
{Heap before GC invocations=76 (full 0):
 garbage-first heap   total 577536K, used 451086K [0x0000000700000000, 0x0000000800000000)
  region size 2048K, 111 young (227328K), 8 survivors (16384K)
 Metaspace       used 176758K, committed 179840K, reserved 1245184K
  class space    used 24525K, committed 25856K, reserved 1048576K
}
Event: 4516.963 GC heap after
{Heap after GC invocations=77 (full 0):
 garbage-first heap   total 577536K, used 238491K [0x0000000700000000, 0x0000000800000000)
  region size 2048K, 6 young (12288K), 6 survivors (12288K)
 Metaspace       used 176758K, committed 179840K, reserved 1245184K
  class space    used 24525K, committed 25856K, reserved 1048576K
}
Event: 4517.011 GC heap before
{Heap before GC invocations=77 (full 0):
 garbage-first heap   total 577536K, used 254875K [0x0000000700000000, 0x0000000800000000)
  region size 2048K, 14 young (28672K), 6 survivors (12288K)
 Metaspace       used 176783K, committed 179904K, reserved 1245184K
  class space    used 24528K, committed 25856K, reserved 1048576K
}
Event: 4517.022 GC heap after
{Heap after GC invocations=78 (full 0):
 garbage-first heap   total 577536K, used 213050K [0x0000000700000000, 0x0000000800000000)
  region size 2048K, 2 young (4096K), 2 survivors (4096K)
 Metaspace       used 176783K, committed 179904K, reserved 1245184K
  class space    used 24528K, committed 25856K, reserved 1048576K
}
Event: 4993.962 GC heap before
{Heap before GC invocations=78 (full 0):
 garbage-first heap   total 577536K, used 458810K [0x0000000700000000, 0x0000000800000000)
  region size 2048K, 123 young (251904K), 2 survivors (4096K)
 Metaspace       used 177105K, committed 180160K, reserved 1245184K
  class space    used 24553K, committed 25856K, reserved 1048576K
}
Event: 4993.978 GC heap after
{Heap after GC invocations=79 (full 0):
 garbage-first heap   total 577536K, used 239159K [0x0000000700000000, 0x0000000800000000)
  region size 2048K, 15 young (30720K), 15 survivors (30720K)
 Metaspace       used 177105K, committed 180160K, reserved 1245184K
  class space    used 24553K, committed 25856K, reserved 1048576K
}
Event: 4995.163 GC heap before
{Heap before GC invocations=80 (full 0):
 garbage-first heap   total 577536K, used 446007K [0x0000000700000000, 0x0000000800000000)
  region size 2048K, 121 young (247808K), 15 survivors (30720K)
 Metaspace       used 191473K, committed 194176K, reserved 1245184K
  class space    used 26422K, committed 27584K, reserved 1048576K
}
Event: 4995.180 GC heap after
{Heap after GC invocations=81 (full 0):
 garbage-first heap   total 577536K, used 245680K [0x0000000700000000, 0x0000000800000000)
  region size 2048K, 8 young (16384K), 8 survivors (16384K)
 Metaspace       used 191473K, committed 194176K, reserved 1245184K
  class space    used 26422K, committed 27584K, reserved 1048576K
}
Event: 4995.268 GC heap before
{Heap before GC invocations=81 (full 0):
 garbage-first heap   total 577536K, used 257968K [0x0000000700000000, 0x0000000800000000)
  region size 2048K, 14 young (28672K), 8 survivors (16384K)
 Metaspace       used 193548K, committed 196288K, reserved 1245184K
  class space    used 26836K, committed 28032K, reserved 1048576K
}
Event: 4995.290 GC heap after
{Heap after GC invocations=82 (full 0):
 garbage-first heap   total 577536K, used 217893K [0x0000000700000000, 0x0000000800000000)
  region size 2048K, 2 young (4096K), 2 survivors (4096K)
 Metaspace       used 193548K, committed 196288K, reserved 1245184K
  class space    used 26836K, committed 28032K, reserved 1048576K
}
Event: 4996.379 GC heap before
{Heap before GC invocations=82 (full 0):
 garbage-first heap   total 577536K, used 455461K [0x0000000700000000, 0x0000000800000000)
  region size 2048K, 119 young (243712K), 2 survivors (4096K)
 Metaspace       used 204332K, committed 207232K, reserved 1245184K
  class space    used 28474K, committed 29696K, reserved 1048576K
}

