# JRE version: OpenJDK Runtime Environment Microsoft-8902769 (17.0.10+7) (build 17.0.10+7-LTS)
# Java VM: OpenJDK 64-Bit Server VM Microsoft-8902769 (17.0.10+7-LTS, mixed mode, sharing, tiered, compressed oops, compressed class ptrs, g1 gc, windows-amd64)
GC Precious Log:
 CPUs: 8 total, 8 available
 Memory: 16082M
 Large Page Support: Disabled
 NUMA Support: Disabled
 Compressed Oops: Enabled (Zero based)
 Heap Region Size: 2M
 Heap Min Capacity: 8M
 Heap Initial Capacity: 252M
 Heap Max Capacity: 4G
 Pre-touch: Disabled
 Parallel Workers: 8
 Concurrent Workers: 2
 Concurrent Refinement Workers: 8
 Periodic GC: Disabled
Heap:
 garbage-first heap   total 618496K, used 323976K [0x0000000700000000, 0x0000000800000000)
  region size 2048K, 71 young (145408K), 17 survivors (34816K)
 Metaspace       used 93444K, committed 94656K, reserved 1179648K
  class space    used 12738K, committed 13312K, reserved 1048576K
GC Heap History (20 events):
Event: 47.900 GC heap before
{Heap before GC invocations=42 (full 0):
 garbage-first heap   total 188416K, used 136235K [0x0000000700000000, 0x0000000800000000)
  region size 2048K, 17 young (34816K), 3 survivors (6144K)
 Metaspace       used 87042K, committed 87936K, reserved 1179648K
  class space    used 12058K, committed 12480K, reserved 1048576K
}
Event: 47.905 GC heap after
{Heap after GC invocations=43 (full 0):
 garbage-first heap   total 188416K, used 113178K [0x0000000700000000, 0x0000000800000000)
  region size 2048K, 3 young (6144K), 3 survivors (6144K)
 Metaspace       used 87042K, committed 87936K, reserved 1179648K
  class space    used 12058K, committed 12480K, reserved 1048576K
}
Event: 47.919 GC heap before
{Heap before GC invocations=43 (full 0):
 garbage-first heap   total 188416K, used 113178K [0x0000000700000000, 0x0000000800000000)
  region size 2048K, 4 young (8192K), 3 survivors (6144K)
 Metaspace       used 87045K, committed 87936K, reserved 1179648K
  class space    used 12058K, committed 12480K, reserved 1048576K
}
Event: 47.923 GC heap after
{Heap after GC invocations=44 (full 0):
 garbage-first heap   total 227328K, used 112720K [0x0000000700000000, 0x0000000800000000)
  region size 2048K, 1 young (2048K), 1 survivors (2048K)
 Metaspace       used 87045K, committed 87936K, reserved 1179648K
  class space    used 12058K, committed 12480K, reserved 1048576K
}
Event: 48.050 GC heap before
{Heap before GC invocations=44 (full 0):
 garbage-first heap   total 227328K, used 125008K [0x0000000700000000, 0x0000000800000000)
  region size 2048K, 9 young (18432K), 1 survivors (2048K)
 Metaspace       used 87129K, committed 88000K, reserved 1179648K
  class space    used 12069K, committed 12480K, reserved 1048576K
}
Event: 48.053 GC heap after
{Heap after GC invocations=45 (full 0):
 garbage-first heap   total 227328K, used 118234K [0x0000000700000000, 0x0000000800000000)
  region size 2048K, 4 young (8192K), 4 survivors (8192K)
 Metaspace       used 87129K, committed 88000K, reserved 1179648K
  class space    used 12069K, committed 12480K, reserved 1048576K
}
Event: 48.725 GC heap before
{Heap before GC invocations=46 (full 0):
 garbage-first heap   total 227328K, used 179674K [0x0000000700000000, 0x0000000800000000)
  region size 2048K, 32 young (65536K), 4 survivors (8192K)
 Metaspace       used 87923K, committed 88896K, reserved 1179648K
  class space    used 12166K, committed 12608K, reserved 1048576K
}
Event: 48.734 GC heap after
{Heap after GC invocations=47 (full 0):
 garbage-first heap   total 227328K, used 134064K [0x0000000700000000, 0x0000000800000000)
  region size 2048K, 4 young (8192K), 4 survivors (8192K)
 Metaspace       used 87923K, committed 88896K, reserved 1179648K
  class space    used 12166K, committed 12608K, reserved 1048576K
}
Event: 48.742 GC heap before
{Heap before GC invocations=47 (full 0):
 garbage-first heap   total 227328K, used 134064K [0x0000000700000000, 0x0000000800000000)
  region size 2048K, 5 young (10240K), 4 survivors (8192K)
 Metaspace       used 87923K, committed 88896K, reserved 1179648K
  class space    used 12166K, committed 12608K, reserved 1048576K
}
Event: 48.749 GC heap after
{Heap after GC invocations=48 (full 0):
 garbage-first heap   total 227328K, used 134954K [0x0000000700000000, 0x0000000800000000)
  region size 2048K, 1 young (2048K), 1 survivors (2048K)
 Metaspace       used 87923K, committed 88896K, reserved 1179648K
  class space    used 12166K, committed 12608K, reserved 1048576K
}
Event: 53.699 GC heap before
{Heap before GC invocations=48 (full 0):
 garbage-first heap   total 227328K, used 177962K [0x0000000700000000, 0x0000000800000000)
  region size 2048K, 22 young (45056K), 1 survivors (2048K)
 Metaspace       used 88936K, committed 89920K, reserved 1179648K
  class space    used 12310K, committed 12800K, reserved 1048576K
}
Event: 53.705 GC heap after
{Heap after GC invocations=49 (full 0):
 garbage-first heap   total 227328K, used 139743K [0x0000000700000000, 0x0000000800000000)
  region size 2048K, 3 young (6144K), 3 survivors (6144K)
 Metaspace       used 88936K, committed 89920K, reserved 1179648K
  class space    used 12310K, committed 12800K, reserved 1048576K
}
Event: 54.060 GC heap before
{Heap before GC invocations=50 (full 0):
 garbage-first heap   total 260096K, used 180703K [0x0000000700000000, 0x0000000800000000)
  region size 2048K, 23 young (47104K), 3 survivors (6144K)
 Metaspace       used 89164K, committed 90176K, reserved 1179648K
  class space    used 12324K, committed 12800K, reserved 1048576K
}
Event: 54.069 GC heap after
{Heap after GC invocations=51 (full 0):
 garbage-first heap   total 260096K, used 143891K [0x0000000700000000, 0x0000000800000000)
  region size 2048K, 3 young (6144K), 3 survivors (6144K)
 Metaspace       used 89164K, committed 90176K, reserved 1179648K
  class space    used 12324K, committed 12800K, reserved 1048576K
}
Event: 54.134 GC heap before
{Heap before GC invocations=51 (full 0):
 garbage-first heap   total 260096K, used 150035K [0x0000000700000000, 0x0000000800000000)
  region size 2048K, 6 young (12288K), 3 survivors (6144K)
 Metaspace       used 89187K, committed 90240K, reserved 1179648K
  class space    used 12325K, committed 12800K, reserved 1048576K
}
Event: 54.140 GC heap after
{Heap after GC invocations=52 (full 0):
 garbage-first heap   total 618496K, used 144444K [0x0000000700000000, 0x0000000800000000)
  region size 2048K, 1 young (2048K), 1 survivors (2048K)
 Metaspace       used 89187K, committed 90240K, reserved 1179648K
  class space    used 12325K, committed 12800K, reserved 1048576K
}
Event: 57.406 GC heap before
{Heap before GC invocations=52 (full 0):
 garbage-first heap   total 618496K, used 418876K [0x0000000700000000, 0x0000000800000000)
  region size 2048K, 135 young (276480K), 1 survivors (2048K)
 Metaspace       used 92101K, committed 93184K, reserved 1179648K
  class space    used 12641K, committed 13184K, reserved 1048576K
}
Event: 57.431 GC heap after
{Heap after GC invocations=53 (full 0):
 garbage-first heap   total 618496K, used 178731K [0x0000000700000000, 0x0000000800000000)
  region size 2048K, 17 young (34816K), 17 survivors (34816K)
 Metaspace       used 92101K, committed 93184K, reserved 1179648K
  class space    used 12641K, committed 13184K, reserved 1048576K
}
Event: 59.766 GC heap before
{Heap before GC invocations=53 (full 0):
 garbage-first heap   total 618496K, used 420395K [0x0000000700000000, 0x0000000800000000)
  region size 2048K, 135 young (276480K), 17 survivors (34816K)
 Metaspace       used 93136K, committed 94400K, reserved 1179648K
  class space    used 12722K, committed 13312K, reserved 1048576K
}
Event: 59.807 GC heap after
{Heap after GC invocations=54 (full 0):
 garbage-first heap   total 618496K, used 215432K [0x0000000700000000, 0x0000000800000000)
  region size 2048K, 17 young (34816K), 17 survivors (34816K)
 Metaspace       used 93136K, committed 94400K, reserved 1179648K
  class space    used 12722K, committed 13312K, reserved 1048576K
}

