# JRE version: OpenJDK Runtime Environment (17.0.9) (build 17.0.9+0--11185874)
# Java VM: OpenJDK 64-Bit Server VM (17.0.9+0--11185874, mixed mode, tiered, compressed oops, compressed class ptrs, g1 gc, windows-amd64)
GC Precious Log:
 CPUs: 8 total, 8 available
 Memory: 16082M
 Large Page Support: Disabled
 NUMA Support: Disabled
 Compressed Oops: Enabled (Zero based)
 Heap Region Size: 2M
 Heap Min Capacity: 8M
 Heap Initial Capacity: 252M
 Heap Max Capacity: 4G
 Pre-touch: Disabled
 Parallel Workers: 8
 Concurrent Workers: 2
 Concurrent Refinement Workers: 8
 Periodic GC: Disabled
Heap:
 garbage-first heap   total 645120K, used 387766K [0x0000000700000000, 0x0000000800000000)
  region size 2048K, 4 young (8192K), 4 survivors (8192K)
 Metaspace       used 162577K, committed 164992K, reserved 1245184K
  class space    used 21746K, committed 22848K, reserved 1048576K
GC Heap History (20 events):
Event: 2420.935 GC heap after
{Heap after GC invocations=95 (full 1):
 garbage-first heap   total 604160K, used 242800K [0x0000000700000000, 0x0000000800000000)
  region size 2048K, 2 young (4096K), 2 survivors (4096K)
 Metaspace       used 121223K, committed 123456K, reserved 1179648K
  class space    used 16397K, committed 17408K, reserved 1048576K
}
Event: 2859.858 GC heap before
{Heap before GC invocations=95 (full 1):
 garbage-first heap   total 604160K, used 447600K [0x0000000700000000, 0x0000000800000000)
  region size 2048K, 102 young (208896K), 2 survivors (4096K)
 Metaspace       used 121404K, committed 123584K, reserved 1179648K
  class space    used 16403K, committed 17408K, reserved 1048576K
}
Event: 2859.876 GC heap after
{Heap after GC invocations=96 (full 1):
 garbage-first heap   total 604160K, used 271930K [0x0000000700000000, 0x0000000800000000)
  region size 2048K, 13 young (26624K), 13 survivors (26624K)
 Metaspace       used 121404K, committed 123584K, reserved 1179648K
  class space    used 16403K, committed 17408K, reserved 1048576K
}
Event: 2871.555 GC heap before
{Heap before GC invocations=97 (full 1):
 garbage-first heap   total 604160K, used 435770K [0x0000000700000000, 0x0000000800000000)
  region size 2048K, 104 young (212992K), 13 survivors (26624K)
 Metaspace       used 135401K, committed 137664K, reserved 1179648K
  class space    used 17986K, committed 19008K, reserved 1048576K
}
Event: 2871.572 GC heap after
{Heap after GC invocations=98 (full 1):
 garbage-first heap   total 604160K, used 261135K [0x0000000700000000, 0x0000000800000000)
  region size 2048K, 6 young (12288K), 6 survivors (12288K)
 Metaspace       used 135401K, committed 137664K, reserved 1179648K
  class space    used 17986K, committed 19008K, reserved 1048576K
}
Event: 2871.695 GC heap before
{Heap before GC invocations=98 (full 1):
 garbage-first heap   total 604160K, used 279567K [0x0000000700000000, 0x0000000800000000)
  region size 2048K, 14 young (28672K), 6 survivors (12288K)
 Metaspace       used 137436K, committed 139712K, reserved 1179648K
  class space    used 18220K, committed 19264K, reserved 1048576K
}
Event: 2871.703 GC heap after
{Heap after GC invocations=99 (full 1):
 garbage-first heap   total 604160K, used 247139K [0x0000000700000000, 0x0000000800000000)
  region size 2048K, 2 young (4096K), 2 survivors (4096K)
 Metaspace       used 137436K, committed 139712K, reserved 1179648K
  class space    used 18220K, committed 19264K, reserved 1048576K
}
Event: 2872.581 GC heap before
{Heap before GC invocations=99 (full 1):
 garbage-first heap   total 604160K, used 318819K [0x0000000700000000, 0x0000000800000000)
  region size 2048K, 38 young (77824K), 2 survivors (4096K)
 Metaspace       used 141822K, committed 144128K, reserved 1179648K
  class space    used 18777K, committed 19840K, reserved 1048576K
}
Event: 2872.591 GC heap after
{Heap after GC invocations=100 (full 1):
 garbage-first heap   total 604160K, used 253930K [0x0000000700000000, 0x0000000800000000)
  region size 2048K, 7 young (14336K), 7 survivors (14336K)
 Metaspace       used 141822K, committed 144128K, reserved 1179648K
  class space    used 18777K, committed 19840K, reserved 1048576K
}
Event: 2874.889 GC heap before
{Heap before GC invocations=101 (full 1):
 garbage-first heap   total 645120K, used 559082K [0x0000000700000000, 0x0000000800000000)
  region size 2048K, 108 young (221184K), 7 survivors (14336K)
 Metaspace       used 148529K, committed 150912K, reserved 1179648K
  class space    used 19574K, committed 20672K, reserved 1048576K
}
Event: 2874.904 GC heap after
{Heap after GC invocations=102 (full 1):
 garbage-first heap   total 645120K, used 331627K [0x0000000700000000, 0x0000000800000000)
  region size 2048K, 13 young (26624K), 13 survivors (26624K)
 Metaspace       used 148529K, committed 150912K, reserved 1179648K
  class space    used 19574K, committed 20672K, reserved 1048576K
}
Event: 2874.951 GC heap before
{Heap before GC invocations=102 (full 1):
 garbage-first heap   total 645120K, used 335723K [0x0000000700000000, 0x0000000800000000)
  region size 2048K, 16 young (32768K), 13 survivors (26624K)
 Metaspace       used 149069K, committed 151488K, reserved 1179648K
  class space    used 19636K, committed 20736K, reserved 1048576K
}
Event: 2874.960 GC heap after
{Heap after GC invocations=103 (full 1):
 garbage-first heap   total 645120K, used 305361K [0x0000000700000000, 0x0000000800000000)
  region size 2048K, 2 young (4096K), 2 survivors (4096K)
 Metaspace       used 149069K, committed 151488K, reserved 1179648K
  class space    used 19636K, committed 20736K, reserved 1048576K
}
Event: 2875.007 GC heap before
{Heap before GC invocations=103 (full 1):
 garbage-first heap   total 645120K, used 307409K [0x0000000700000000, 0x0000000800000000)
  region size 2048K, 5 young (10240K), 2 survivors (4096K)
 Metaspace       used 149403K, committed 151808K, reserved 1179648K
  class space    used 19680K, committed 20800K, reserved 1048576K
}
Event: 2875.009 GC heap after
{Heap after GC invocations=104 (full 1):
 garbage-first heap   total 645120K, used 304122K [0x0000000700000000, 0x0000000800000000)
  region size 2048K, 2 young (4096K), 2 survivors (4096K)
 Metaspace       used 149403K, committed 151808K, reserved 1179648K
  class space    used 19680K, committed 20800K, reserved 1048576K
}
Event: 2876.360 GC heap before
{Heap before GC invocations=105 (full 1):
 garbage-first heap   total 645120K, used 537594K [0x0000000700000000, 0x0000000800000000)
  region size 2048K, 104 young (212992K), 2 survivors (4096K)
 Metaspace       used 160250K, committed 162624K, reserved 1245184K
  class space    used 21468K, committed 22528K, reserved 1048576K
}
Event: 2876.400 GC heap after
{Heap after GC invocations=106 (full 1):
 garbage-first heap   total 645120K, used 382664K [0x0000000700000000, 0x0000000800000000)
  region size 2048K, 13 young (26624K), 13 survivors (26624K)
 Metaspace       used 160250K, committed 162624K, reserved 1245184K
  class space    used 21468K, committed 22528K, reserved 1048576K
}
Event: 2876.438 GC heap before
{Heap before GC invocations=106 (full 1):
 garbage-first heap   total 645120K, used 386760K [0x0000000700000000, 0x0000000800000000)
  region size 2048K, 15 young (30720K), 13 survivors (26624K)
 Metaspace       used 160324K, committed 162752K, reserved 1245184K
  class space    used 21477K, committed 22592K, reserved 1048576K
}
Event: 2876.463 GC heap after
{Heap after GC invocations=107 (full 1):
 garbage-first heap   total 645120K, used 383898K [0x0000000700000000, 0x0000000800000000)
  region size 2048K, 2 young (4096K), 2 survivors (4096K)
 Metaspace       used 160324K, committed 162752K, reserved 1245184K
  class space    used 21477K, committed 22592K, reserved 1048576K
}
Event: 2877.430 GC heap before
{Heap before GC invocations=107 (full 1):
 garbage-first heap   total 645120K, used 461722K [0x0000000700000000, 0x0000000800000000)
  region size 2048K, 42 young (86016K), 2 survivors (4096K)
 Metaspace       used 162577K, committed 164992K, reserved 1245184K
  class space    used 21746K, committed 22848K, reserved 1048576K
}

