# JRE version: OpenJDK Runtime Environment (17.0.9) (build 17.0.9+0--11185874)
# Java VM: OpenJDK 64-Bit Server VM (17.0.9+0--11185874, mixed mode, tiered, compressed oops, compressed class ptrs, g1 gc, windows-amd64)
GC Precious Log:
 CPUs: 8 total, 8 available
 Memory: 16082M
 Large Page Support: Disabled
 NUMA Support: Disabled
 Compressed Oops: Enabled (Zero based)
 Heap Region Size: 2M
 Heap Min Capacity: 8M
 Heap Initial Capacity: 252M
 Heap Max Capacity: 4G
 Pre-touch: Disabled
 Parallel Workers: 8
 Concurrent Workers: 2
 Concurrent Refinement Workers: 8
 Periodic GC: Disabled
Heap:
 garbage-first heap   total 473088K, used 306360K [0x0000000700000000, 0x0000000800000000)
  region size 2048K, 5 young (10240K), 5 survivors (10240K)
 Metaspace       used 142702K, committed 144000K, reserved 1179648K
  class space    used 19594K, committed 20160K, reserved 1048576K
GC Heap History (20 events):
Event: 10.082 GC heap after
{Heap after GC invocations=47 (full 0):
 garbage-first heap   total 253952K, used 131585K [0x0000000700000000, 0x0000000800000000)
  region size 2048K, 4 young (8192K), 4 survivors (8192K)
 Metaspace       used 97041K, committed 98048K, reserved 1179648K
  class space    used 13460K, committed 13888K, reserved 1048576K
}
Event: 10.500 GC heap before
{Heap before GC invocations=47 (full 0):
 garbage-first heap   total 253952K, used 178689K [0x0000000700000000, 0x0000000800000000)
  region size 2048K, 27 young (55296K), 4 survivors (8192K)
 Metaspace       used 99457K, committed 100480K, reserved 1179648K
  class space    used 13797K, committed 14208K, reserved 1048576K
}
Event: 10.507 GC heap after
{Heap after GC invocations=48 (full 0):
 garbage-first heap   total 253952K, used 139654K [0x0000000700000000, 0x0000000800000000)
  region size 2048K, 4 young (8192K), 4 survivors (8192K)
 Metaspace       used 99457K, committed 100480K, reserved 1179648K
  class space    used 13797K, committed 14208K, reserved 1048576K
}
Event: 10.957 GC heap before
{Heap before GC invocations=49 (full 0):
 garbage-first heap   total 253952K, used 184710K [0x0000000700000000, 0x0000000800000000)
  region size 2048K, 26 young (53248K), 4 survivors (8192K)
 Metaspace       used 104102K, committed 105088K, reserved 1179648K
  class space    used 14425K, committed 14848K, reserved 1048576K
}
Event: 10.964 GC heap after
{Heap after GC invocations=50 (full 0):
 garbage-first heap   total 253952K, used 145371K [0x0000000700000000, 0x0000000800000000)
  region size 2048K, 3 young (6144K), 3 survivors (6144K)
 Metaspace       used 104102K, committed 105088K, reserved 1179648K
  class space    used 14425K, committed 14848K, reserved 1048576K
}
Event: 11.017 GC heap before
{Heap before GC invocations=50 (full 0):
 garbage-first heap   total 253952K, used 151515K [0x0000000700000000, 0x0000000800000000)
  region size 2048K, 6 young (12288K), 3 survivors (6144K)
 Metaspace       used 104300K, committed 105344K, reserved 1179648K
  class space    used 14453K, committed 14912K, reserved 1048576K
}
Event: 11.023 GC heap after
{Heap after GC invocations=51 (full 0):
 garbage-first heap   total 473088K, used 146316K [0x0000000700000000, 0x0000000800000000)
  region size 2048K, 1 young (2048K), 1 survivors (2048K)
 Metaspace       used 104300K, committed 105344K, reserved 1179648K
  class space    used 14453K, committed 14912K, reserved 1048576K
}
Event: 13.779 GC heap before
{Heap before GC invocations=51 (full 0):
 garbage-first heap   total 473088K, used 281484K [0x0000000700000000, 0x0000000800000000)
  region size 2048K, 68 young (139264K), 1 survivors (2048K)
 Metaspace       used 107699K, committed 108800K, reserved 1179648K
  class space    used 15001K, committed 15488K, reserved 1048576K
}
Event: 13.791 GC heap after
{Heap after GC invocations=52 (full 0):
 garbage-first heap   total 473088K, used 160652K [0x0000000700000000, 0x0000000800000000)
  region size 2048K, 8 young (16384K), 8 survivors (16384K)
 Metaspace       used 107699K, committed 108800K, reserved 1179648K
  class space    used 15001K, committed 15488K, reserved 1048576K
}
Event: 16.204 GC heap before
{Heap before GC invocations=52 (full 0):
 garbage-first heap   total 473088K, used 322444K [0x0000000700000000, 0x0000000800000000)
  region size 2048K, 88 young (180224K), 8 survivors (16384K)
 Metaspace       used 114082K, committed 115328K, reserved 1179648K
  class space    used 15716K, committed 16256K, reserved 1048576K
}
Event: 16.224 GC heap after
{Heap after GC invocations=53 (full 0):
 garbage-first heap   total 473088K, used 176154K [0x0000000700000000, 0x0000000800000000)
  region size 2048K, 8 young (16384K), 8 survivors (16384K)
 Metaspace       used 114082K, committed 115328K, reserved 1179648K
  class space    used 15716K, committed 16256K, reserved 1048576K
}
Event: 18.014 GC heap before
{Heap before GC invocations=53 (full 0):
 garbage-first heap   total 473088K, used 376858K [0x0000000700000000, 0x0000000800000000)
  region size 2048K, 92 young (188416K), 8 survivors (16384K)
 Metaspace       used 123750K, committed 124928K, reserved 1179648K
  class space    used 17223K, committed 17728K, reserved 1048576K
}
Event: 18.059 GC heap after
{Heap after GC invocations=54 (full 0):
 garbage-first heap   total 473088K, used 242865K [0x0000000700000000, 0x0000000800000000)
  region size 2048K, 12 young (24576K), 12 survivors (24576K)
 Metaspace       used 123750K, committed 124928K, reserved 1179648K
  class space    used 17223K, committed 17728K, reserved 1048576K
}
Event: 19.738 GC heap before
{Heap before GC invocations=54 (full 0):
 garbage-first heap   total 473088K, used 355505K [0x0000000700000000, 0x0000000800000000)
  region size 2048K, 67 young (137216K), 12 survivors (24576K)
 Metaspace       used 132279K, committed 133568K, reserved 1179648K
  class space    used 18413K, committed 18944K, reserved 1048576K
}
Event: 19.771 GC heap after
{Heap after GC invocations=55 (full 0):
 garbage-first heap   total 473088K, used 267624K [0x0000000700000000, 0x0000000800000000)
  region size 2048K, 9 young (18432K), 9 survivors (18432K)
 Metaspace       used 132279K, committed 133568K, reserved 1179648K
  class space    used 18413K, committed 18944K, reserved 1048576K
}
Event: 21.012 GC heap before
{Heap before GC invocations=55 (full 0):
 garbage-first heap   total 473088K, used 372072K [0x0000000700000000, 0x0000000800000000)
  region size 2048K, 57 young (116736K), 9 survivors (18432K)
 Metaspace       used 137540K, committed 138816K, reserved 1179648K
  class space    used 18976K, committed 19584K, reserved 1048576K
}
Event: 21.033 GC heap after
{Heap after GC invocations=56 (full 0):
 garbage-first heap   total 473088K, used 290187K [0x0000000700000000, 0x0000000800000000)
  region size 2048K, 5 young (10240K), 5 survivors (10240K)
 Metaspace       used 137540K, committed 138816K, reserved 1179648K
  class space    used 18976K, committed 19584K, reserved 1048576K
}
Event: 21.539 GC heap before
{Heap before GC invocations=56 (full 0):
 garbage-first heap   total 473088K, used 378251K [0x0000000700000000, 0x0000000800000000)
  region size 2048K, 48 young (98304K), 5 survivors (10240K)
 Metaspace       used 140084K, committed 141376K, reserved 1179648K
  class space    used 19232K, committed 19776K, reserved 1048576K
}
Event: 21.553 GC heap after
{Heap after GC invocations=57 (full 0):
 garbage-first heap   total 473088K, used 297601K [0x0000000700000000, 0x0000000800000000)
  region size 2048K, 6 young (12288K), 6 survivors (12288K)
 Metaspace       used 140084K, committed 141376K, reserved 1179648K
  class space    used 19232K, committed 19776K, reserved 1048576K
}
Event: 22.344 GC heap before
{Heap before GC invocations=57 (full 0):
 garbage-first heap   total 473088K, used 387713K [0x0000000700000000, 0x0000000800000000)
  region size 2048K, 47 young (96256K), 6 survivors (12288K)
 Metaspace       used 142702K, committed 144000K, reserved 1179648K
  class space    used 19594K, committed 20160K, reserved 1048576K
}

