# JRE version: OpenJDK Runtime Environment Microsoft-8902769 (17.0.10+7) (build 17.0.10+7-LTS)
# Java VM: OpenJDK 64-Bit Server VM Microsoft-8902769 (17.0.10+7-LTS, mixed mode, sharing, tiered, compressed oops, compressed class ptrs, g1 gc, windows-amd64)
GC Precious Log:
 CPUs: 8 total, 8 available
 Memory: 16082M
 Large Page Support: Disabled
 NUMA Support: Disabled
 Compressed Oops: Enabled (Zero based)
 Heap Region Size: 2M
 Heap Min Capacity: 8M
 Heap Initial Capacity: 252M
 Heap Max Capacity: 4G
 Pre-touch: Disabled
 Parallel Workers: 8
 Concurrent Workers: 2
 Concurrent Refinement Workers: 8
 Periodic GC: Disabled
Heap:
 garbage-first heap   total 718848K, used 634473K [0x0000000700000000, 0x0000000800000000)
  region size 2048K, 2 young (4096K), 1 survivors (2048K)
 Metaspace       used 143107K, committed 144448K, reserved 1179648K
  class space    used 19258K, committed 19840K, reserved 1048576K
GC Heap History (20 events):
Event: 64.427 GC heap before
{Heap before GC invocations=60 (full 0):
 garbage-first heap   total 624640K, used 455236K [0x0000000700000000, 0x0000000800000000)
  region size 2048K, 91 young (186368K), 7 survivors (14336K)
 Metaspace       used 137190K, committed 138496K, reserved 1179648K
  class space    used 18679K, committed 19264K, reserved 1048576K
}
Event: 64.446 GC heap after
{Heap after GC invocations=61 (full 0):
 garbage-first heap   total 624640K, used 300901K [0x0000000700000000, 0x0000000800000000)
  region size 2048K, 7 young (14336K), 7 survivors (14336K)
 Metaspace       used 137190K, committed 138496K, reserved 1179648K
  class space    used 18679K, committed 19264K, reserved 1048576K
}
Event: 64.541 GC heap before
{Heap before GC invocations=61 (full 0):
 garbage-first heap   total 624640K, used 317285K [0x0000000700000000, 0x0000000800000000)
  region size 2048K, 15 young (30720K), 7 survivors (14336K)
 Metaspace       used 137344K, committed 138624K, reserved 1179648K
  class space    used 18682K, committed 19264K, reserved 1048576K
}
Event: 64.552 GC heap after
{Heap after GC invocations=62 (full 0):
 garbage-first heap   total 624640K, used 302599K [0x0000000700000000, 0x0000000800000000)
  region size 2048K, 2 young (4096K), 2 survivors (4096K)
 Metaspace       used 137344K, committed 138624K, reserved 1179648K
  class space    used 18682K, committed 19264K, reserved 1048576K
}
Event: 65.690 GC heap before
{Heap before GC invocations=62 (full 0):
 garbage-first heap   total 624640K, used 476679K [0x0000000700000000, 0x0000000800000000)
  region size 2048K, 83 young (169984K), 2 survivors (4096K)
 Metaspace       used 138560K, committed 139904K, reserved 1179648K
  class space    used 18731K, committed 19328K, reserved 1048576K
}
Event: 65.699 GC heap after
{Heap after GC invocations=63 (full 0):
 garbage-first heap   total 624640K, used 325174K [0x0000000700000000, 0x0000000800000000)
  region size 2048K, 9 young (18432K), 9 survivors (18432K)
 Metaspace       used 138560K, committed 139904K, reserved 1179648K
  class space    used 18731K, committed 19328K, reserved 1048576K
}
Event: 65.746 GC heap before
{Heap before GC invocations=63 (full 0):
 garbage-first heap   total 624640K, used 345654K [0x0000000700000000, 0x0000000800000000)
  region size 2048K, 21 young (43008K), 9 survivors (18432K)
 Metaspace       used 138560K, committed 139904K, reserved 1179648K
  class space    used 18731K, committed 19328K, reserved 1048576K
}
Event: 65.755 GC heap after
{Heap after GC invocations=64 (full 0):
 garbage-first heap   total 624640K, used 321247K [0x0000000700000000, 0x0000000800000000)
  region size 2048K, 1 young (2048K), 1 survivors (2048K)
 Metaspace       used 138560K, committed 139904K, reserved 1179648K
  class space    used 18731K, committed 19328K, reserved 1048576K
}
Event: 66.604 GC heap before
{Heap before GC invocations=65 (full 0):
 garbage-first heap   total 638976K, used 509663K [0x0000000700000000, 0x0000000800000000)
  region size 2048K, 84 young (172032K), 1 survivors (2048K)
 Metaspace       used 141666K, committed 143040K, reserved 1179648K
  class space    used 19084K, committed 19712K, reserved 1048576K
}
Event: 66.612 GC heap after
{Heap after GC invocations=66 (full 0):
 garbage-first heap   total 638976K, used 321455K [0x0000000700000000, 0x0000000800000000)
  region size 2048K, 5 young (10240K), 5 survivors (10240K)
 Metaspace       used 141666K, committed 143040K, reserved 1179648K
  class space    used 19084K, committed 19712K, reserved 1048576K
}
Event: 67.047 GC heap before
{Heap before GC invocations=66 (full 0):
 garbage-first heap   total 638976K, used 346031K [0x0000000700000000, 0x0000000800000000)
  region size 2048K, 15 young (30720K), 5 survivors (10240K)
 Metaspace       used 141827K, committed 143168K, reserved 1179648K
  class space    used 19092K, committed 19712K, reserved 1048576K
}
Event: 67.054 GC heap after
{Heap after GC invocations=67 (full 0):
 garbage-first heap   total 638976K, used 312512K [0x0000000700000000, 0x0000000800000000)
  region size 2048K, 2 young (4096K), 2 survivors (4096K)
 Metaspace       used 141827K, committed 143168K, reserved 1179648K
  class space    used 19092K, committed 19712K, reserved 1048576K
}
Event: 67.571 GC heap before
{Heap before GC invocations=67 (full 0):
 garbage-first heap   total 638976K, used 349376K [0x0000000700000000, 0x0000000800000000)
  region size 2048K, 16 young (32768K), 2 survivors (4096K)
 Metaspace       used 143079K, committed 144448K, reserved 1179648K
  class space    used 19252K, committed 19840K, reserved 1048576K
}
Event: 67.575 GC heap after
{Heap after GC invocations=68 (full 0):
 garbage-first heap   total 638976K, used 323045K [0x0000000700000000, 0x0000000800000000)
  region size 2048K, 3 young (6144K), 3 survivors (6144K)
 Metaspace       used 143079K, committed 144448K, reserved 1179648K
  class space    used 19252K, committed 19840K, reserved 1048576K
}
Event: 67.583 GC heap before
{Heap before GC invocations=68 (full 0):
 garbage-first heap   total 638976K, used 357861K [0x0000000700000000, 0x0000000800000000)
  region size 2048K, 4 young (8192K), 3 survivors (6144K)
 Metaspace       used 143084K, committed 144448K, reserved 1179648K
  class space    used 19252K, committed 19840K, reserved 1048576K
}
Event: 67.586 GC heap after
{Heap after GC invocations=69 (full 0):
 garbage-first heap   total 638976K, used 357970K [0x0000000700000000, 0x0000000800000000)
  region size 2048K, 3 young (6144K), 3 survivors (6144K)
 Metaspace       used 143084K, committed 144448K, reserved 1179648K
  class space    used 19252K, committed 19840K, reserved 1048576K
}
Event: 67.714 GC heap before
{Heap before GC invocations=69 (full 0):
 garbage-first heap   total 638976K, used 589394K [0x0000000700000000, 0x0000000800000000)
  region size 2048K, 4 young (8192K), 3 survivors (6144K)
 Metaspace       used 143112K, committed 144448K, reserved 1179648K
  class space    used 19259K, committed 19840K, reserved 1048576K
}
Event: 67.717 GC heap after
{Heap after GC invocations=70 (full 0):
 garbage-first heap   total 638976K, used 588983K [0x0000000700000000, 0x0000000800000000)
  region size 2048K, 3 young (6144K), 3 survivors (6144K)
 Metaspace       used 143112K, committed 144448K, reserved 1179648K
  class space    used 19259K, committed 19840K, reserved 1048576K
}
Event: 67.720 GC heap before
{Heap before GC invocations=70 (full 0):
 garbage-first heap   total 638976K, used 588983K [0x0000000700000000, 0x0000000800000000)
  region size 2048K, 4 young (8192K), 3 survivors (6144K)
 Metaspace       used 143112K, committed 144448K, reserved 1179648K
  class space    used 19259K, committed 19840K, reserved 1048576K
}
Event: 67.722 GC heap after
{Heap after GC invocations=71 (full 0):
 garbage-first heap   total 638976K, used 589417K [0x0000000700000000, 0x0000000800000000)
  region size 2048K, 1 young (2048K), 1 survivors (2048K)
 Metaspace       used 143112K, committed 144448K, reserved 1179648K
  class space    used 19259K, committed 19840K, reserved 1048576K
}

