# JRE version: OpenJDK Runtime Environment (17.0.9) (build 17.0.9+0--11185874)
# Java VM: OpenJDK 64-Bit Server VM (17.0.9+0--11185874, mixed mode, tiered, compressed oops, compressed class ptrs, g1 gc, windows-amd64)
GC Precious Log:
 CPUs: 8 total, 8 available
 Memory: 16082M
 Large Page Support: Disabled
 NUMA Support: Disabled
 Compressed Oops: Enabled (Zero based)
 Heap Region Size: 2M
 Heap Min Capacity: 8M
 Heap Initial Capacity: 252M
 Heap Max Capacity: 4G
 Pre-touch: Disabled
 Parallel Workers: 8
 Concurrent Workers: 2
 Concurrent Refinement Workers: 8
 Periodic GC: Disabled
Heap:
 garbage-first heap   total 552960K, used 330592K [0x0000000700000000, 0x0000000800000000)
  region size 2048K, 17 young (34816K), 12 survivors (24576K)
 Metaspace       used 145210K, committed 146560K, reserved 1179648K
  class space    used 19474K, committed 20096K, reserved 1048576K
GC Heap History (20 events):
Event: 24.085 GC heap before
{Heap before GC invocations=48 (full 0):
 garbage-first heap   total 299008K, used 222297K [0x0000000700000000, 0x0000000800000000)
  region size 2048K, 40 young (81920K), 6 survivors (12288K)
 Metaspace       used 110652K, committed 111808K, reserved 1179648K
  class space    used 15317K, committed 15808K, reserved 1048576K
}
Event: 24.098 GC heap after
{Heap after GC invocations=49 (full 0):
 garbage-first heap   total 299008K, used 159563K [0x0000000700000000, 0x0000000800000000)
  region size 2048K, 3 young (6144K), 3 survivors (6144K)
 Metaspace       used 110652K, committed 111808K, reserved 1179648K
  class space    used 15317K, committed 15808K, reserved 1048576K
}
Event: 25.121 GC heap before
{Heap before GC invocations=50 (full 0):
 garbage-first heap   total 299008K, used 227147K [0x0000000700000000, 0x0000000800000000)
  region size 2048K, 37 young (75776K), 3 survivors (6144K)
 Metaspace       used 116506K, committed 117696K, reserved 1179648K
  class space    used 15864K, committed 16384K, reserved 1048576K
}
Event: 25.128 GC heap after
{Heap after GC invocations=51 (full 0):
 garbage-first heap   total 299008K, used 160795K [0x0000000700000000, 0x0000000800000000)
  region size 2048K, 3 young (6144K), 3 survivors (6144K)
 Metaspace       used 116506K, committed 117696K, reserved 1179648K
  class space    used 15864K, committed 16384K, reserved 1048576K
}
Event: 25.207 GC heap before
{Heap before GC invocations=51 (full 0):
 garbage-first heap   total 299008K, used 166939K [0x0000000700000000, 0x0000000800000000)
  region size 2048K, 7 young (14336K), 3 survivors (6144K)
 Metaspace       used 117348K, committed 118400K, reserved 1179648K
  class space    used 15956K, committed 16384K, reserved 1048576K
}
Event: 25.215 GC heap after
{Heap after GC invocations=52 (full 0):
 garbage-first heap   total 299008K, used 160428K [0x0000000700000000, 0x0000000800000000)
  region size 2048K, 1 young (2048K), 1 survivors (2048K)
 Metaspace       used 117348K, committed 118400K, reserved 1179648K
  class space    used 15956K, committed 16384K, reserved 1048576K
}
Event: 26.020 GC heap before
{Heap before GC invocations=52 (full 0):
 garbage-first heap   total 299008K, used 234156K [0x0000000700000000, 0x0000000800000000)
  region size 2048K, 38 young (77824K), 1 survivors (2048K)
 Metaspace       used 119456K, committed 120576K, reserved 1179648K
  class space    used 16168K, committed 16640K, reserved 1048576K
}
Event: 26.026 GC heap after
{Heap after GC invocations=53 (full 0):
 garbage-first heap   total 299008K, used 166586K [0x0000000700000000, 0x0000000800000000)
  region size 2048K, 4 young (8192K), 4 survivors (8192K)
 Metaspace       used 119456K, committed 120576K, reserved 1179648K
  class space    used 16168K, committed 16640K, reserved 1048576K
}
Event: 26.931 GC heap before
{Heap before GC invocations=54 (full 0):
 garbage-first heap   total 307200K, used 244410K [0x0000000700000000, 0x0000000800000000)
  region size 2048K, 40 young (81920K), 4 survivors (8192K)
 Metaspace       used 128168K, committed 129280K, reserved 1179648K
  class space    used 17283K, committed 17728K, reserved 1048576K
}
Event: 26.938 GC heap after
{Heap after GC invocations=55 (full 0):
 garbage-first heap   total 307200K, used 174196K [0x0000000700000000, 0x0000000800000000)
  region size 2048K, 3 young (6144K), 3 survivors (6144K)
 Metaspace       used 128168K, committed 129280K, reserved 1179648K
  class space    used 17283K, committed 17728K, reserved 1048576K
}
Event: 26.960 GC heap before
{Heap before GC invocations=55 (full 0):
 garbage-first heap   total 307200K, used 182388K [0x0000000700000000, 0x0000000800000000)
  region size 2048K, 7 young (14336K), 3 survivors (6144K)
 Metaspace       used 128175K, committed 129280K, reserved 1179648K
  class space    used 17283K, committed 17728K, reserved 1048576K
}
Event: 26.964 GC heap after
{Heap after GC invocations=56 (full 0):
 garbage-first heap   total 307200K, used 171784K [0x0000000700000000, 0x0000000800000000)
  region size 2048K, 1 young (2048K), 1 survivors (2048K)
 Metaspace       used 128175K, committed 129280K, reserved 1179648K
  class space    used 17283K, committed 17728K, reserved 1048576K
}
Event: 27.803 GC heap before
{Heap before GC invocations=56 (full 0):
 garbage-first heap   total 307200K, used 253704K [0x0000000700000000, 0x0000000800000000)
  region size 2048K, 39 young (79872K), 1 survivors (2048K)
 Metaspace       used 132920K, committed 134016K, reserved 1179648K
  class space    used 17848K, committed 18304K, reserved 1048576K
}
Event: 27.814 GC heap after
{Heap after GC invocations=57 (full 0):
 garbage-first heap   total 307200K, used 186487K [0x0000000700000000, 0x0000000800000000)
  region size 2048K, 5 young (10240K), 5 survivors (10240K)
 Metaspace       used 132920K, committed 134016K, reserved 1179648K
  class space    used 17848K, committed 18304K, reserved 1048576K
}
Event: 28.925 GC heap before
{Heap before GC invocations=57 (full 0):
 garbage-first heap   total 307200K, used 252023K [0x0000000700000000, 0x0000000800000000)
  region size 2048K, 37 young (75776K), 5 survivors (10240K)
 Metaspace       used 135595K, committed 136768K, reserved 1179648K
  class space    used 18137K, committed 18624K, reserved 1048576K
}
Event: 28.939 GC heap after
{Heap after GC invocations=58 (full 0):
 garbage-first heap   total 307200K, used 197049K [0x0000000700000000, 0x0000000800000000)
  region size 2048K, 5 young (10240K), 5 survivors (10240K)
 Metaspace       used 135595K, committed 136768K, reserved 1179648K
  class space    used 18137K, committed 18624K, reserved 1048576K
}
Event: 29.692 GC heap before
{Heap before GC invocations=58 (full 0):
 garbage-first heap   total 307200K, used 256441K [0x0000000700000000, 0x0000000800000000)
  region size 2048K, 32 young (65536K), 5 survivors (10240K)
 Metaspace       used 136210K, committed 137408K, reserved 1179648K
  class space    used 18163K, committed 18688K, reserved 1048576K
}
Event: 29.703 GC heap after
{Heap after GC invocations=59 (full 0):
 garbage-first heap   total 552960K, used 200447K [0x0000000700000000, 0x0000000800000000)
  region size 2048K, 2 young (4096K), 2 survivors (4096K)
 Metaspace       used 136210K, committed 137408K, reserved 1179648K
  class space    used 18163K, committed 18688K, reserved 1048576K
}
Event: 31.465 GC heap before
{Heap before GC invocations=59 (full 0):
 garbage-first heap   total 552960K, used 493311K [0x0000000700000000, 0x0000000800000000)
  region size 2048K, 79 young (161792K), 2 survivors (4096K)
 Metaspace       used 144992K, committed 146304K, reserved 1179648K
  class space    used 19432K, committed 20032K, reserved 1048576K
}
Event: 31.482 GC heap after
{Heap after GC invocations=60 (full 0):
 garbage-first heap   total 552960K, used 322400K [0x0000000700000000, 0x0000000800000000)
  region size 2048K, 12 young (24576K), 12 survivors (24576K)
 Metaspace       used 144992K, committed 146304K, reserved 1179648K
  class space    used 19432K, committed 20032K, reserved 1048576K
}

