# JRE version: OpenJDK Runtime Environment Microsoft-8902769 (17.0.10+7) (build 17.0.10+7-LTS)
# Java VM: OpenJDK 64-Bit Server VM Microsoft-8902769 (17.0.10+7-LTS, mixed mode, sharing, tiered, compressed oops, compressed class ptrs, g1 gc, windows-amd64)
GC Precious Log:
 CPUs: 8 total, 8 available
 Memory: 16082M
 Large Page Support: Disabled
 NUMA Support: Disabled
 Compressed Oops: Enabled (Zero based)
 Heap Region Size: 2M
 Heap Min Capacity: 8M
 Heap Initial Capacity: 252M
 Heap Max Capacity: 4G
 Pre-touch: Disabled
 Parallel Workers: 8
 Concurrent Workers: 2
 Concurrent Refinement Workers: 8
 Periodic GC: Disabled
Heap:
 garbage-first heap   total 174080K, used 103250K [0x0000000700000000, 0x0000000800000000)
  region size 2048K, 10 young (20480K), 4 survivors (8192K)
 Metaspace       used 79822K, committed 80640K, reserved 1179648K
  class space    used 11131K, committed 11520K, reserved 1048576K
GC Heap History (20 events):
Event: 5.225 GC heap before
{Heap before GC invocations=17 (full 0):
 garbage-first heap   total 110592K, used 82127K [0x0000000700000000, 0x0000000800000000)
  region size 2048K, 13 young (26624K), 1 survivors (2048K)
 Metaspace       used 58333K, committed 58944K, reserved 1114112K
  class space    used 8209K, committed 8512K, reserved 1048576K
}
Event: 5.227 GC heap after
{Heap after GC invocations=18 (full 0):
 garbage-first heap   total 110592K, used 60936K [0x0000000700000000, 0x0000000800000000)
  region size 2048K, 1 young (2048K), 1 survivors (2048K)
 Metaspace       used 58333K, committed 58944K, reserved 1114112K
  class space    used 8209K, committed 8512K, reserved 1048576K
}
Event: 5.245 GC heap before
{Heap before GC invocations=18 (full 0):
 garbage-first heap   total 110592K, used 62984K [0x0000000700000000, 0x0000000800000000)
  region size 2048K, 2 young (4096K), 1 survivors (2048K)
 Metaspace       used 58677K, committed 59264K, reserved 1114112K
  class space    used 8240K, committed 8512K, reserved 1048576K
}
Event: 5.247 GC heap after
{Heap after GC invocations=19 (full 0):
 garbage-first heap   total 110592K, used 60779K [0x0000000700000000, 0x0000000800000000)
  region size 2048K, 1 young (2048K), 1 survivors (2048K)
 Metaspace       used 58677K, committed 59264K, reserved 1114112K
  class space    used 8240K, committed 8512K, reserved 1048576K
}
Event: 5.484 GC heap before
{Heap before GC invocations=19 (full 0):
 garbage-first heap   total 110592K, used 85355K [0x0000000700000000, 0x0000000800000000)
  region size 2048K, 13 young (26624K), 1 survivors (2048K)
 Metaspace       used 61903K, committed 62528K, reserved 1114112K
  class space    used 8622K, committed 8960K, reserved 1048576K
}
Event: 5.485 GC heap after
{Heap after GC invocations=20 (full 0):
 garbage-first heap   total 110592K, used 61486K [0x0000000700000000, 0x0000000800000000)
  region size 2048K, 1 young (2048K), 1 survivors (2048K)
 Metaspace       used 61903K, committed 62528K, reserved 1114112K
  class space    used 8622K, committed 8960K, reserved 1048576K
}
Event: 5.699 GC heap before
{Heap before GC invocations=21 (full 0):
 garbage-first heap   total 112640K, used 84014K [0x0000000700000000, 0x0000000800000000)
  region size 2048K, 13 young (26624K), 1 survivors (2048K)
 Metaspace       used 63713K, committed 64384K, reserved 1114112K
  class space    used 8841K, committed 9152K, reserved 1048576K
}
Event: 5.702 GC heap after
{Heap after GC invocations=22 (full 0):
 garbage-first heap   total 112640K, used 64567K [0x0000000700000000, 0x0000000800000000)
  region size 2048K, 2 young (4096K), 2 survivors (4096K)
 Metaspace       used 63713K, committed 64384K, reserved 1114112K
  class space    used 8841K, committed 9152K, reserved 1048576K
}
Event: 5.898 GC heap before
{Heap before GC invocations=22 (full 0):
 garbage-first heap   total 112640K, used 89143K [0x0000000700000000, 0x0000000800000000)
  region size 2048K, 14 young (28672K), 2 survivors (4096K)
 Metaspace       used 65807K, committed 66432K, reserved 1114112K
  class space    used 9102K, committed 9408K, reserved 1048576K
}
Event: 5.901 GC heap after
{Heap after GC invocations=23 (full 0):
 garbage-first heap   total 174080K, used 66421K [0x0000000700000000, 0x0000000800000000)
  region size 2048K, 1 young (2048K), 1 survivors (2048K)
 Metaspace       used 65807K, committed 66432K, reserved 1114112K
  class space    used 9102K, committed 9408K, reserved 1048576K
}
Event: 6.362 GC heap before
{Heap before GC invocations=24 (full 0):
 garbage-first heap   total 174080K, used 129909K [0x0000000700000000, 0x0000000800000000)
  region size 2048K, 33 young (67584K), 1 survivors (2048K)
 Metaspace       used 70368K, committed 71104K, reserved 1114112K
  class space    used 9674K, committed 10048K, reserved 1048576K
}
Event: 6.365 GC heap after
{Heap after GC invocations=25 (full 0):
 garbage-first heap   total 174080K, used 70057K [0x0000000700000000, 0x0000000800000000)
  region size 2048K, 3 young (6144K), 3 survivors (6144K)
 Metaspace       used 70368K, committed 71104K, reserved 1114112K
  class space    used 9674K, committed 10048K, reserved 1048576K
}
Event: 6.679 GC heap before
{Heap before GC invocations=25 (full 0):
 garbage-first heap   total 174080K, used 137641K [0x0000000700000000, 0x0000000800000000)
  region size 2048K, 35 young (71680K), 3 survivors (6144K)
 Metaspace       used 71120K, committed 71872K, reserved 1114112K
  class space    used 9763K, committed 10112K, reserved 1048576K
}
Event: 6.683 GC heap after
{Heap after GC invocations=26 (full 0):
 garbage-first heap   total 174080K, used 79846K [0x0000000700000000, 0x0000000800000000)
  region size 2048K, 5 young (10240K), 5 survivors (10240K)
 Metaspace       used 71120K, committed 71872K, reserved 1114112K
  class space    used 9763K, committed 10112K, reserved 1048576K
}
Event: 6.976 GC heap before
{Heap before GC invocations=26 (full 0):
 garbage-first heap   total 174080K, used 137190K [0x0000000700000000, 0x0000000800000000)
  region size 2048K, 33 young (67584K), 5 survivors (10240K)
 Metaspace       used 73235K, committed 74048K, reserved 1114112K
  class space    used 10074K, committed 10432K, reserved 1048576K
}
Event: 6.981 GC heap after
{Heap after GC invocations=27 (full 0):
 garbage-first heap   total 174080K, used 84607K [0x0000000700000000, 0x0000000800000000)
  region size 2048K, 5 young (10240K), 5 survivors (10240K)
 Metaspace       used 73235K, committed 74048K, reserved 1114112K
  class space    used 10074K, committed 10432K, reserved 1048576K
}
Event: 7.442 GC heap before
{Heap before GC invocations=27 (full 0):
 garbage-first heap   total 174080K, used 137855K [0x0000000700000000, 0x0000000800000000)
  region size 2048K, 31 young (63488K), 5 survivors (10240K)
 Metaspace       used 78221K, committed 79040K, reserved 1179648K
  class space    used 10927K, committed 11328K, reserved 1048576K
}
Event: 7.447 GC heap after
{Heap after GC invocations=28 (full 0):
 garbage-first heap   total 174080K, used 88316K [0x0000000700000000, 0x0000000800000000)
  region size 2048K, 2 young (4096K), 2 survivors (4096K)
 Metaspace       used 78221K, committed 79040K, reserved 1179648K
  class space    used 10927K, committed 11328K, reserved 1048576K
}
Event: 7.845 GC heap before
{Heap before GC invocations=28 (full 0):
 garbage-first heap   total 174080K, used 139516K [0x0000000700000000, 0x0000000800000000)
  region size 2048K, 27 young (55296K), 2 survivors (4096K)
 Metaspace       used 79722K, committed 80576K, reserved 1179648K
  class space    used 11131K, committed 11520K, reserved 1048576K
}
Event: 7.851 GC heap after
{Heap after GC invocations=29 (full 0):
 garbage-first heap   total 174080K, used 95058K [0x0000000700000000, 0x0000000800000000)
  region size 2048K, 4 young (8192K), 4 survivors (8192K)
 Metaspace       used 79722K, committed 80576K, reserved 1179648K
  class space    used 11131K, committed 11520K, reserved 1048576K
}

