# JRE version: OpenJDK Runtime Environment Microsoft-8902769 (17.0.10+7) (build 17.0.10+7-LTS)
# Java VM: OpenJDK 64-Bit Server VM Microsoft-8902769 (17.0.10+7-LTS, mixed mode, sharing, tiered, compressed oops, compressed class ptrs, g1 gc, windows-amd64)
GC Precious Log:
 CPUs: 8 total, 8 available
 Memory: 16082M
 Large Page Support: Disabled
 NUMA Support: Disabled
 Compressed Oops: Enabled (Zero based)
 Heap Region Size: 2M
 Heap Min Capacity: 8M
 Heap Initial Capacity: 252M
 Heap Max Capacity: 4G
 Pre-touch: Disabled
 Parallel Workers: 8
 Concurrent Workers: 2
 Concurrent Refinement Workers: 8
 Periodic GC: Disabled
Heap:
 garbage-first heap   total 315392K, used 135799K [0x0000000700000000, 0x0000000800000000)
  region size 2048K, 1 young (2048K), 1 survivors (2048K)
 Metaspace       used 90222K, committed 91200K, reserved 1179648K
  class space    used 12436K, committed 12928K, reserved 1048576K
GC Heap History (20 events):
Event: 19.318 GC heap after
{Heap after GC invocations=42 (full 0):
 garbage-first heap   total 223232K, used 132315K [0x0000000700000000, 0x0000000800000000)
  region size 2048K, 3 young (6144K), 3 survivors (6144K)
 Metaspace       used 82547K, committed 83520K, reserved 1179648K
  class space    used 11528K, committed 11968K, reserved 1048576K
}
Event: 19.340 GC heap before
{Heap before GC invocations=42 (full 0):
 garbage-first heap   total 223232K, used 136411K [0x0000000700000000, 0x0000000800000000)
  region size 2048K, 5 young (10240K), 3 survivors (6144K)
 Metaspace       used 82594K, committed 83520K, reserved 1179648K
  class space    used 11536K, committed 11968K, reserved 1048576K
}
Event: 19.345 GC heap after
{Heap after GC invocations=43 (full 0):
 garbage-first heap   total 268288K, used 132487K [0x0000000700000000, 0x0000000800000000)
  region size 2048K, 1 young (2048K), 1 survivors (2048K)
 Metaspace       used 82594K, committed 83520K, reserved 1179648K
  class space    used 11536K, committed 11968K, reserved 1048576K
}
Event: 346.554 GC heap before
{Heap before GC invocations=43 (full 0):
 garbage-first heap   total 268288K, used 195975K [0x0000000700000000, 0x0000000800000000)
  region size 2048K, 32 young (65536K), 1 survivors (2048K)
 Metaspace       used 84080K, committed 85056K, reserved 1179648K
  class space    used 11698K, committed 12160K, reserved 1048576K
}
Event: 346.560 GC heap after
{Heap after GC invocations=44 (full 0):
 garbage-first heap   total 268288K, used 140875K [0x0000000700000000, 0x0000000800000000)
  region size 2048K, 4 young (8192K), 4 survivors (8192K)
 Metaspace       used 84080K, committed 85056K, reserved 1179648K
  class space    used 11698K, committed 12160K, reserved 1048576K
}
Event: 347.435 GC heap before
{Heap before GC invocations=45 (full 0):
 garbage-first heap   total 268288K, used 200267K [0x0000000700000000, 0x0000000800000000)
  region size 2048K, 34 young (69632K), 4 survivors (8192K)
 Metaspace       used 88527K, committed 89600K, reserved 1179648K
  class space    used 12275K, committed 12800K, reserved 1048576K
}
Event: 347.443 GC heap after
{Heap after GC invocations=46 (full 0):
 garbage-first heap   total 268288K, used 148153K [0x0000000700000000, 0x0000000800000000)
  region size 2048K, 4 young (8192K), 4 survivors (8192K)
 Metaspace       used 88527K, committed 89600K, reserved 1179648K
  class space    used 12275K, committed 12800K, reserved 1048576K
}
Event: 349.409 GC heap before
{Heap before GC invocations=46 (full 0):
 garbage-first heap   total 268288K, used 152249K [0x0000000700000000, 0x0000000800000000)
  region size 2048K, 6 young (12288K), 4 survivors (8192K)
 Metaspace       used 89726K, committed 90752K, reserved 1179648K
  class space    used 12413K, committed 12928K, reserved 1048576K
}
Event: 349.413 GC heap after
{Heap after GC invocations=47 (full 0):
 garbage-first heap   total 268288K, used 146394K [0x0000000700000000, 0x0000000800000000)
  region size 2048K, 1 young (2048K), 1 survivors (2048K)
 Metaspace       used 89726K, committed 90752K, reserved 1179648K
  class space    used 12413K, committed 12928K, reserved 1048576K
}
Event: 404.785 GC heap before
{Heap before GC invocations=47 (full 0):
 garbage-first heap   total 268288K, used 173018K [0x0000000700000000, 0x0000000800000000)
  region size 2048K, 15 young (30720K), 1 survivors (2048K)
 Metaspace       used 90110K, committed 91136K, reserved 1179648K
  class space    used 12434K, committed 12928K, reserved 1048576K
}
Event: 404.787 GC heap after
{Heap after GC invocations=48 (full 0):
 garbage-first heap   total 268288K, used 146524K [0x0000000700000000, 0x0000000800000000)
  region size 2048K, 1 young (2048K), 1 survivors (2048K)
 Metaspace       used 90110K, committed 91136K, reserved 1179648K
  class space    used 12434K, committed 12928K, reserved 1048576K
}
Event: 404.937 GC heap before
{Heap before GC invocations=49 (full 0):
 garbage-first heap   total 290816K, used 214108K [0x0000000700000000, 0x0000000800000000)
  region size 2048K, 31 young (63488K), 1 survivors (2048K)
 Metaspace       used 90183K, committed 91200K, reserved 1179648K
  class space    used 12435K, committed 12928K, reserved 1048576K
}
Event: 404.939 GC heap after
{Heap after GC invocations=50 (full 0):
 garbage-first heap   total 290816K, used 154045K [0x0000000700000000, 0x0000000800000000)
  region size 2048K, 2 young (4096K), 2 survivors (4096K)
 Metaspace       used 90183K, committed 91200K, reserved 1179648K
  class space    used 12435K, committed 12928K, reserved 1048576K
}
Event: 404.950 GC heap before
{Heap before GC invocations=50 (full 0):
 garbage-first heap   total 290816K, used 168381K [0x0000000700000000, 0x0000000800000000)
  region size 2048K, 8 young (16384K), 2 survivors (4096K)
 Metaspace       used 90184K, committed 91200K, reserved 1179648K
  class space    used 12435K, committed 12928K, reserved 1048576K
}
Event: 404.955 GC heap after
{Heap after GC invocations=51 (full 0):
 garbage-first heap   total 290816K, used 138236K [0x0000000700000000, 0x0000000800000000)
  region size 2048K, 1 young (2048K), 1 survivors (2048K)
 Metaspace       used 90184K, committed 91200K, reserved 1179648K
  class space    used 12435K, committed 12928K, reserved 1048576K
}
Event: 405.036 GC heap before
{Heap before GC invocations=51 (full 0):
 garbage-first heap   total 290816K, used 220156K [0x0000000700000000, 0x0000000800000000)
  region size 2048K, 42 young (86016K), 1 survivors (2048K)
 Metaspace       used 90209K, committed 91200K, reserved 1179648K
  class space    used 12436K, committed 12928K, reserved 1048576K
}
Event: 405.038 GC heap after
{Heap after GC invocations=52 (full 0):
 garbage-first heap   total 290816K, used 139070K [0x0000000700000000, 0x0000000800000000)
  region size 2048K, 1 young (2048K), 1 survivors (2048K)
 Metaspace       used 90209K, committed 91200K, reserved 1179648K
  class space    used 12436K, committed 12928K, reserved 1048576K
}
Event: 405.167 GC heap before
{Heap before GC invocations=53 (full 0):
 garbage-first heap   total 315392K, used 225086K [0x0000000700000000, 0x0000000800000000)
  region size 2048K, 44 young (90112K), 1 survivors (2048K)
 Metaspace       used 90220K, committed 91200K, reserved 1179648K
  class space    used 12436K, committed 12928K, reserved 1048576K
}
Event: 405.169 GC heap after
{Heap after GC invocations=54 (full 0):
 garbage-first heap   total 315392K, used 138590K [0x0000000700000000, 0x0000000800000000)
  region size 2048K, 1 young (2048K), 1 survivors (2048K)
 Metaspace       used 90220K, committed 91200K, reserved 1179648K
  class space    used 12436K, committed 12928K, reserved 1048576K
}
Event: 405.185 GC heap before
{Heap before GC invocations=54 (full 0):
 garbage-first heap   total 315392K, used 150878K [0x0000000700000000, 0x0000000800000000)
  region size 2048K, 7 young (14336K), 1 survivors (2048K)
 Metaspace       used 90222K, committed 91200K, reserved 1179648K
  class space    used 12436K, committed 12928K, reserved 1048576K
}

