# JRE version: OpenJDK Runtime Environment (17.0.9) (build 17.0.9+0--11185874)
# Java VM: OpenJDK 64-Bit Server VM (17.0.9+0--11185874, mixed mode, tiered, compressed oops, compressed class ptrs, g1 gc, windows-amd64)
GC Precious Log:
 CPUs: 8 total, 8 available
 Memory: 16082M
 Large Page Support: Disabled
 NUMA Support: Disabled
 Compressed Oops: Enabled (Zero based)
 Heap Region Size: 2M
 Heap Min Capacity: 8M
 Heap Initial Capacity: 252M
 Heap Max Capacity: 4G
 Pre-touch: Disabled
 Parallel Workers: 8
 Concurrent Workers: 2
 Concurrent Refinement Workers: 8
 Periodic GC: Disabled
Heap:
 garbage-first heap   total 499712K, used 247055K [0x0000000700000000, 0x0000000800000000)
  region size 2048K, 1 young (2048K), 1 survivors (2048K)
 Metaspace       used 141425K, committed 142528K, reserved 1179648K
  class space    used 18520K, committed 19008K, reserved 1048576K
GC Heap History (20 events):
Event: 51.878 GC heap after
{Heap after GC invocations=74 (full 0):
 garbage-first heap   total 409600K, used 157420K [0x0000000700000000, 0x0000000800000000)
  region size 2048K, 2 young (4096K), 2 survivors (4096K)
 Metaspace       used 133687K, committed 134784K, reserved 1179648K
  class space    used 17592K, committed 18112K, reserved 1048576K
}
Event: 52.483 GC heap before
{Heap before GC invocations=75 (full 0):
 garbage-first heap   total 409600K, used 354028K [0x0000000700000000, 0x0000000800000000)
  region size 2048K, 97 young (198656K), 2 survivors (4096K)
 Metaspace       used 133796K, committed 134912K, reserved 1179648K
  class space    used 17597K, committed 18112K, reserved 1048576K
}
Event: 52.487 GC heap after
{Heap after GC invocations=76 (full 0):
 garbage-first heap   total 409600K, used 159054K [0x0000000700000000, 0x0000000800000000)
  region size 2048K, 4 young (8192K), 4 survivors (8192K)
 Metaspace       used 133796K, committed 134912K, reserved 1179648K
  class space    used 17597K, committed 18112K, reserved 1048576K
}
Event: 52.521 GC heap before
{Heap before GC invocations=76 (full 0):
 garbage-first heap   total 409600K, used 171342K [0x0000000700000000, 0x0000000800000000)
  region size 2048K, 10 young (20480K), 4 survivors (8192K)
 Metaspace       used 133797K, committed 134912K, reserved 1179648K
  class space    used 17597K, committed 18112K, reserved 1048576K
}
Event: 52.525 GC heap after
{Heap after GC invocations=77 (full 0):
 garbage-first heap   total 409600K, used 158995K [0x0000000700000000, 0x0000000800000000)
  region size 2048K, 1 young (2048K), 1 survivors (2048K)
 Metaspace       used 133797K, committed 134912K, reserved 1179648K
  class space    used 17597K, committed 18112K, reserved 1048576K
}
Event: 53.026 GC heap before
{Heap before GC invocations=77 (full 0):
 garbage-first heap   total 409600K, used 337171K [0x0000000700000000, 0x0000000800000000)
  region size 2048K, 89 young (182272K), 1 survivors (2048K)
 Metaspace       used 135555K, committed 136640K, reserved 1179648K
  class space    used 17780K, committed 18240K, reserved 1048576K
}
Event: 53.029 GC heap after
{Heap after GC invocations=78 (full 0):
 garbage-first heap   total 409600K, used 164855K [0x0000000700000000, 0x0000000800000000)
  region size 2048K, 4 young (8192K), 4 survivors (8192K)
 Metaspace       used 135555K, committed 136640K, reserved 1179648K
  class space    used 17780K, committed 18240K, reserved 1048576K
}
Event: 53.112 GC heap before
{Heap before GC invocations=78 (full 0):
 garbage-first heap   total 409600K, used 216055K [0x0000000700000000, 0x0000000800000000)
  region size 2048K, 31 young (63488K), 4 survivors (8192K)
 Metaspace       used 136259K, committed 137344K, reserved 1179648K
  class space    used 17868K, committed 18368K, reserved 1048576K
}
Event: 53.116 GC heap after
{Heap after GC invocations=79 (full 0):
 garbage-first heap   total 409600K, used 167887K [0x0000000700000000, 0x0000000800000000)
  region size 2048K, 6 young (12288K), 6 survivors (12288K)
 Metaspace       used 136259K, committed 137344K, reserved 1179648K
  class space    used 17868K, committed 18368K, reserved 1048576K
}
Event: 53.512 GC heap before
{Heap before GC invocations=80 (full 0):
 garbage-first heap   total 409600K, used 344226K [0x0000000700000000, 0x0000000800000000)
  region size 2048K, 93 young (190464K), 6 survivors (12288K)
 Metaspace       used 136771K, committed 137920K, reserved 1179648K
  class space    used 17893K, committed 18368K, reserved 1048576K
}
Event: 53.516 GC heap after
{Heap after GC invocations=81 (full 0):
 garbage-first heap   total 409600K, used 163252K [0x0000000700000000, 0x0000000800000000)
  region size 2048K, 4 young (8192K), 4 survivors (8192K)
 Metaspace       used 136771K, committed 137920K, reserved 1179648K
  class space    used 17893K, committed 18368K, reserved 1048576K
}
Event: 53.551 GC heap before
{Heap before GC invocations=81 (full 0):
 garbage-first heap   total 409600K, used 173492K [0x0000000700000000, 0x0000000800000000)
  region size 2048K, 10 young (20480K), 4 survivors (8192K)
 Metaspace       used 136784K, committed 137920K, reserved 1179648K
  class space    used 17893K, committed 18368K, reserved 1048576K
}
Event: 53.554 GC heap after
{Heap after GC invocations=82 (full 0):
 garbage-first heap   total 409600K, used 161615K [0x0000000700000000, 0x0000000800000000)
  region size 2048K, 1 young (2048K), 1 survivors (2048K)
 Metaspace       used 136784K, committed 137920K, reserved 1179648K
  class space    used 17893K, committed 18368K, reserved 1048576K
}
Event: 54.413 GC heap before
{Heap before GC invocations=82 (full 0):
 garbage-first heap   total 409600K, used 397135K [0x0000000700000000, 0x0000000800000000)
  region size 2048K, 64 young (131072K), 1 survivors (2048K)
 Metaspace       used 140295K, committed 141504K, reserved 1179648K
  class space    used 18340K, committed 18880K, reserved 1048576K
}
Event: 54.418 GC heap after
{Heap after GC invocations=83 (full 0):
 garbage-first heap   total 409600K, used 272270K [0x0000000700000000, 0x0000000800000000)
  region size 2048K, 3 young (6144K), 3 survivors (6144K)
 Metaspace       used 140295K, committed 141504K, reserved 1179648K
  class space    used 18340K, committed 18880K, reserved 1048576K
}
Event: 54.728 GC heap before
{Heap before GC invocations=83 (full 0):
 garbage-first heap   total 409600K, used 333710K [0x0000000700000000, 0x0000000800000000)
  region size 2048K, 35 young (71680K), 3 survivors (6144K)
 Metaspace       used 140576K, committed 141696K, reserved 1179648K
  class space    used 18380K, committed 18880K, reserved 1048576K
}
Event: 54.736 GC heap after
{Heap after GC invocations=84 (full 0):
 garbage-first heap   total 409600K, used 247976K [0x0000000700000000, 0x0000000800000000)
  region size 2048K, 3 young (6144K), 3 survivors (6144K)
 Metaspace       used 140576K, committed 141696K, reserved 1179648K
  class space    used 18380K, committed 18880K, reserved 1048576K
}
Event: 55.070 GC heap before
{Heap before GC invocations=85 (full 0):
 garbage-first heap   total 499712K, used 346280K [0x0000000700000000, 0x0000000800000000)
  region size 2048K, 52 young (106496K), 3 survivors (6144K)
 Metaspace       used 141410K, committed 142528K, reserved 1179648K
  class space    used 18516K, committed 19008K, reserved 1048576K
}
Event: 55.081 GC heap after
{Heap after GC invocations=86 (full 0):
 garbage-first heap   total 499712K, used 249846K [0x0000000700000000, 0x0000000800000000)
  region size 2048K, 4 young (8192K), 4 survivors (8192K)
 Metaspace       used 141410K, committed 142528K, reserved 1179648K
  class space    used 18516K, committed 19008K, reserved 1048576K
}
Event: 55.122 GC heap before
{Heap before GC invocations=86 (full 0):
 garbage-first heap   total 499712K, used 264182K [0x0000000700000000, 0x0000000800000000)
  region size 2048K, 13 young (26624K), 4 survivors (8192K)
 Metaspace       used 141425K, committed 142528K, reserved 1179648K
  class space    used 18520K, committed 19008K, reserved 1048576K
}

