# JRE version: OpenJDK Runtime Environment (17.0.9) (build 17.0.9+0--11185874)
# Java VM: OpenJDK 64-Bit Server VM (17.0.9+0--11185874, mixed mode, tiered, compressed oops, compressed class ptrs, g1 gc, windows-amd64)
GC Precious Log:
 CPUs: 8 total, 8 available
 Memory: 16082M
 Large Page Support: Disabled
 NUMA Support: Disabled
 Compressed Oops: Enabled (Zero based)
 Heap Region Size: 2M
 Heap Min Capacity: 8M
 Heap Initial Capacity: 252M
 Heap Max Capacity: 4G
 Pre-touch: Disabled
 Parallel Workers: 8
 Concurrent Workers: 2
 Concurrent Refinement Workers: 8
 Periodic GC: Disabled
Heap:
 garbage-first heap   total 772096K, used 449179K [0x0000000700000000, 0x0000000800000000)
  region size 2048K, 93 young (190464K), 3 survivors (6144K)
 Metaspace       used 207386K, committed 210368K, reserved 1245184K
  class space    used 29054K, committed 30336K, reserved 1048576K
GC Heap History (20 events):
Event: 1268.654 GC heap before
{Heap before GC invocations=60 (full 0):
 garbage-first heap   total 772096K, used 248019K [0x0000000700000000, 0x0000000800000000)
  region size 2048K, 18 young (36864K), 7 survivors (14336K)
 Metaspace       used 147231K, committed 148864K, reserved 1179648K
  class space    used 20305K, committed 20992K, reserved 1048576K
}
Event: 1268.660 GC heap after
{Heap after GC invocations=61 (full 0):
 garbage-first heap   total 772096K, used 221004K [0x0000000700000000, 0x0000000800000000)
  region size 2048K, 2 young (4096K), 2 survivors (4096K)
 Metaspace       used 147231K, committed 148864K, reserved 1179648K
  class space    used 20305K, committed 20992K, reserved 1048576K
}
Event: 1271.490 GC heap before
{Heap before GC invocations=61 (full 0):
 garbage-first heap   total 772096K, used 640844K [0x0000000700000000, 0x0000000800000000)
  region size 2048K, 208 young (425984K), 2 survivors (4096K)
 Metaspace       used 171940K, committed 173760K, reserved 1245184K
  class space    used 23960K, committed 24768K, reserved 1048576K
}
Event: 1271.512 GC heap after
{Heap after GC invocations=62 (full 0):
 garbage-first heap   total 772096K, used 261979K [0x0000000700000000, 0x0000000800000000)
  region size 2048K, 22 young (45056K), 22 survivors (45056K)
 Metaspace       used 171940K, committed 173760K, reserved 1245184K
  class space    used 23960K, committed 24768K, reserved 1048576K
}
Event: 2758.808 GC heap before
{Heap before GC invocations=63 (full 0):
 garbage-first heap   total 772096K, used 606043K [0x0000000700000000, 0x0000000800000000)
  region size 2048K, 198 young (405504K), 22 survivors (45056K)
 Metaspace       used 174290K, committed 176320K, reserved 1245184K
  class space    used 24218K, committed 25088K, reserved 1048576K
}
Event: 2758.838 GC heap after
{Heap after GC invocations=64 (full 0):
 garbage-first heap   total 772096K, used 279958K [0x0000000700000000, 0x0000000800000000)
  region size 2048K, 18 young (36864K), 18 survivors (36864K)
 Metaspace       used 174290K, committed 176320K, reserved 1245184K
  class space    used 24218K, committed 25088K, reserved 1048576K
}
Event: 2758.842 GC heap before
{Heap before GC invocations=64 (full 0):
 garbage-first heap   total 772096K, used 282006K [0x0000000700000000, 0x0000000800000000)
  region size 2048K, 19 young (38912K), 18 survivors (36864K)
 Metaspace       used 174290K, committed 176320K, reserved 1245184K
  class space    used 24218K, committed 25088K, reserved 1048576K
}
Event: 2758.859 GC heap after
{Heap after GC invocations=65 (full 0):
 garbage-first heap   total 772096K, used 240604K [0x0000000700000000, 0x0000000800000000)
  region size 2048K, 3 young (6144K), 3 survivors (6144K)
 Metaspace       used 174290K, committed 176320K, reserved 1245184K
  class space    used 24218K, committed 25088K, reserved 1048576K
}
Event: 2758.970 GC heap before
{Heap before GC invocations=65 (full 0):
 garbage-first heap   total 772096K, used 275420K [0x0000000700000000, 0x0000000800000000)
  region size 2048K, 21 young (43008K), 3 survivors (6144K)
 Metaspace       used 174510K, committed 176576K, reserved 1245184K
  class space    used 24254K, committed 25152K, reserved 1048576K
}
Event: 2758.977 GC heap after
{Heap after GC invocations=66 (full 0):
 garbage-first heap   total 772096K, used 238570K [0x0000000700000000, 0x0000000800000000)
  region size 2048K, 2 young (4096K), 2 survivors (4096K)
 Metaspace       used 174510K, committed 176576K, reserved 1245184K
  class space    used 24254K, committed 25152K, reserved 1048576K
}
Event: 2803.044 GC heap before
{Heap before GC invocations=67 (full 0):
 garbage-first heap   total 772096K, used 744426K [0x0000000700000000, 0x0000000800000000)
  region size 2048K, 70 young (143360K), 2 survivors (4096K)
 Metaspace       used 179572K, committed 181824K, reserved 1245184K
  class space    used 24937K, committed 25920K, reserved 1048576K
}
Event: 2803.053 GC heap after
{Heap after GC invocations=68 (full 0):
 garbage-first heap   total 772096K, used 240677K [0x0000000700000000, 0x0000000800000000)
  region size 2048K, 6 young (12288K), 6 survivors (12288K)
 Metaspace       used 179572K, committed 181824K, reserved 1245184K
  class space    used 24937K, committed 25920K, reserved 1048576K
}
Event: 2803.268 GC heap before
{Heap before GC invocations=68 (full 0):
 garbage-first heap   total 772096K, used 263205K [0x0000000700000000, 0x0000000800000000)
  region size 2048K, 18 young (36864K), 6 survivors (12288K)
 Metaspace       used 182637K, committed 184896K, reserved 1245184K
  class space    used 25289K, committed 26240K, reserved 1048576K
}
Event: 2803.278 GC heap after
{Heap after GC invocations=69 (full 0):
 garbage-first heap   total 772096K, used 222757K [0x0000000700000000, 0x0000000800000000)
  region size 2048K, 3 young (6144K), 3 survivors (6144K)
 Metaspace       used 182637K, committed 184896K, reserved 1245184K
  class space    used 25289K, committed 26240K, reserved 1048576K
}
Event: 2805.650 GC heap before
{Heap before GC invocations=69 (full 0):
 garbage-first heap   total 772096K, used 609829K [0x0000000700000000, 0x0000000800000000)
  region size 2048K, 193 young (395264K), 3 survivors (6144K)
 Metaspace       used 204535K, committed 206976K, reserved 1245184K
  class space    used 28657K, committed 29696K, reserved 1048576K
}
Event: 2805.669 GC heap after
{Heap after GC invocations=70 (full 0):
 garbage-first heap   total 772096K, used 259764K [0x0000000700000000, 0x0000000800000000)
  region size 2048K, 21 young (43008K), 21 survivors (43008K)
 Metaspace       used 204535K, committed 206976K, reserved 1245184K
  class space    used 28657K, committed 29696K, reserved 1048576K
}
Event: 2846.259 GC heap before
{Heap before GC invocations=71 (full 0):
 garbage-first heap   total 772096K, used 595636K [0x0000000700000000, 0x0000000800000000)
  region size 2048K, 190 young (389120K), 21 survivors (43008K)
 Metaspace       used 206517K, committed 209152K, reserved 1245184K
  class space    used 28881K, committed 30016K, reserved 1048576K
}
Event: 2846.291 GC heap after
{Heap after GC invocations=72 (full 0):
 garbage-first heap   total 772096K, used 285459K [0x0000000700000000, 0x0000000800000000)
  region size 2048K, 18 young (36864K), 18 survivors (36864K)
 Metaspace       used 206517K, committed 209152K, reserved 1245184K
  class space    used 28881K, committed 30016K, reserved 1048576K
}
Event: 2846.295 GC heap before
{Heap before GC invocations=72 (full 0):
 garbage-first heap   total 772096K, used 287507K [0x0000000700000000, 0x0000000800000000)
  region size 2048K, 19 young (38912K), 18 survivors (36864K)
 Metaspace       used 206517K, committed 209152K, reserved 1245184K
  class space    used 28881K, committed 30016K, reserved 1048576K
}
Event: 2846.317 GC heap after
{Heap after GC invocations=73 (full 0):
 garbage-first heap   total 772096K, used 268955K [0x0000000700000000, 0x0000000800000000)
  region size 2048K, 3 young (6144K), 3 survivors (6144K)
 Metaspace       used 206517K, committed 209152K, reserved 1245184K
  class space    used 28881K, committed 30016K, reserved 1048576K
}

