# JRE version: OpenJDK Runtime Environment (17.0.9) (build 17.0.9+0--11185874)
# Java VM: OpenJDK 64-Bit Server VM (17.0.9+0--11185874, mixed mode, tiered, compressed oops, compressed class ptrs, g1 gc, windows-amd64)
GC Precious Log:
 CPUs: 8 total, 8 available
 Memory: 16082M
 Large Page Support: Disabled
 NUMA Support: Disabled
 Compressed Oops: Enabled (Zero based)
 Heap Region Size: 2M
 Heap Min Capacity: 8M
 Heap Initial Capacity: 252M
 Heap Max Capacity: 4G
 Pre-touch: Disabled
 Parallel Workers: 8
 Concurrent Workers: 2
 Concurrent Refinement Workers: 8
 Periodic GC: Disabled
Heap:
 garbage-first heap   total 667648K, used 371577K [0x0000000700000000, 0x0000000800000000)
  region size 2048K, 9 young (18432K), 9 survivors (18432K)
 Metaspace       used 200873K, committed 204032K, reserved 1245184K
  class space    used 26724K, committed 28224K, reserved 1048576K
GC Heap History (20 events):
Event: 47091.231 GC heap after
{Heap after GC invocations=252 (full 0):
 garbage-first heap   total 708608K, used 211410K [0x0000000700000000, 0x0000000800000000)
  region size 2048K, 3 young (6144K), 3 survivors (6144K)
 Metaspace       used 159342K, committed 169920K, reserved 1245184K
  class space    used 21169K, committed 25280K, reserved 1048576K
}
Event: 47268.305 GC heap before
{Heap before GC invocations=252 (full 0):
 garbage-first heap   total 708608K, used 545234K [0x0000000700000000, 0x0000000800000000)
  region size 2048K, 167 young (342016K), 3 survivors (6144K)
 Metaspace       used 159538K, committed 169984K, reserved 1245184K
  class space    used 21169K, committed 25280K, reserved 1048576K
}
Event: 47268.310 GC heap after
{Heap after GC invocations=253 (full 0):
 garbage-first heap   total 708608K, used 208134K [0x0000000700000000, 0x0000000800000000)
  region size 2048K, 1 young (2048K), 1 survivors (2048K)
 Metaspace       used 159538K, committed 169984K, reserved 1245184K
  class space    used 21169K, committed 25280K, reserved 1048576K
}
Event: 47439.005 GC heap before
{Heap before GC invocations=254 (full 0):
 garbage-first heap   total 628736K, used 546054K [0x0000000700000000, 0x0000000800000000)
  region size 2048K, 178 young (364544K), 1 survivors (2048K)
 Metaspace       used 159718K, committed 169984K, reserved 1245184K
  class space    used 21187K, committed 25280K, reserved 1048576K
}
Event: 47439.009 GC heap after
{Heap after GC invocations=255 (full 0):
 garbage-first heap   total 628736K, used 187698K [0x0000000700000000, 0x0000000800000000)
  region size 2048K, 2 young (4096K), 2 survivors (4096K)
 Metaspace       used 159718K, committed 169984K, reserved 1245184K
  class space    used 21187K, committed 25280K, reserved 1048576K
}
Event: 47439.076 GC heap before
{Heap before GC invocations=255 (full 0):
 garbage-first heap   total 628736K, used 214322K [0x0000000700000000, 0x0000000800000000)
  region size 2048K, 15 young (30720K), 2 survivors (4096K)
 Metaspace       used 159719K, committed 169984K, reserved 1245184K
  class space    used 21187K, committed 25280K, reserved 1048576K
}
Event: 47439.085 GC heap after
{Heap after GC invocations=256 (full 0):
 garbage-first heap   total 628736K, used 179947K [0x0000000700000000, 0x0000000800000000)
  region size 2048K, 2 young (4096K), 2 survivors (4096K)
 Metaspace       used 159719K, committed 169984K, reserved 1245184K
  class space    used 21187K, committed 25280K, reserved 1048576K
}
Event: 47447.425 GC heap before
{Heap before GC invocations=256 (full 0):
 garbage-first heap   total 628736K, used 472811K [0x0000000700000000, 0x0000000800000000)
  region size 2048K, 147 young (301056K), 2 survivors (4096K)
 Metaspace       used 175364K, committed 179392K, reserved 1245184K
  class space    used 22981K, committed 25408K, reserved 1048576K
}
Event: 47447.440 GC heap after
{Heap after GC invocations=257 (full 0):
 garbage-first heap   total 628736K, used 207792K [0x0000000700000000, 0x0000000800000000)
  region size 2048K, 15 young (30720K), 15 survivors (30720K)
 Metaspace       used 175364K, committed 179392K, reserved 1245184K
  class space    used 22981K, committed 25408K, reserved 1048576K
}
Event: 47449.931 GC heap before
{Heap before GC invocations=258 (full 0):
 garbage-first heap   total 628736K, used 568240K [0x0000000700000000, 0x0000000800000000)
  region size 2048K, 137 young (280576K), 15 survivors (30720K)
 Metaspace       used 182956K, committed 186112K, reserved 1245184K
  class space    used 23870K, committed 25408K, reserved 1048576K
}
Event: 47449.949 GC heap after
{Heap after GC invocations=259 (full 0):
 garbage-first heap   total 628736K, used 306954K [0x0000000700000000, 0x0000000800000000)
  region size 2048K, 8 young (16384K), 8 survivors (16384K)
 Metaspace       used 182956K, committed 186112K, reserved 1245184K
  class space    used 23870K, committed 25408K, reserved 1048576K
}
Event: 47449.974 GC heap before
{Heap before GC invocations=259 (full 0):
 garbage-first heap   total 628736K, used 321290K [0x0000000700000000, 0x0000000800000000)
  region size 2048K, 16 young (32768K), 8 survivors (16384K)
 Metaspace       used 183114K, committed 186240K, reserved 1245184K
  class space    used 23890K, committed 25408K, reserved 1048576K
}
Event: 47449.983 GC heap after
{Heap after GC invocations=260 (full 0):
 garbage-first heap   total 628736K, used 295506K [0x0000000700000000, 0x0000000800000000)
  region size 2048K, 2 young (4096K), 2 survivors (4096K)
 Metaspace       used 183114K, committed 186240K, reserved 1245184K
  class space    used 23890K, committed 25408K, reserved 1048576K
}
Event: 47450.165 GC heap before
{Heap before GC invocations=260 (full 0):
 garbage-first heap   total 628736K, used 334418K [0x0000000700000000, 0x0000000800000000)
  region size 2048K, 23 young (47104K), 2 survivors (4096K)
 Metaspace       used 185013K, committed 188032K, reserved 1245184K
  class space    used 24179K, committed 25600K, reserved 1048576K
}
Event: 47450.172 GC heap after
{Heap after GC invocations=261 (full 0):
 garbage-first heap   total 628736K, used 299333K [0x0000000700000000, 0x0000000800000000)
  region size 2048K, 4 young (8192K), 4 survivors (8192K)
 Metaspace       used 185013K, committed 188032K, reserved 1245184K
  class space    used 24179K, committed 25600K, reserved 1048576K
}
Event: 47451.391 GC heap before
{Heap before GC invocations=262 (full 0):
 garbage-first heap   total 628736K, used 547141K [0x0000000700000000, 0x0000000800000000)
  region size 2048K, 109 young (223232K), 4 survivors (8192K)
 Metaspace       used 198532K, committed 201600K, reserved 1245184K
  class space    used 26562K, committed 28032K, reserved 1048576K
}
Event: 47451.423 GC heap after
{Heap after GC invocations=263 (full 0):
 garbage-first heap   total 628736K, used 358500K [0x0000000700000000, 0x0000000800000000)
  region size 2048K, 14 young (28672K), 14 survivors (28672K)
 Metaspace       used 198532K, committed 201600K, reserved 1245184K
  class space    used 26562K, committed 28032K, reserved 1048576K
}
Event: 47451.431 GC heap before
{Heap before GC invocations=263 (full 0):
 garbage-first heap   total 628736K, used 360548K [0x0000000700000000, 0x0000000800000000)
  region size 2048K, 15 young (30720K), 14 survivors (28672K)
 Metaspace       used 198544K, committed 201600K, reserved 1245184K
  class space    used 26565K, committed 28032K, reserved 1048576K
}
Event: 47451.455 GC heap after
{Heap after GC invocations=264 (full 0):
 garbage-first heap   total 628736K, used 360275K [0x0000000700000000, 0x0000000800000000)
  region size 2048K, 2 young (4096K), 2 survivors (4096K)
 Metaspace       used 198544K, committed 201600K, reserved 1245184K
  class space    used 26565K, committed 28032K, reserved 1048576K
}
Event: 47452.500 GC heap before
{Heap before GC invocations=264 (full 0):
 garbage-first heap   total 628736K, used 501587K [0x0000000700000000, 0x0000000800000000)
  region size 2048K, 73 young (149504K), 2 survivors (4096K)
 Metaspace       used 200873K, committed 204032K, reserved 1245184K
  class space    used 26724K, committed 28224K, reserved 1048576K
}

