# JRE version: OpenJDK Runtime Environment (17.0.9) (build 17.0.9+0--11185874)
# Java VM: OpenJDK 64-Bit Server VM (17.0.9+0--11185874, mixed mode, tiered, compressed oops, compressed class ptrs, g1 gc, windows-amd64)
GC Precious Log:
 CPUs: 8 total, 8 available
 Memory: 16082M
 Large Page Support: Disabled
 NUMA Support: Disabled
 Compressed Oops: Enabled (Zero based)
 Heap Region Size: 2M
 Heap Min Capacity: 8M
 Heap Initial Capacity: 252M
 Heap Max Capacity: 4G
 Pre-touch: Disabled
 Parallel Workers: 8
 Concurrent Workers: 2
 Concurrent Refinement Workers: 8
 Periodic GC: Disabled
Heap:
 garbage-first heap   total 438272K, used 226330K [0x0000000700000000, 0x0000000800000000)
  region size 2048K, 1 young (2048K), 1 survivors (2048K)
 Metaspace       used 170048K, committed 171776K, reserved 1245184K
  class space    used 23127K, committed 23872K, reserved 1048576K
GC Heap History (20 events):
Event: 623.809 GC heap after
{Heap after GC invocations=51 (full 0):
 garbage-first heap   total 364544K, used 181951K [0x0000000700000000, 0x0000000800000000)
  region size 2048K, 8 young (16384K), 8 survivors (16384K)
 Metaspace       used 146471K, committed 147840K, reserved 1179648K
  class space    used 20102K, committed 20672K, reserved 1048576K
}
Event: 623.829 GC heap before
{Heap before GC invocations=51 (full 0):
 garbage-first heap   total 364544K, used 183999K [0x0000000700000000, 0x0000000800000000)
  region size 2048K, 9 young (18432K), 8 survivors (16384K)
 Metaspace       used 146629K, committed 148032K, reserved 1179648K
  class space    used 20118K, committed 20672K, reserved 1048576K
}
Event: 623.838 GC heap after
{Heap after GC invocations=52 (full 0):
 garbage-first heap   total 364544K, used 179106K [0x0000000700000000, 0x0000000800000000)
  region size 2048K, 2 young (4096K), 2 survivors (4096K)
 Metaspace       used 146629K, committed 148032K, reserved 1179648K
  class space    used 20118K, committed 20672K, reserved 1048576K
}
Event: 624.353 GC heap before
{Heap before GC invocations=52 (full 0):
 garbage-first heap   total 364544K, used 289698K [0x0000000700000000, 0x0000000800000000)
  region size 2048K, 57 young (116736K), 2 survivors (4096K)
 Metaspace       used 148739K, committed 150272K, reserved 1179648K
  class space    used 20486K, committed 21120K, reserved 1048576K
}
Event: 624.363 GC heap after
{Heap after GC invocations=53 (full 0):
 garbage-first heap   total 438272K, used 193113K [0x0000000700000000, 0x0000000800000000)
  region size 2048K, 8 young (16384K), 8 survivors (16384K)
 Metaspace       used 148739K, committed 150272K, reserved 1179648K
  class space    used 20486K, committed 21120K, reserved 1048576K
}
Event: 625.457 GC heap before
{Heap before GC invocations=54 (full 0):
 garbage-first heap   total 438272K, used 346713K [0x0000000700000000, 0x0000000800000000)
  region size 2048K, 83 young (169984K), 8 survivors (16384K)
 Metaspace       used 158220K, committed 159872K, reserved 1245184K
  class space    used 21727K, committed 22400K, reserved 1048576K
}
Event: 625.475 GC heap after
{Heap after GC invocations=55 (full 0):
 garbage-first heap   total 438272K, used 215494K [0x0000000700000000, 0x0000000800000000)
  region size 2048K, 11 young (22528K), 11 survivors (22528K)
 Metaspace       used 158220K, committed 159872K, reserved 1245184K
  class space    used 21727K, committed 22400K, reserved 1048576K
}
Event: 625.484 GC heap before
{Heap before GC invocations=55 (full 0):
 garbage-first heap   total 438272K, used 217542K [0x0000000700000000, 0x0000000800000000)
  region size 2048K, 12 young (24576K), 11 survivors (22528K)
 Metaspace       used 158451K, committed 160064K, reserved 1245184K
  class space    used 21756K, committed 22400K, reserved 1048576K
}
Event: 625.499 GC heap after
{Heap after GC invocations=56 (full 0):
 garbage-first heap   total 438272K, used 215306K [0x0000000700000000, 0x0000000800000000)
  region size 2048K, 2 young (4096K), 2 survivors (4096K)
 Metaspace       used 158451K, committed 160064K, reserved 1245184K
  class space    used 21756K, committed 22400K, reserved 1048576K
}
Event: 625.652 GC heap before
{Heap before GC invocations=56 (full 0):
 garbage-first heap   total 438272K, used 235786K [0x0000000700000000, 0x0000000800000000)
  region size 2048K, 13 young (26624K), 2 survivors (4096K)
 Metaspace       used 161615K, committed 163264K, reserved 1245184K
  class space    used 22165K, committed 22848K, reserved 1048576K
}
Event: 625.655 GC heap after
{Heap after GC invocations=57 (full 0):
 garbage-first heap   total 438272K, used 214526K [0x0000000700000000, 0x0000000800000000)
  region size 2048K, 1 young (2048K), 1 survivors (2048K)
 Metaspace       used 161615K, committed 163264K, reserved 1245184K
  class space    used 22165K, committed 22848K, reserved 1048576K
}
Event: 634.200 GC heap before
{Heap before GC invocations=58 (full 0):
 garbage-first heap   total 438272K, used 349694K [0x0000000700000000, 0x0000000800000000)
  region size 2048K, 67 young (137216K), 1 survivors (2048K)
 Metaspace       used 169058K, committed 170752K, reserved 1245184K
  class space    used 23012K, committed 23744K, reserved 1048576K
}
Event: 634.206 GC heap after
{Heap after GC invocations=59 (full 0):
 garbage-first heap   total 438272K, used 222982K [0x0000000700000000, 0x0000000800000000)
  region size 2048K, 5 young (10240K), 5 survivors (10240K)
 Metaspace       used 169058K, committed 170752K, reserved 1245184K
  class space    used 23012K, committed 23744K, reserved 1048576K
}
Event: 634.223 GC heap before
{Heap before GC invocations=59 (full 0):
 garbage-first heap   total 438272K, used 233222K [0x0000000700000000, 0x0000000800000000)
  region size 2048K, 10 young (20480K), 5 survivors (10240K)
 Metaspace       used 169066K, committed 170752K, reserved 1245184K
  class space    used 23012K, committed 23744K, reserved 1048576K
}
Event: 634.234 GC heap after
{Heap after GC invocations=60 (full 0):
 garbage-first heap   total 438272K, used 220141K [0x0000000700000000, 0x0000000800000000)
  region size 2048K, 1 young (2048K), 1 survivors (2048K)
 Metaspace       used 169066K, committed 170752K, reserved 1245184K
  class space    used 23012K, committed 23744K, reserved 1048576K
}
Event: 634.414 GC heap before
{Heap before GC invocations=60 (full 0):
 garbage-first heap   total 438272K, used 248813K [0x0000000700000000, 0x0000000800000000)
  region size 2048K, 16 young (32768K), 1 survivors (2048K)
 Metaspace       used 169571K, committed 171264K, reserved 1245184K
  class space    used 23086K, committed 23808K, reserved 1048576K
}
Event: 634.417 GC heap after
{Heap after GC invocations=61 (full 0):
 garbage-first heap   total 438272K, used 222171K [0x0000000700000000, 0x0000000800000000)
  region size 2048K, 2 young (4096K), 2 survivors (4096K)
 Metaspace       used 169571K, committed 171264K, reserved 1245184K
  class space    used 23086K, committed 23808K, reserved 1048576K
}
Event: 634.842 GC heap before
{Heap before GC invocations=62 (full 0):
 garbage-first heap   total 438272K, used 361435K [0x0000000700000000, 0x0000000800000000)
  region size 2048K, 68 young (139264K), 2 survivors (4096K)
 Metaspace       used 170048K, committed 171776K, reserved 1245184K
  class space    used 23127K, committed 23872K, reserved 1048576K
}
Event: 634.848 GC heap after
{Heap after GC invocations=63 (full 0):
 garbage-first heap   total 438272K, used 229041K [0x0000000700000000, 0x0000000800000000)
  region size 2048K, 5 young (10240K), 5 survivors (10240K)
 Metaspace       used 170048K, committed 171776K, reserved 1245184K
  class space    used 23127K, committed 23872K, reserved 1048576K
}
Event: 634.864 GC heap before
{Heap before GC invocations=63 (full 0):
 garbage-first heap   total 438272K, used 239281K [0x0000000700000000, 0x0000000800000000)
  region size 2048K, 10 young (20480K), 5 survivors (10240K)
 Metaspace       used 170048K, committed 171776K, reserved 1245184K
  class space    used 23127K, committed 23872K, reserved 1048576K
}

