# JRE version: OpenJDK Runtime Environment (17.0.9) (build 17.0.9+0--11185874)
# Java VM: OpenJDK 64-Bit Server VM (17.0.9+0--11185874, mixed mode, tiered, compressed oops, compressed class ptrs, g1 gc, windows-amd64)
GC Precious Log:
 CPUs: 8 total, 8 available
 Memory: 16082M
 Large Page Support: Disabled
 NUMA Support: Disabled
 Compressed Oops: Enabled (Zero based)
 Heap Region Size: 2M
 Heap Min Capacity: 8M
 Heap Initial Capacity: 252M
 Heap Max Capacity: 4G
 Pre-touch: Disabled
 Parallel Workers: 8
 Concurrent Workers: 2
 Concurrent Refinement Workers: 8
 Periodic GC: Disabled
Heap:
 garbage-first heap   total 399360K, used 271931K [0x0000000700000000, 0x0000000800000000)
  region size 2048K, 55 young (112640K), 1 survivors (2048K)
 Metaspace       used 145396K, committed 146944K, reserved 1179648K
  class space    used 20009K, committed 20672K, reserved 1048576K
GC Heap History (20 events):
Event: 27.601 GC heap before
{Heap before GC invocations=39 (full 0):
 garbage-first heap   total 317440K, used 250813K [0x0000000700000000, 0x0000000800000000)
  region size 2048K, 46 young (94208K), 6 survivors (12288K)
 Metaspace       used 117774K, committed 118912K, reserved 1179648K
  class space    used 16088K, committed 16576K, reserved 1048576K
}
Event: 27.614 GC heap after
{Heap after GC invocations=40 (full 0):
 garbage-first heap   total 317440K, used 178656K [0x0000000700000000, 0x0000000800000000)
  region size 2048K, 5 young (10240K), 5 survivors (10240K)
 Metaspace       used 117774K, committed 118912K, reserved 1179648K
  class space    used 16088K, committed 16576K, reserved 1048576K
}
Event: 28.420 GC heap before
{Heap before GC invocations=40 (full 0):
 garbage-first heap   total 317440K, used 252384K [0x0000000700000000, 0x0000000800000000)
  region size 2048K, 42 young (86016K), 5 survivors (10240K)
 Metaspace       used 121022K, committed 122176K, reserved 1179648K
  class space    used 16466K, committed 16960K, reserved 1048576K
}
Event: 28.426 GC heap after
{Heap after GC invocations=41 (full 0):
 garbage-first heap   total 317440K, used 178383K [0x0000000700000000, 0x0000000800000000)
  region size 2048K, 3 young (6144K), 3 survivors (6144K)
 Metaspace       used 121022K, committed 122176K, reserved 1179648K
  class space    used 16466K, committed 16960K, reserved 1048576K
}
Event: 28.732 GC heap before
{Heap before GC invocations=41 (full 0):
 garbage-first heap   total 317440K, used 219343K [0x0000000700000000, 0x0000000800000000)
  region size 2048K, 24 young (49152K), 3 survivors (6144K)
 Metaspace       used 122722K, committed 123840K, reserved 1179648K
  class space    used 16740K, committed 17280K, reserved 1048576K
}
Event: 28.738 GC heap after
{Heap after GC invocations=42 (full 0):
 garbage-first heap   total 317440K, used 179714K [0x0000000700000000, 0x0000000800000000)
  region size 2048K, 3 young (6144K), 3 survivors (6144K)
 Metaspace       used 122722K, committed 123840K, reserved 1179648K
  class space    used 16740K, committed 17280K, reserved 1048576K
}
Event: 86.656 GC heap before
{Heap before GC invocations=43 (full 0):
 garbage-first heap   total 317440K, used 257538K [0x0000000700000000, 0x0000000800000000)
  region size 2048K, 42 young (86016K), 3 survivors (6144K)
 Metaspace       used 124387K, committed 125632K, reserved 1179648K
  class space    used 16977K, committed 17536K, reserved 1048576K
}
Event: 86.663 GC heap after
{Heap after GC invocations=44 (full 0):
 garbage-first heap   total 317440K, used 184084K [0x0000000700000000, 0x0000000800000000)
  region size 2048K, 5 young (10240K), 5 survivors (10240K)
 Metaspace       used 124387K, committed 125632K, reserved 1179648K
  class space    used 16977K, committed 17536K, reserved 1048576K
}
Event: 86.695 GC heap before
{Heap before GC invocations=44 (full 0):
 garbage-first heap   total 317440K, used 186132K [0x0000000700000000, 0x0000000800000000)
  region size 2048K, 7 young (14336K), 5 survivors (10240K)
 Metaspace       used 125130K, committed 126400K, reserved 1179648K
  class space    used 17072K, committed 17664K, reserved 1048576K
}
Event: 86.699 GC heap after
{Heap after GC invocations=45 (full 0):
 garbage-first heap   total 317440K, used 183648K [0x0000000700000000, 0x0000000800000000)
  region size 2048K, 1 young (2048K), 1 survivors (2048K)
 Metaspace       used 125130K, committed 126400K, reserved 1179648K
  class space    used 17072K, committed 17664K, reserved 1048576K
}
Event: 87.433 GC heap before
{Heap before GC invocations=45 (full 0):
 garbage-first heap   total 317440K, used 261472K [0x0000000700000000, 0x0000000800000000)
  region size 2048K, 40 young (81920K), 1 survivors (2048K)
 Metaspace       used 134301K, committed 135552K, reserved 1179648K
  class space    used 18192K, committed 18752K, reserved 1048576K
}
Event: 87.436 GC heap after
{Heap after GC invocations=46 (full 0):
 garbage-first heap   total 317440K, used 187910K [0x0000000700000000, 0x0000000800000000)
  region size 2048K, 3 young (6144K), 3 survivors (6144K)
 Metaspace       used 134301K, committed 135552K, reserved 1179648K
  class space    used 18192K, committed 18752K, reserved 1048576K
}
Event: 87.919 GC heap before
{Heap before GC invocations=46 (full 0):
 garbage-first heap   total 317440K, used 263686K [0x0000000700000000, 0x0000000800000000)
  region size 2048K, 40 young (81920K), 3 survivors (6144K)
 Metaspace       used 136469K, committed 137792K, reserved 1179648K
  class space    used 18517K, committed 19136K, reserved 1048576K
}
Event: 87.926 GC heap after
{Heap after GC invocations=47 (full 0):
 garbage-first heap   total 317440K, used 192506K [0x0000000700000000, 0x0000000800000000)
  region size 2048K, 3 young (6144K), 3 survivors (6144K)
 Metaspace       used 136469K, committed 137792K, reserved 1179648K
  class space    used 18517K, committed 19136K, reserved 1048576K
}
Event: 88.878 GC heap before
{Heap before GC invocations=48 (full 0):
 garbage-first heap   total 331776K, used 260090K [0x0000000700000000, 0x0000000800000000)
  region size 2048K, 37 young (75776K), 3 survivors (6144K)
 Metaspace       used 142986K, committed 144320K, reserved 1179648K
  class space    used 19603K, committed 20224K, reserved 1048576K
}
Event: 88.886 GC heap after
{Heap after GC invocations=49 (full 0):
 garbage-first heap   total 331776K, used 196843K [0x0000000700000000, 0x0000000800000000)
  region size 2048K, 5 young (10240K), 5 survivors (10240K)
 Metaspace       used 142986K, committed 144320K, reserved 1179648K
  class space    used 19603K, committed 20224K, reserved 1048576K
}
Event: 88.961 GC heap before
{Heap before GC invocations=49 (full 0):
 garbage-first heap   total 331776K, used 202987K [0x0000000700000000, 0x0000000800000000)
  region size 2048K, 8 young (16384K), 5 survivors (10240K)
 Metaspace       used 143324K, committed 144640K, reserved 1179648K
  class space    used 19659K, committed 20224K, reserved 1048576K
}
Event: 88.972 GC heap after
{Heap after GC invocations=50 (full 0):
 garbage-first heap   total 331776K, used 170301K [0x0000000700000000, 0x0000000800000000)
  region size 2048K, 1 young (2048K), 1 survivors (2048K)
 Metaspace       used 143324K, committed 144640K, reserved 1179648K
  class space    used 19659K, committed 20224K, reserved 1048576K
}
Event: 89.032 GC heap before
{Heap before GC invocations=50 (full 0):
 garbage-first heap   total 331776K, used 182589K [0x0000000700000000, 0x0000000800000000)
  region size 2048K, 8 young (16384K), 1 survivors (2048K)
 Metaspace       used 143465K, committed 144832K, reserved 1179648K
  class space    used 19681K, committed 20288K, reserved 1048576K
}
Event: 89.039 GC heap after
{Heap after GC invocations=51 (full 0):
 garbage-first heap   total 399360K, used 165435K [0x0000000700000000, 0x0000000800000000)
  region size 2048K, 1 young (2048K), 1 survivors (2048K)
 Metaspace       used 143465K, committed 144832K, reserved 1179648K
  class space    used 19681K, committed 20288K, reserved 1048576K
}

