# JRE version: OpenJDK Runtime Environment Microsoft-8902769 (17.0.10+7) (build 17.0.10+7-LTS)
# Java VM: OpenJDK 64-Bit Server VM Microsoft-8902769 (17.0.10+7-LTS, mixed mode, sharing, tiered, compressed oops, compressed class ptrs, g1 gc, windows-amd64)
GC Precious Log:
 CPUs: 8 total, 8 available
 Memory: 16082M
 Large Page Support: Disabled
 NUMA Support: Disabled
 Compressed Oops: Enabled (Zero based)
 Heap Region Size: 2M
 Heap Min Capacity: 8M
 Heap Initial Capacity: 252M
 Heap Max Capacity: 4G
 Pre-touch: Disabled
 Parallel Workers: 8
 Concurrent Workers: 2
 Concurrent Refinement Workers: 8
 Periodic GC: Disabled
Heap:
 garbage-first heap   total 344064K, used 185149K [0x0000000700000000, 0x0000000800000000)
  region size 2048K, 7 young (14336K), 7 survivors (14336K)
 Metaspace       used 118308K, committed 119680K, reserved 1179648K
  class space    used 16316K, committed 16896K, reserved 1048576K
GC Heap History (20 events):
Event: 16.215 GC heap after
{Heap after GC invocations=32 (full 0):
 garbage-first heap   total 256000K, used 152150K [0x0000000700000000, 0x0000000800000000)
  region size 2048K, 3 young (6144K), 3 survivors (6144K)
 Metaspace       used 91488K, committed 92480K, reserved 1179648K
  class space    used 12583K, committed 13056K, reserved 1048576K
}
Event: 16.296 GC heap before
{Heap before GC invocations=32 (full 0):
 garbage-first heap   total 256000K, used 158294K [0x0000000700000000, 0x0000000800000000)
  region size 2048K, 6 young (12288K), 3 survivors (6144K)
 Metaspace       used 91707K, committed 92672K, reserved 1179648K
  class space    used 12613K, committed 13056K, reserved 1048576K
}
Event: 16.304 GC heap after
{Heap after GC invocations=33 (full 0):
 garbage-first heap   total 256000K, used 151401K [0x0000000700000000, 0x0000000800000000)
  region size 2048K, 1 young (2048K), 1 survivors (2048K)
 Metaspace       used 91707K, committed 92672K, reserved 1179648K
  class space    used 12613K, committed 13056K, reserved 1048576K
}
Event: 18.323 GC heap before
{Heap before GC invocations=33 (full 0):
 garbage-first heap   total 256000K, used 202601K [0x0000000700000000, 0x0000000800000000)
  region size 2048K, 26 young (53248K), 1 survivors (2048K)
 Metaspace       used 92781K, committed 93760K, reserved 1179648K
  class space    used 12722K, committed 13184K, reserved 1048576K
}
Event: 18.334 GC heap after
{Heap after GC invocations=34 (full 0):
 garbage-first heap   total 344064K, used 160876K [0x0000000700000000, 0x0000000800000000)
  region size 2048K, 4 young (8192K), 4 survivors (8192K)
 Metaspace       used 92781K, committed 93760K, reserved 1179648K
  class space    used 12722K, committed 13184K, reserved 1048576K
}
Event: 744.351 GC heap before
{Heap before GC invocations=35 (full 0):
 garbage-first heap   total 344064K, used 259180K [0x0000000700000000, 0x0000000800000000)
  region size 2048K, 53 young (108544K), 4 survivors (8192K)
 Metaspace       used 94359K, committed 95424K, reserved 1179648K
  class space    used 12883K, committed 13376K, reserved 1048576K
}
Event: 744.362 GC heap after
{Heap after GC invocations=36 (full 0):
 garbage-first heap   total 344064K, used 167994K [0x0000000700000000, 0x0000000800000000)
  region size 2048K, 4 young (8192K), 4 survivors (8192K)
 Metaspace       used 94359K, committed 95424K, reserved 1179648K
  class space    used 12883K, committed 13376K, reserved 1048576K
}
Event: 744.434 GC heap before
{Heap before GC invocations=36 (full 0):
 garbage-first heap   total 344064K, used 180282K [0x0000000700000000, 0x0000000800000000)
  region size 2048K, 8 young (16384K), 4 survivors (8192K)
 Metaspace       used 95528K, committed 96576K, reserved 1179648K
  class space    used 13030K, committed 13504K, reserved 1048576K
}
Event: 744.439 GC heap after
{Heap after GC invocations=37 (full 0):
 garbage-first heap   total 344064K, used 174975K [0x0000000700000000, 0x0000000800000000)
  region size 2048K, 1 young (2048K), 1 survivors (2048K)
 Metaspace       used 95528K, committed 96576K, reserved 1179648K
  class space    used 13030K, committed 13504K, reserved 1048576K
}
Event: 745.180 GC heap before
{Heap before GC invocations=37 (full 0):
 garbage-first heap   total 344064K, used 267135K [0x0000000700000000, 0x0000000800000000)
  region size 2048K, 47 young (96256K), 1 survivors (2048K)
 Metaspace       used 105534K, committed 106624K, reserved 1179648K
  class space    used 14289K, committed 14784K, reserved 1048576K
}
Event: 745.184 GC heap after
{Heap after GC invocations=38 (full 0):
 garbage-first heap   total 344064K, used 180321K [0x0000000700000000, 0x0000000800000000)
  region size 2048K, 4 young (8192K), 4 survivors (8192K)
 Metaspace       used 105534K, committed 106624K, reserved 1179648K
  class space    used 14289K, committed 14784K, reserved 1048576K
}
Event: 745.649 GC heap before
{Heap before GC invocations=38 (full 0):
 garbage-first heap   total 344064K, used 274529K [0x0000000700000000, 0x0000000800000000)
  region size 2048K, 50 young (102400K), 4 survivors (8192K)
 Metaspace       used 108848K, committed 110016K, reserved 1179648K
  class space    used 14772K, committed 15296K, reserved 1048576K
}
Event: 745.654 GC heap after
{Heap after GC invocations=39 (full 0):
 garbage-first heap   total 344064K, used 185994K [0x0000000700000000, 0x0000000800000000)
  region size 2048K, 6 young (12288K), 6 survivors (12288K)
 Metaspace       used 108848K, committed 110016K, reserved 1179648K
  class space    used 14772K, committed 15296K, reserved 1048576K
}
Event: 746.379 GC heap before
{Heap before GC invocations=40 (full 0):
 garbage-first heap   total 344064K, used 278154K [0x0000000700000000, 0x0000000800000000)
  region size 2048K, 51 young (104448K), 6 survivors (12288K)
 Metaspace       used 116133K, committed 117312K, reserved 1179648K
  class space    used 15969K, committed 16512K, reserved 1048576K
}
Event: 746.388 GC heap after
{Heap after GC invocations=41 (full 0):
 garbage-first heap   total 344064K, used 194722K [0x0000000700000000, 0x0000000800000000)
  region size 2048K, 7 young (14336K), 7 survivors (14336K)
 Metaspace       used 116133K, committed 117312K, reserved 1179648K
  class space    used 15969K, committed 16512K, reserved 1048576K
}
Event: 746.399 GC heap before
{Heap before GC invocations=41 (full 0):
 garbage-first heap   total 344064K, used 196770K [0x0000000700000000, 0x0000000800000000)
  region size 2048K, 8 young (16384K), 7 survivors (14336K)
 Metaspace       used 116133K, committed 117312K, reserved 1179648K
  class space    used 15969K, committed 16512K, reserved 1048576K
}
Event: 746.407 GC heap after
{Heap after GC invocations=42 (full 0):
 garbage-first heap   total 344064K, used 166456K [0x0000000700000000, 0x0000000800000000)
  region size 2048K, 1 young (2048K), 1 survivors (2048K)
 Metaspace       used 116133K, committed 117312K, reserved 1179648K
  class space    used 15969K, committed 16512K, reserved 1048576K
}
Event: 746.468 GC heap before
{Heap before GC invocations=42 (full 0):
 garbage-first heap   total 344064K, used 178744K [0x0000000700000000, 0x0000000800000000)
  region size 2048K, 8 young (16384K), 1 survivors (2048K)
 Metaspace       used 116462K, committed 117632K, reserved 1179648K
  class space    used 16012K, committed 16576K, reserved 1048576K
}
Event: 746.470 GC heap after
{Heap after GC invocations=43 (full 0):
 garbage-first heap   total 344064K, used 166907K [0x0000000700000000, 0x0000000800000000)
  region size 2048K, 1 young (2048K), 1 survivors (2048K)
 Metaspace       used 116462K, committed 117632K, reserved 1179648K
  class space    used 16012K, committed 16576K, reserved 1048576K
}
Event: 747.085 GC heap before
{Heap before GC invocations=43 (full 0):
 garbage-first heap   total 344064K, used 277499K [0x0000000700000000, 0x0000000800000000)
  region size 2048K, 55 young (112640K), 1 survivors (2048K)
 Metaspace       used 118308K, committed 119680K, reserved 1179648K
  class space    used 16316K, committed 16896K, reserved 1048576K
}

