# JRE version: OpenJDK Runtime Environment (17.0.9) (build 17.0.9+0--11185874)
# Java VM: OpenJDK 64-Bit Server VM (17.0.9+0--11185874, mixed mode, tiered, compressed oops, compressed class ptrs, g1 gc, windows-amd64)
GC Precious Log:
 CPUs: 8 total, 8 available
 Memory: 16082M
 Large Page Support: Disabled
 NUMA Support: Disabled
 Compressed Oops: Enabled (Zero based)
 Heap Region Size: 2M
 Heap Min Capacity: 8M
 Heap Initial Capacity: 252M
 Heap Max Capacity: 4G
 Pre-touch: Disabled
 Parallel Workers: 8
 Concurrent Workers: 2
 Concurrent Refinement Workers: 8
 Periodic GC: Disabled
Heap:
 garbage-first heap   total 423936K, used 374626K [0x0000000700000000, 0x0000000800000000)
  region size 2048K, 3 young (6144K), 2 survivors (4096K)
 Metaspace       used 133981K, committed 135296K, reserved 1179648K
  class space    used 17994K, committed 18560K, reserved 1048576K
GC Heap History (20 events):
Event: 16.679 GC heap before
{Heap before GC invocations=35 (full 0):
 garbage-first heap   total 294912K, used 227804K [0x0000000700000000, 0x0000000800000000)
  region size 2048K, 40 young (81920K), 5 survivors (10240K)
 Metaspace       used 109629K, committed 110720K, reserved 1179648K
  class space    used 15211K, committed 15680K, reserved 1048576K
}
Event: 16.689 GC heap after
{Heap after GC invocations=36 (full 0):
 garbage-first heap   total 294912K, used 163601K [0x0000000700000000, 0x0000000800000000)
  region size 2048K, 3 young (6144K), 3 survivors (6144K)
 Metaspace       used 109629K, committed 110720K, reserved 1179648K
  class space    used 15211K, committed 15680K, reserved 1048576K
}
Event: 17.353 GC heap before
{Heap before GC invocations=36 (full 0):
 garbage-first heap   total 294912K, used 235281K [0x0000000700000000, 0x0000000800000000)
  region size 2048K, 38 young (77824K), 3 survivors (6144K)
 Metaspace       used 114202K, committed 115328K, reserved 1179648K
  class space    used 15820K, committed 16256K, reserved 1048576K
}
Event: 17.361 GC heap after
{Heap after GC invocations=37 (full 0):
 garbage-first heap   total 294912K, used 169509K [0x0000000700000000, 0x0000000800000000)
  region size 2048K, 5 young (10240K), 5 survivors (10240K)
 Metaspace       used 114202K, committed 115328K, reserved 1179648K
  class space    used 15820K, committed 16256K, reserved 1048576K
}
Event: 17.980 GC heap before
{Heap before GC invocations=37 (full 0):
 garbage-first heap   total 294912K, used 241189K [0x0000000700000000, 0x0000000800000000)
  region size 2048K, 39 young (79872K), 5 survivors (10240K)
 Metaspace       used 118952K, committed 120128K, reserved 1179648K
  class space    used 16387K, committed 16832K, reserved 1048576K
}
Event: 17.992 GC heap after
{Heap after GC invocations=38 (full 0):
 garbage-first heap   total 294912K, used 179208K [0x0000000700000000, 0x0000000800000000)
  region size 2048K, 4 young (8192K), 4 survivors (8192K)
 Metaspace       used 118952K, committed 120128K, reserved 1179648K
  class space    used 16387K, committed 16832K, reserved 1048576K
}
Event: 18.534 GC heap before
{Heap before GC invocations=38 (full 0):
 garbage-first heap   total 294912K, used 250888K [0x0000000700000000, 0x0000000800000000)
  region size 2048K, 34 young (69632K), 4 survivors (8192K)
 Metaspace       used 119854K, committed 120960K, reserved 1179648K
  class space    used 16442K, committed 16896K, reserved 1048576K
}
Event: 18.543 GC heap after
{Heap after GC invocations=39 (full 0):
 garbage-first heap   total 294912K, used 195362K [0x0000000700000000, 0x0000000800000000)
  region size 2048K, 5 young (10240K), 5 survivors (10240K)
 Metaspace       used 119854K, committed 120960K, reserved 1179648K
  class space    used 16442K, committed 16896K, reserved 1048576K
}
Event: 19.338 GC heap before
{Heap before GC invocations=39 (full 0):
 garbage-first heap   total 294912K, used 240418K [0x0000000700000000, 0x0000000800000000)
  region size 2048K, 28 young (57344K), 5 survivors (10240K)
 Metaspace       used 121826K, committed 123008K, reserved 1179648K
  class space    used 16615K, committed 17088K, reserved 1048576K
}
Event: 19.342 GC heap after
{Heap after GC invocations=40 (full 0):
 garbage-first heap   total 354304K, used 186882K [0x0000000700000000, 0x0000000800000000)
  region size 2048K, 2 young (4096K), 2 survivors (4096K)
 Metaspace       used 121826K, committed 123008K, reserved 1179648K
  class space    used 16615K, committed 17088K, reserved 1048576K
}
Event: 20.317 GC heap before
{Heap before GC invocations=40 (full 0):
 garbage-first heap   total 354304K, used 297474K [0x0000000700000000, 0x0000000800000000)
  region size 2048K, 51 young (104448K), 2 survivors (4096K)
 Metaspace       used 122998K, committed 124224K, reserved 1179648K
  class space    used 16682K, committed 17216K, reserved 1048576K
}
Event: 20.322 GC heap after
{Heap after GC invocations=41 (full 0):
 garbage-first heap   total 354304K, used 194907K [0x0000000700000000, 0x0000000800000000)
  region size 2048K, 4 young (8192K), 4 survivors (8192K)
 Metaspace       used 122998K, committed 124224K, reserved 1179648K
  class space    used 16682K, committed 17216K, reserved 1048576K
}
Event: 21.100 GC heap before
{Heap before GC invocations=41 (full 0):
 garbage-first heap   total 354304K, used 295259K [0x0000000700000000, 0x0000000800000000)
  region size 2048K, 51 young (104448K), 4 survivors (8192K)
 Metaspace       used 129614K, committed 130880K, reserved 1179648K
  class space    used 17422K, committed 17920K, reserved 1048576K
}
Event: 21.111 GC heap after
{Heap after GC invocations=42 (full 0):
 garbage-first heap   total 354304K, used 201942K [0x0000000700000000, 0x0000000800000000)
  region size 2048K, 7 young (14336K), 7 survivors (14336K)
 Metaspace       used 129614K, committed 130880K, reserved 1179648K
  class space    used 17422K, committed 17920K, reserved 1048576K
}
Event: 21.713 GC heap before
{Heap before GC invocations=42 (full 0):
 garbage-first heap   total 354304K, used 292054K [0x0000000700000000, 0x0000000800000000)
  region size 2048K, 51 young (104448K), 7 survivors (14336K)
 Metaspace       used 131724K, committed 133056K, reserved 1179648K
  class space    used 17694K, committed 18304K, reserved 1048576K
}
Event: 21.727 GC heap after
{Heap after GC invocations=43 (full 0):
 garbage-first heap   total 354304K, used 212326K [0x0000000700000000, 0x0000000800000000)
  region size 2048K, 6 young (12288K), 6 survivors (12288K)
 Metaspace       used 131724K, committed 133056K, reserved 1179648K
  class space    used 17694K, committed 18304K, reserved 1048576K
}
Event: 22.163 GC heap before
{Heap before GC invocations=43 (full 0):
 garbage-first heap   total 354304K, used 245094K [0x0000000700000000, 0x0000000800000000)
  region size 2048K, 24 young (49152K), 6 survivors (12288K)
 Metaspace       used 133928K, committed 135232K, reserved 1179648K
  class space    used 17984K, committed 18560K, reserved 1048576K
}
Event: 22.169 GC heap after
{Heap after GC invocations=44 (full 0):
 garbage-first heap   total 354304K, used 208417K [0x0000000700000000, 0x0000000800000000)
  region size 2048K, 2 young (4096K), 2 survivors (4096K)
 Metaspace       used 133928K, committed 135232K, reserved 1179648K
  class space    used 17984K, committed 18560K, reserved 1048576K
}
Event: 22.175 GC heap before
{Heap before GC invocations=44 (full 0):
 garbage-first heap   total 354304K, used 247329K [0x0000000700000000, 0x0000000800000000)
  region size 2048K, 3 young (6144K), 2 survivors (4096K)
 Metaspace       used 133941K, committed 135232K, reserved 1179648K
  class space    used 17988K, committed 18560K, reserved 1048576K
}
Event: 22.178 GC heap after
{Heap after GC invocations=45 (full 0):
 garbage-first heap   total 354304K, used 246894K [0x0000000700000000, 0x0000000800000000)
  region size 2048K, 2 young (4096K), 2 survivors (4096K)
 Metaspace       used 133941K, committed 135232K, reserved 1179648K
  class space    used 17988K, committed 18560K, reserved 1048576K
}

