# JRE version: OpenJDK Runtime Environment (17.0.9) (build 17.0.9+0--11185874)
# Java VM: OpenJDK 64-Bit Server VM (17.0.9+0--11185874, mixed mode, tiered, compressed oops, compressed class ptrs, g1 gc, windows-amd64)
GC Precious Log:
 CPUs: 8 total, 8 available
 Memory: 16082M
 Large Page Support: Disabled
 NUMA Support: Disabled
 Compressed Oops: Enabled (Zero based)
 Heap Region Size: 2M
 Heap Min Capacity: 8M
 Heap Initial Capacity: 252M
 Heap Max Capacity: 4G
 Pre-touch: Disabled
 Parallel Workers: 8
 Concurrent Workers: 2
 Concurrent Refinement Workers: 8
 Periodic GC: Disabled
Heap:
 garbage-first heap   total 505856K, used 331082K [0x0000000700000000, 0x0000000800000000)
  region size 2048K, 7 young (14336K), 7 survivors (14336K)
 Metaspace       used 186274K, committed 187648K, reserved 1245184K
  class space    used 24110K, committed 24768K, reserved 1048576K
GC Heap History (20 events):
Event: 133.713 GC heap after
{Heap after GC invocations=79 (full 0):
 garbage-first heap   total 501760K, used 207945K [0x0000000700000000, 0x0000000800000000)
  region size 2048K, 9 young (18432K), 9 survivors (18432K)
 Metaspace       used 151299K, committed 152640K, reserved 1245184K
  class space    used 19687K, committed 20288K, reserved 1048576K
}
Event: 140.002 GC heap before
{Heap before GC invocations=79 (full 0):
 garbage-first heap   total 501760K, used 429129K [0x0000000700000000, 0x0000000800000000)
  region size 2048K, 110 young (225280K), 9 survivors (18432K)
 Metaspace       used 155595K, committed 156928K, reserved 1245184K
  class space    used 20199K, committed 20800K, reserved 1048576K
}
Event: 140.012 GC heap after
{Heap after GC invocations=80 (full 0):
 garbage-first heap   total 501760K, used 216145K [0x0000000700000000, 0x0000000800000000)
  region size 2048K, 5 young (10240K), 5 survivors (10240K)
 Metaspace       used 155595K, committed 156928K, reserved 1245184K
  class space    used 20199K, committed 20800K, reserved 1048576K
}
Event: 140.986 GC heap before
{Heap before GC invocations=80 (full 0):
 garbage-first heap   total 501760K, used 418897K [0x0000000700000000, 0x0000000800000000)
  region size 2048K, 104 young (212992K), 5 survivors (10240K)
 Metaspace       used 155618K, committed 156928K, reserved 1245184K
  class space    used 20202K, committed 20800K, reserved 1048576K
}
Event: 140.993 GC heap after
{Heap after GC invocations=81 (full 0):
 garbage-first heap   total 501760K, used 210528K [0x0000000700000000, 0x0000000800000000)
  region size 2048K, 5 young (10240K), 5 survivors (10240K)
 Metaspace       used 155618K, committed 156928K, reserved 1245184K
  class space    used 20202K, committed 20800K, reserved 1048576K
}
Event: 142.549 GC heap before
{Heap before GC invocations=81 (full 0):
 garbage-first heap   total 501760K, used 427616K [0x0000000700000000, 0x0000000800000000)
  region size 2048K, 108 young (221184K), 5 survivors (10240K)
 Metaspace       used 163853K, committed 165184K, reserved 1245184K
  class space    used 20984K, committed 21568K, reserved 1048576K
}
Event: 142.560 GC heap after
{Heap after GC invocations=82 (full 0):
 garbage-first heap   total 501760K, used 223183K [0x0000000700000000, 0x0000000800000000)
  region size 2048K, 8 young (16384K), 8 survivors (16384K)
 Metaspace       used 163853K, committed 165184K, reserved 1245184K
  class space    used 20984K, committed 21568K, reserved 1048576K
}
Event: 143.519 GC heap before
{Heap before GC invocations=82 (full 0):
 garbage-first heap   total 501760K, used 368591K [0x0000000700000000, 0x0000000800000000)
  region size 2048K, 80 young (163840K), 8 survivors (16384K)
 Metaspace       used 170122K, committed 171520K, reserved 1245184K
  class space    used 21656K, committed 22336K, reserved 1048576K
}
Event: 143.532 GC heap after
{Heap after GC invocations=83 (full 0):
 garbage-first heap   total 501760K, used 245305K [0x0000000700000000, 0x0000000800000000)
  region size 2048K, 14 young (28672K), 14 survivors (28672K)
 Metaspace       used 170122K, committed 171520K, reserved 1245184K
  class space    used 21656K, committed 22336K, reserved 1048576K
}
Event: 144.660 GC heap before
{Heap before GC invocations=84 (full 0):
 garbage-first heap   total 501760K, used 407097K [0x0000000700000000, 0x0000000800000000)
  region size 2048K, 97 young (198656K), 14 survivors (28672K)
 Metaspace       used 175726K, committed 177152K, reserved 1245184K
  class space    used 22422K, committed 23104K, reserved 1048576K
}
Event: 144.691 GC heap after
{Heap after GC invocations=85 (full 0):
 garbage-first heap   total 501760K, used 267171K [0x0000000700000000, 0x0000000800000000)
  region size 2048K, 13 young (26624K), 13 survivors (26624K)
 Metaspace       used 175726K, committed 177152K, reserved 1245184K
  class space    used 22422K, committed 23104K, reserved 1048576K
}
Event: 144.698 GC heap before
{Heap before GC invocations=85 (full 0):
 garbage-first heap   total 501760K, used 269219K [0x0000000700000000, 0x0000000800000000)
  region size 2048K, 14 young (28672K), 13 survivors (26624K)
 Metaspace       used 175728K, committed 177152K, reserved 1245184K
  class space    used 22423K, committed 23104K, reserved 1048576K
}
Event: 144.720 GC heap after
{Heap after GC invocations=86 (full 0):
 garbage-first heap   total 501760K, used 268001K [0x0000000700000000, 0x0000000800000000)
  region size 2048K, 2 young (4096K), 2 survivors (4096K)
 Metaspace       used 175728K, committed 177152K, reserved 1245184K
  class space    used 22423K, committed 23104K, reserved 1048576K
}
Event: 145.342 GC heap before
{Heap before GC invocations=86 (full 0):
 garbage-first heap   total 501760K, used 403169K [0x0000000700000000, 0x0000000800000000)
  region size 2048K, 69 young (141312K), 2 survivors (4096K)
 Metaspace       used 177584K, committed 179008K, reserved 1245184K
  class space    used 22578K, committed 23232K, reserved 1048576K
}
Event: 145.367 GC heap after
{Heap after GC invocations=87 (full 0):
 garbage-first heap   total 501760K, used 294701K [0x0000000700000000, 0x0000000800000000)
  region size 2048K, 9 young (18432K), 9 survivors (18432K)
 Metaspace       used 177584K, committed 179008K, reserved 1245184K
  class space    used 22578K, committed 23232K, reserved 1048576K
}
Event: 146.367 GC heap before
{Heap before GC invocations=88 (full 0):
 garbage-first heap   total 505856K, used 401197K [0x0000000700000000, 0x0000000800000000)
  region size 2048K, 63 young (129024K), 9 survivors (18432K)
 Metaspace       used 182327K, committed 183744K, reserved 1245184K
  class space    used 23453K, committed 24128K, reserved 1048576K
}
Event: 146.395 GC heap after
{Heap after GC invocations=89 (full 0):
 garbage-first heap   total 505856K, used 313053K [0x0000000700000000, 0x0000000800000000)
  region size 2048K, 8 young (16384K), 8 survivors (16384K)
 Metaspace       used 182327K, committed 183744K, reserved 1245184K
  class space    used 23453K, committed 24128K, reserved 1048576K
}
Event: 146.432 GC heap before
{Heap before GC invocations=89 (full 0):
 garbage-first heap   total 505856K, used 321245K [0x0000000700000000, 0x0000000800000000)
  region size 2048K, 12 young (24576K), 8 survivors (16384K)
 Metaspace       used 182447K, committed 183872K, reserved 1245184K
  class space    used 23469K, committed 24128K, reserved 1048576K
}
Event: 146.454 GC heap after
{Heap after GC invocations=90 (full 0):
 garbage-first heap   total 505856K, used 314442K [0x0000000700000000, 0x0000000800000000)
  region size 2048K, 2 young (4096K), 2 survivors (4096K)
 Metaspace       used 182447K, committed 183872K, reserved 1245184K
  class space    used 23469K, committed 24128K, reserved 1048576K
}
Event: 146.953 GC heap before
{Heap before GC invocations=90 (full 0):
 garbage-first heap   total 505856K, used 410698K [0x0000000700000000, 0x0000000800000000)
  region size 2048K, 49 young (100352K), 2 survivors (4096K)
 Metaspace       used 186274K, committed 187648K, reserved 1245184K
  class space    used 24110K, committed 24768K, reserved 1048576K
}

