# JRE version: OpenJDK Runtime Environment Microsoft-8902769 (17.0.10+7) (build 17.0.10+7-LTS)
# Java VM: OpenJDK 64-Bit Server VM Microsoft-8902769 (17.0.10+7-LTS, mixed mode, sharing, tiered, compressed oops, compressed class ptrs, g1 gc, windows-amd64)
GC Precious Log:
 CPUs: 8 total, 8 available
 Memory: 16082M
 Large Page Support: Disabled
 NUMA Support: Disabled
 Compressed Oops: Enabled (Zero based)
 Heap Region Size: 2M
 Heap Min Capacity: 8M
 Heap Initial Capacity: 252M
 Heap Max Capacity: 4G
 Pre-touch: Disabled
 Parallel Workers: 8
 Concurrent Workers: 2
 Concurrent Refinement Workers: 8
 Periodic GC: Disabled
Heap:
 garbage-first heap   total 561152K, used 166615K [0x0000000700000000, 0x0000000800000000)
  region size 2048K, 21 young (43008K), 5 survivors (10240K)
 Metaspace       used 112288K, committed 113472K, reserved 1179648K
  class space    used 15370K, committed 15936K, reserved 1048576K
GC Heap History (20 events):
Event: 19.221 GC heap before
{Heap before GC invocations=31 (full 0):
 garbage-first heap   total 204800K, used 160810K [0x0000000700000000, 0x0000000800000000)
  region size 2048K, 21 young (43008K), 3 survivors (6144K)
 Metaspace       used 91629K, committed 92608K, reserved 1179648K
  class space    used 12541K, committed 12992K, reserved 1048576K
}
Event: 19.228 GC heap after
{Heap after GC invocations=32 (full 0):
 garbage-first heap   total 204800K, used 129431K [0x0000000700000000, 0x0000000800000000)
  region size 2048K, 2 young (4096K), 2 survivors (4096K)
 Metaspace       used 91629K, committed 92608K, reserved 1179648K
  class space    used 12541K, committed 12992K, reserved 1048576K
}
Event: 20.901 GC heap before
{Heap before GC invocations=33 (full 0):
 garbage-first heap   total 223232K, used 166295K [0x0000000700000000, 0x0000000800000000)
  region size 2048K, 20 young (40960K), 2 survivors (4096K)
 Metaspace       used 92204K, committed 93248K, reserved 1179648K
  class space    used 12593K, committed 13056K, reserved 1048576K
}
Event: 20.909 GC heap after
{Heap after GC invocations=34 (full 0):
 garbage-first heap   total 223232K, used 133401K [0x0000000700000000, 0x0000000800000000)
  region size 2048K, 3 young (6144K), 3 survivors (6144K)
 Metaspace       used 92204K, committed 93248K, reserved 1179648K
  class space    used 12593K, committed 13056K, reserved 1048576K
}
Event: 34.664 GC heap before
{Heap before GC invocations=34 (full 0):
 garbage-first heap   total 223232K, used 137497K [0x0000000700000000, 0x0000000800000000)
  region size 2048K, 5 young (10240K), 3 survivors (6144K)
 Metaspace       used 92311K, committed 93312K, reserved 1179648K
  class space    used 12603K, committed 13056K, reserved 1048576K
}
Event: 34.670 GC heap after
{Heap after GC invocations=35 (full 0):
 garbage-first heap   total 223232K, used 133652K [0x0000000700000000, 0x0000000800000000)
  region size 2048K, 1 young (2048K), 1 survivors (2048K)
 Metaspace       used 92311K, committed 93312K, reserved 1179648K
  class space    used 12603K, committed 13056K, reserved 1048576K
}
Event: 35.041 GC heap before
{Heap before GC invocations=35 (full 0):
 garbage-first heap   total 223232K, used 176660K [0x0000000700000000, 0x0000000800000000)
  region size 2048K, 23 young (47104K), 1 survivors (2048K)
 Metaspace       used 92476K, committed 93504K, reserved 1179648K
  class space    used 12607K, committed 13056K, reserved 1048576K
}
Event: 35.045 GC heap after
{Heap after GC invocations=36 (full 0):
 garbage-first heap   total 223232K, used 136256K [0x0000000700000000, 0x0000000800000000)
  region size 2048K, 2 young (4096K), 2 survivors (4096K)
 Metaspace       used 92476K, committed 93504K, reserved 1179648K
  class space    used 12607K, committed 13056K, reserved 1048576K
}
Event: 35.755 GC heap before
{Heap before GC invocations=37 (full 0):
 garbage-first heap   total 239616K, used 179264K [0x0000000700000000, 0x0000000800000000)
  region size 2048K, 24 young (49152K), 2 survivors (4096K)
 Metaspace       used 98656K, committed 99712K, reserved 1179648K
  class space    used 13347K, committed 13824K, reserved 1048576K
}
Event: 35.761 GC heap after
{Heap after GC invocations=38 (full 0):
 garbage-first heap   total 239616K, used 138967K [0x0000000700000000, 0x0000000800000000)
  region size 2048K, 3 young (6144K), 3 survivors (6144K)
 Metaspace       used 98656K, committed 99712K, reserved 1179648K
  class space    used 13347K, committed 13824K, reserved 1048576K
}
Event: 35.770 GC heap before
{Heap before GC invocations=38 (full 0):
 garbage-first heap   total 239616K, used 141015K [0x0000000700000000, 0x0000000800000000)
  region size 2048K, 5 young (10240K), 3 survivors (6144K)
 Metaspace       used 98656K, committed 99712K, reserved 1179648K
  class space    used 13347K, committed 13824K, reserved 1048576K
}
Event: 35.778 GC heap after
{Heap after GC invocations=39 (full 0):
 garbage-first heap   total 239616K, used 121644K [0x0000000700000000, 0x0000000800000000)
  region size 2048K, 1 young (2048K), 1 survivors (2048K)
 Metaspace       used 98656K, committed 99712K, reserved 1179648K
  class space    used 13347K, committed 13824K, reserved 1048576K
}
Event: 35.796 GC heap before
{Heap before GC invocations=39 (full 0):
 garbage-first heap   total 239616K, used 127788K [0x0000000700000000, 0x0000000800000000)
  region size 2048K, 5 young (10240K), 1 survivors (2048K)
 Metaspace       used 98660K, committed 99712K, reserved 1179648K
  class space    used 13347K, committed 13824K, reserved 1048576K
}
Event: 35.800 GC heap after
{Heap after GC invocations=40 (full 0):
 garbage-first heap   total 239616K, used 121821K [0x0000000700000000, 0x0000000800000000)
  region size 2048K, 1 young (2048K), 1 survivors (2048K)
 Metaspace       used 98660K, committed 99712K, reserved 1179648K
  class space    used 13347K, committed 13824K, reserved 1048576K
}
Event: 36.617 GC heap before
{Heap before GC invocations=40 (full 0):
 garbage-first heap   total 239616K, used 187357K [0x0000000700000000, 0x0000000800000000)
  region size 2048K, 33 young (67584K), 1 survivors (2048K)
 Metaspace       used 104580K, committed 105664K, reserved 1179648K
  class space    used 14121K, committed 14592K, reserved 1048576K
}
Event: 36.622 GC heap after
{Heap after GC invocations=41 (full 0):
 garbage-first heap   total 239616K, used 127202K [0x0000000700000000, 0x0000000800000000)
  region size 2048K, 4 young (8192K), 4 survivors (8192K)
 Metaspace       used 104580K, committed 105664K, reserved 1179648K
  class space    used 14121K, committed 14592K, reserved 1048576K
}
Event: 37.063 GC heap before
{Heap before GC invocations=41 (full 0):
 garbage-first heap   total 239616K, used 190690K [0x0000000700000000, 0x0000000800000000)
  region size 2048K, 35 young (71680K), 4 survivors (8192K)
 Metaspace       used 105454K, committed 106560K, reserved 1179648K
  class space    used 14236K, committed 14720K, reserved 1048576K
}
Event: 37.069 GC heap after
{Heap after GC invocations=42 (full 0):
 garbage-first heap   total 239616K, used 130279K [0x0000000700000000, 0x0000000800000000)
  region size 2048K, 2 young (4096K), 2 survivors (4096K)
 Metaspace       used 105454K, committed 106560K, reserved 1179648K
  class space    used 14236K, committed 14720K, reserved 1048576K
}
Event: 38.083 GC heap before
{Heap before GC invocations=42 (full 0):
 garbage-first heap   total 239616K, used 193767K [0x0000000700000000, 0x0000000800000000)
  region size 2048K, 33 young (67584K), 2 survivors (4096K)
 Metaspace       used 111703K, committed 112832K, reserved 1179648K
  class space    used 15286K, committed 15808K, reserved 1048576K
}
Event: 38.092 GC heap after
{Heap after GC invocations=43 (full 0):
 garbage-first heap   total 561152K, used 135895K [0x0000000700000000, 0x0000000800000000)
  region size 2048K, 5 young (10240K), 5 survivors (10240K)
 Metaspace       used 111703K, committed 112832K, reserved 1179648K
  class space    used 15286K, committed 15808K, reserved 1048576K
}

