# JRE version: OpenJDK Runtime Environment (17.0.9) (build 17.0.9+0--11185874)
# Java VM: OpenJDK 64-Bit Server VM (17.0.9+0--11185874, mixed mode, tiered, compressed oops, compressed class ptrs, g1 gc, windows-amd64)
GC Precious Log:
 CPUs: 8 total, 8 available
 Memory: 16082M
 Large Page Support: Disabled
 NUMA Support: Disabled
 Compressed Oops: Enabled (Zero based)
 Heap Region Size: 2M
 Heap Min Capacity: 8M
 Heap Initial Capacity: 252M
 Heap Max Capacity: 4G
 Pre-touch: Disabled
 Parallel Workers: 8
 Concurrent Workers: 2
 Concurrent Refinement Workers: 8
 Periodic GC: Disabled
Heap:
 garbage-first heap   total 536576K, used 203937K [0x0000000700000000, 0x0000000800000000)
  region size 2048K, 44 young (90112K), 11 survivors (22528K)
 Metaspace       used 116927K, committed 118016K, reserved 1179648K
  class space    used 15853K, committed 16320K, reserved 1048576K
GC Heap History (20 events):
Event: 79.022 GC heap before
{Heap before GC invocations=67 (full 0):
 garbage-first heap   total 446464K, used 373526K [0x0000000700000000, 0x0000000800000000)
  region size 2048K, 130 young (266240K), 3 survivors (6144K)
 Metaspace       used 104461K, committed 105280K, reserved 1179648K
  class space    used 14088K, committed 14464K, reserved 1048576K
}
Event: 79.023 GC heap after
{Heap after GC invocations=68 (full 0):
 garbage-first heap   total 446464K, used 109108K [0x0000000700000000, 0x0000000800000000)
  region size 2048K, 1 young (2048K), 1 survivors (2048K)
 Metaspace       used 104461K, committed 105280K, reserved 1179648K
  class space    used 14088K, committed 14464K, reserved 1048576K
}
Event: 79.404 GC heap before
{Heap before GC invocations=68 (full 0):
 garbage-first heap   total 446464K, used 373300K [0x0000000700000000, 0x0000000800000000)
  region size 2048K, 130 young (266240K), 1 survivors (2048K)
 Metaspace       used 104476K, committed 105280K, reserved 1179648K
  class space    used 14088K, committed 14464K, reserved 1048576K
}
Event: 79.406 GC heap after
{Heap after GC invocations=69 (full 0):
 garbage-first heap   total 446464K, used 108927K [0x0000000700000000, 0x0000000800000000)
  region size 2048K, 1 young (2048K), 1 survivors (2048K)
 Metaspace       used 104476K, committed 105280K, reserved 1179648K
  class space    used 14088K, committed 14464K, reserved 1048576K
}
Event: 80.049 GC heap before
{Heap before GC invocations=69 (full 0):
 garbage-first heap   total 446464K, used 373119K [0x0000000700000000, 0x0000000800000000)
  region size 2048K, 130 young (266240K), 1 survivors (2048K)
 Metaspace       used 105312K, committed 106176K, reserved 1179648K
  class space    used 14198K, committed 14592K, reserved 1048576K
}
Event: 80.052 GC heap after
{Heap after GC invocations=70 (full 0):
 garbage-first heap   total 446464K, used 117896K [0x0000000700000000, 0x0000000800000000)
  region size 2048K, 5 young (10240K), 5 survivors (10240K)
 Metaspace       used 105312K, committed 106176K, reserved 1179648K
  class space    used 14198K, committed 14592K, reserved 1048576K
}
Event: 97.055 GC heap before
{Heap before GC invocations=70 (full 0):
 garbage-first heap   total 446464K, used 371848K [0x0000000700000000, 0x0000000800000000)
  region size 2048K, 131 young (268288K), 5 survivors (10240K)
 Metaspace       used 106846K, committed 107776K, reserved 1179648K
  class space    used 14410K, committed 14848K, reserved 1048576K
}
Event: 97.062 GC heap after
{Heap after GC invocations=71 (full 0):
 garbage-first heap   total 446464K, used 126038K [0x0000000700000000, 0x0000000800000000)
  region size 2048K, 9 young (18432K), 9 survivors (18432K)
 Metaspace       used 106846K, committed 107776K, reserved 1179648K
  class space    used 14410K, committed 14848K, reserved 1048576K
}
Event: 97.304 GC heap before
{Heap before GC invocations=71 (full 0):
 garbage-first heap   total 446464K, used 371798K [0x0000000700000000, 0x0000000800000000)
  region size 2048K, 130 young (266240K), 9 survivors (18432K)
 Metaspace       used 106861K, committed 107776K, reserved 1179648K
  class space    used 14410K, committed 14848K, reserved 1048576K
}
Event: 97.311 GC heap after
{Heap after GC invocations=72 (full 0):
 garbage-first heap   total 446464K, used 129337K [0x0000000700000000, 0x0000000800000000)
  region size 2048K, 11 young (22528K), 11 survivors (22528K)
 Metaspace       used 106861K, committed 107776K, reserved 1179648K
  class space    used 14410K, committed 14848K, reserved 1048576K
}
Event: 97.640 GC heap before
{Heap before GC invocations=72 (full 0):
 garbage-first heap   total 446464K, used 373049K [0x0000000700000000, 0x0000000800000000)
  region size 2048K, 130 young (266240K), 11 survivors (22528K)
 Metaspace       used 106862K, committed 107776K, reserved 1179648K
  class space    used 14410K, committed 14848K, reserved 1048576K
}
Event: 97.646 GC heap after
{Heap after GC invocations=73 (full 0):
 garbage-first heap   total 446464K, used 128117K [0x0000000700000000, 0x0000000800000000)
  region size 2048K, 6 young (12288K), 6 survivors (12288K)
 Metaspace       used 106862K, committed 107776K, reserved 1179648K
  class space    used 14410K, committed 14848K, reserved 1048576K
}
Event: 97.890 GC heap before
{Heap before GC invocations=73 (full 0):
 garbage-first heap   total 446464K, used 382069K [0x0000000700000000, 0x0000000800000000)
  region size 2048K, 130 young (266240K), 6 survivors (12288K)
 Metaspace       used 106862K, committed 107776K, reserved 1179648K
  class space    used 14410K, committed 14848K, reserved 1048576K
}
Event: 97.895 GC heap after
{Heap after GC invocations=74 (full 0):
 garbage-first heap   total 536576K, used 129318K [0x0000000700000000, 0x0000000800000000)
  region size 2048K, 6 young (12288K), 6 survivors (12288K)
 Metaspace       used 106862K, committed 107776K, reserved 1179648K
  class space    used 14410K, committed 14848K, reserved 1048576K
}
Event: 98.120 GC heap before
{Heap before GC invocations=74 (full 0):
 garbage-first heap   total 536576K, used 438566K [0x0000000700000000, 0x0000000800000000)
  region size 2048K, 157 young (321536K), 6 survivors (12288K)
 Metaspace       used 106862K, committed 107776K, reserved 1179648K
  class space    used 14410K, committed 14848K, reserved 1048576K
}
Event: 98.125 GC heap after
{Heap after GC invocations=75 (full 0):
 garbage-first heap   total 536576K, used 130510K [0x0000000700000000, 0x0000000800000000)
  region size 2048K, 7 young (14336K), 7 survivors (14336K)
 Metaspace       used 106862K, committed 107776K, reserved 1179648K
  class space    used 14410K, committed 14848K, reserved 1048576K
}
Event: 98.798 GC heap before
{Heap before GC invocations=75 (full 0):
 garbage-first heap   total 536576K, used 443854K [0x0000000700000000, 0x0000000800000000)
  region size 2048K, 157 young (321536K), 7 survivors (14336K)
 Metaspace       used 106871K, committed 107776K, reserved 1179648K
  class space    used 14410K, committed 14848K, reserved 1048576K
}
Event: 98.802 GC heap after
{Heap after GC invocations=76 (full 0):
 garbage-first heap   total 536576K, used 122707K [0x0000000700000000, 0x0000000800000000)
  region size 2048K, 3 young (6144K), 3 survivors (6144K)
 Metaspace       used 106871K, committed 107776K, reserved 1179648K
  class space    used 14410K, committed 14848K, reserved 1048576K
}
Event: 100.206 GC heap before
{Heap before GC invocations=76 (full 0):
 garbage-first heap   total 536576K, used 436051K [0x0000000700000000, 0x0000000800000000)
  region size 2048K, 157 young (321536K), 3 survivors (6144K)
 Metaspace       used 114519K, committed 115520K, reserved 1179648K
  class space    used 15504K, committed 15936K, reserved 1048576K
}
Event: 100.216 GC heap after
{Heap after GC invocations=77 (full 0):
 garbage-first heap   total 536576K, used 138401K [0x0000000700000000, 0x0000000800000000)
  region size 2048K, 11 young (22528K), 11 survivors (22528K)
 Metaspace       used 114519K, committed 115520K, reserved 1179648K
  class space    used 15504K, committed 15936K, reserved 1048576K
}

