# JRE version: OpenJDK Runtime Environment (17.0.9) (build 17.0.9+0--11185874)
# Java VM: OpenJDK 64-Bit Server VM (17.0.9+0--11185874, mixed mode, tiered, compressed oops, compressed class ptrs, g1 gc, windows-amd64)
GC Precious Log:
 CPUs: 8 total, 8 available
 Memory: 16082M
 Large Page Support: Disabled
 NUMA Support: Disabled
 Compressed Oops: Enabled (Zero based)
 Heap Region Size: 2M
 Heap Min Capacity: 8M
 Heap Initial Capacity: 252M
 Heap Max Capacity: 4G
 Pre-touch: Disabled
 Parallel Workers: 8
 Concurrent Workers: 2
 Concurrent Refinement Workers: 8
 Periodic GC: Disabled
Heap:
 garbage-first heap   total 358400K, used 184186K [0x0000000700000000, 0x0000000800000000)
  region size 2048K, 1 young (2048K), 1 survivors (2048K)
 Metaspace       used 110296K, committed 111552K, reserved 1179648K
  class space    used 15199K, committed 15744K, reserved 1048576K
GC Heap History (20 events):
Event: 10.404 GC heap after
{Heap after GC invocations=43 (full 0):
 garbage-first heap   total 256000K, used 143440K [0x0000000700000000, 0x0000000800000000)
  region size 2048K, 2 young (4096K), 2 survivors (4096K)
 Metaspace       used 103573K, committed 104576K, reserved 1179648K
  class space    used 14377K, committed 14848K, reserved 1048576K
}
Event: 10.472 GC heap before
{Heap before GC invocations=43 (full 0):
 garbage-first heap   total 256000K, used 151632K [0x0000000700000000, 0x0000000800000000)
  region size 2048K, 6 young (12288K), 2 survivors (4096K)
 Metaspace       used 104153K, committed 105152K, reserved 1179648K
  class space    used 14454K, committed 14912K, reserved 1048576K
}
Event: 10.476 GC heap after
{Heap after GC invocations=44 (full 0):
 garbage-first heap   total 256000K, used 145108K [0x0000000700000000, 0x0000000800000000)
  region size 2048K, 1 young (2048K), 1 survivors (2048K)
 Metaspace       used 104153K, committed 105152K, reserved 1179648K
  class space    used 14454K, committed 14912K, reserved 1048576K
}
Event: 10.836 GC heap before
{Heap before GC invocations=44 (full 0):
 garbage-first heap   total 256000K, used 198356K [0x0000000700000000, 0x0000000800000000)
  region size 2048K, 27 young (55296K), 1 survivors (2048K)
 Metaspace       used 106173K, committed 107200K, reserved 1179648K
  class space    used 14718K, committed 15168K, reserved 1048576K
}
Event: 10.842 GC heap after
{Heap after GC invocations=45 (full 0):
 garbage-first heap   total 256000K, used 153764K [0x0000000700000000, 0x0000000800000000)
  region size 2048K, 4 young (8192K), 4 survivors (8192K)
 Metaspace       used 106173K, committed 107200K, reserved 1179648K
  class space    used 14718K, committed 15168K, reserved 1048576K
}
Event: 11.215 GC heap before
{Heap before GC invocations=46 (full 0):
 garbage-first heap   total 276480K, used 196771K [0x0000000700000000, 0x0000000800000000)
  region size 2048K, 26 young (53248K), 4 survivors (8192K)
 Metaspace       used 107390K, committed 108480K, reserved 1179648K
  class space    used 14908K, committed 15360K, reserved 1048576K
}
Event: 11.223 GC heap after
{Heap after GC invocations=47 (full 0):
 garbage-first heap   total 276480K, used 159397K [0x0000000700000000, 0x0000000800000000)
  region size 2048K, 3 young (6144K), 3 survivors (6144K)
 Metaspace       used 107390K, committed 108480K, reserved 1179648K
  class space    used 14908K, committed 15360K, reserved 1048576K
}
Event: 11.255 GC heap before
{Heap before GC invocations=47 (full 0):
 garbage-first heap   total 276480K, used 163493K [0x0000000700000000, 0x0000000800000000)
  region size 2048K, 6 young (12288K), 3 survivors (6144K)
 Metaspace       used 107390K, committed 108480K, reserved 1179648K
  class space    used 14908K, committed 15360K, reserved 1048576K
}
Event: 11.259 GC heap after
{Heap after GC invocations=48 (full 0):
 garbage-first heap   total 350208K, used 159548K [0x0000000700000000, 0x0000000800000000)
  region size 2048K, 1 young (2048K), 1 survivors (2048K)
 Metaspace       used 107390K, committed 108480K, reserved 1179648K
  class space    used 14908K, committed 15360K, reserved 1048576K
}
Event: 28.107 GC heap before
{Heap before GC invocations=48 (full 0):
 garbage-first heap   total 350208K, used 259900K [0x0000000700000000, 0x0000000800000000)
  region size 2048K, 50 young (102400K), 1 survivors (2048K)
 Metaspace       used 108769K, committed 109824K, reserved 1179648K
  class space    used 15098K, committed 15552K, reserved 1048576K
}
Event: 28.113 GC heap after
{Heap after GC invocations=49 (full 0):
 garbage-first heap   total 350208K, used 165303K [0x0000000700000000, 0x0000000800000000)
  region size 2048K, 4 young (8192K), 4 survivors (8192K)
 Metaspace       used 108769K, committed 109824K, reserved 1179648K
  class space    used 15098K, committed 15552K, reserved 1048576K
}
Event: 28.650 GC heap before
{Heap before GC invocations=50 (full 0):
 garbage-first heap   total 350208K, used 273847K [0x0000000700000000, 0x0000000800000000)
  region size 2048K, 57 young (116736K), 4 survivors (8192K)
 Metaspace       used 109356K, committed 110464K, reserved 1179648K
  class space    used 15128K, committed 15616K, reserved 1048576K
}
Event: 28.661 GC heap after
{Heap after GC invocations=51 (full 0):
 garbage-first heap   total 350208K, used 182632K [0x0000000700000000, 0x0000000800000000)
  region size 2048K, 8 young (16384K), 8 survivors (16384K)
 Metaspace       used 109356K, committed 110464K, reserved 1179648K
  class space    used 15128K, committed 15616K, reserved 1048576K
}
Event: 28.671 GC heap before
{Heap before GC invocations=51 (full 0):
 garbage-first heap   total 350208K, used 184680K [0x0000000700000000, 0x0000000800000000)
  region size 2048K, 9 young (18432K), 8 survivors (16384K)
 Metaspace       used 109367K, committed 110528K, reserved 1179648K
  class space    used 15128K, committed 15616K, reserved 1048576K
}
Event: 28.681 GC heap after
{Heap after GC invocations=52 (full 0):
 garbage-first heap   total 350208K, used 184404K [0x0000000700000000, 0x0000000800000000)
  region size 2048K, 2 young (4096K), 2 survivors (4096K)
 Metaspace       used 109367K, committed 110528K, reserved 1179648K
  class space    used 15128K, committed 15616K, reserved 1048576K
}
Event: 45.054 GC heap before
{Heap before GC invocations=52 (full 0):
 garbage-first heap   total 350208K, used 272468K [0x0000000700000000, 0x0000000800000000)
  region size 2048K, 46 young (94208K), 2 survivors (4096K)
 Metaspace       used 109950K, committed 111104K, reserved 1179648K
  class space    used 15166K, committed 15680K, reserved 1048576K
}
Event: 45.064 GC heap after
{Heap after GC invocations=53 (full 0):
 garbage-first heap   total 350208K, used 196608K [0x0000000700000000, 0x0000000800000000)
  region size 2048K, 6 young (12288K), 6 survivors (12288K)
 Metaspace       used 109950K, committed 111104K, reserved 1179648K
  class space    used 15166K, committed 15680K, reserved 1048576K
}
Event: 45.459 GC heap before
{Heap before GC invocations=54 (full 0):
 garbage-first heap   total 358400K, used 274432K [0x0000000700000000, 0x0000000800000000)
  region size 2048K, 45 young (92160K), 6 survivors (12288K)
 Metaspace       used 110258K, committed 111488K, reserved 1179648K
  class space    used 15198K, committed 15744K, reserved 1048576K
}
Event: 45.469 GC heap after
{Heap after GC invocations=55 (full 0):
 garbage-first heap   total 358400K, used 206352K [0x0000000700000000, 0x0000000800000000)
  region size 2048K, 6 young (12288K), 6 survivors (12288K)
 Metaspace       used 110258K, committed 111488K, reserved 1179648K
  class space    used 15198K, committed 15744K, reserved 1048576K
}
Event: 45.494 GC heap before
{Heap before GC invocations=55 (full 0):
 garbage-first heap   total 358400K, used 210448K [0x0000000700000000, 0x0000000800000000)
  region size 2048K, 8 young (16384K), 6 survivors (12288K)
 Metaspace       used 110296K, committed 111552K, reserved 1179648K
  class space    used 15199K, committed 15744K, reserved 1048576K
}

