# JRE version: OpenJDK Runtime Environment (17.0.9) (build 17.0.9+0--11185874)
# Java VM: OpenJDK 64-Bit Server VM (17.0.9+0--11185874, mixed mode, tiered, compressed oops, compressed class ptrs, g1 gc, windows-amd64)
GC Precious Log:
 CPUs: 8 total, 8 available
 Memory: 16082M
 Large Page Support: Disabled
 NUMA Support: Disabled
 Compressed Oops: Enabled (Zero based)
 Heap Region Size: 2M
 Heap Min Capacity: 8M
 Heap Initial Capacity: 252M
 Heap Max Capacity: 4G
 Pre-touch: Disabled
 Parallel Workers: 8
 Concurrent Workers: 2
 Concurrent Refinement Workers: 8
 Periodic GC: Disabled
Heap:
 garbage-first heap   total 497664K, used 237168K [0x0000000700000000, 0x0000000800000000)
  region size 2048K, 26 young (53248K), 6 survivors (12288K)
 Metaspace       used 134662K, committed 135872K, reserved 1179648K
  class space    used 18119K, committed 18624K, reserved 1048576K
GC Heap History (20 events):
Event: 19.796 GC heap before
{Heap before GC invocations=48 (full 0):
 garbage-first heap   total 282624K, used 232230K [0x0000000700000000, 0x0000000800000000)
  region size 2048K, 35 young (71680K), 5 survivors (10240K)
 Metaspace       used 121499K, committed 122624K, reserved 1179648K
  class space    used 16459K, committed 16960K, reserved 1048576K
}
Event: 19.811 GC heap after
{Heap after GC invocations=49 (full 0):
 garbage-first heap   total 282624K, used 180579K [0x0000000700000000, 0x0000000800000000)
  region size 2048K, 5 young (10240K), 5 survivors (10240K)
 Metaspace       used 121499K, committed 122624K, reserved 1179648K
  class space    used 16459K, committed 16960K, reserved 1048576K
}
Event: 20.034 GC heap before
{Heap before GC invocations=49 (full 0):
 garbage-first heap   total 282624K, used 196963K [0x0000000700000000, 0x0000000800000000)
  region size 2048K, 15 young (30720K), 5 survivors (10240K)
 Metaspace       used 121997K, committed 123008K, reserved 1179648K
  class space    used 16511K, committed 16960K, reserved 1048576K
}
Event: 20.045 GC heap after
{Heap after GC invocations=50 (full 0):
 garbage-first heap   total 282624K, used 181743K [0x0000000700000000, 0x0000000800000000)
  region size 2048K, 2 young (4096K), 2 survivors (4096K)
 Metaspace       used 121997K, committed 123008K, reserved 1179648K
  class space    used 16511K, committed 16960K, reserved 1048576K
}
Event: 20.833 GC heap before
{Heap before GC invocations=51 (full 0):
 garbage-first heap   total 321536K, used 228847K [0x0000000700000000, 0x0000000800000000)
  region size 2048K, 26 young (53248K), 2 survivors (4096K)
 Metaspace       used 124656K, committed 125760K, reserved 1179648K
  class space    used 16838K, committed 17280K, reserved 1048576K
}
Event: 20.839 GC heap after
{Heap after GC invocations=52 (full 0):
 garbage-first heap   total 321536K, used 184825K [0x0000000700000000, 0x0000000800000000)
  region size 2048K, 3 young (6144K), 3 survivors (6144K)
 Metaspace       used 124656K, committed 125760K, reserved 1179648K
  class space    used 16838K, committed 17280K, reserved 1048576K
}
Event: 20.871 GC heap before
{Heap before GC invocations=52 (full 0):
 garbage-first heap   total 321536K, used 193017K [0x0000000700000000, 0x0000000800000000)
  region size 2048K, 7 young (14336K), 3 survivors (6144K)
 Metaspace       used 124661K, committed 125760K, reserved 1179648K
  class space    used 16838K, committed 17280K, reserved 1048576K
}
Event: 20.878 GC heap after
{Heap after GC invocations=53 (full 0):
 garbage-first heap   total 321536K, used 183410K [0x0000000700000000, 0x0000000800000000)
  region size 2048K, 1 young (2048K), 1 survivors (2048K)
 Metaspace       used 124661K, committed 125760K, reserved 1179648K
  class space    used 16838K, committed 17280K, reserved 1048576K
}
Event: 21.164 GC heap before
{Heap before GC invocations=53 (full 0):
 garbage-first heap   total 321536K, used 265330K [0x0000000700000000, 0x0000000800000000)
  region size 2048K, 40 young (81920K), 1 survivors (2048K)
 Metaspace       used 124661K, committed 125760K, reserved 1179648K
  class space    used 16838K, committed 17280K, reserved 1048576K
}
Event: 21.167 GC heap after
{Heap after GC invocations=54 (full 0):
 garbage-first heap   total 497664K, used 185480K [0x0000000700000000, 0x0000000800000000)
  region size 2048K, 1 young (2048K), 1 survivors (2048K)
 Metaspace       used 124661K, committed 125760K, reserved 1179648K
  class space    used 16838K, committed 17280K, reserved 1048576K
}
Event: 23.922 GC heap before
{Heap before GC invocations=55 (full 0):
 garbage-first heap   total 497664K, used 431240K [0x0000000700000000, 0x0000000800000000)
  region size 2048K, 119 young (243712K), 1 survivors (2048K)
 Metaspace       used 130389K, committed 131456K, reserved 1179648K
  class space    used 17590K, committed 18048K, reserved 1048576K
}
Event: 23.925 GC heap after
{Heap after GC invocations=56 (full 0):
 garbage-first heap   total 497664K, used 191610K [0x0000000700000000, 0x0000000800000000)
  region size 2048K, 3 young (6144K), 3 survivors (6144K)
 Metaspace       used 130389K, committed 131456K, reserved 1179648K
  class space    used 17590K, committed 18048K, reserved 1048576K
}
Event: 23.967 GC heap before
{Heap before GC invocations=56 (full 0):
 garbage-first heap   total 497664K, used 207994K [0x0000000700000000, 0x0000000800000000)
  region size 2048K, 12 young (24576K), 3 survivors (6144K)
 Metaspace       used 130390K, committed 131456K, reserved 1179648K
  class space    used 17590K, committed 18048K, reserved 1048576K
}
Event: 23.970 GC heap after
{Heap after GC invocations=57 (full 0):
 garbage-first heap   total 497664K, used 188064K [0x0000000700000000, 0x0000000800000000)
  region size 2048K, 1 young (2048K), 1 survivors (2048K)
 Metaspace       used 130390K, committed 131456K, reserved 1179648K
  class space    used 17590K, committed 18048K, reserved 1048576K
}
Event: 24.452 GC heap before
{Heap before GC invocations=57 (full 0):
 garbage-first heap   total 497664K, used 413344K [0x0000000700000000, 0x0000000800000000)
  region size 2048K, 111 young (227328K), 1 survivors (2048K)
 Metaspace       used 130393K, committed 131456K, reserved 1179648K
  class space    used 17590K, committed 18048K, reserved 1048576K
}
Event: 24.455 GC heap after
{Heap after GC invocations=58 (full 0):
 garbage-first heap   total 497664K, used 186393K [0x0000000700000000, 0x0000000800000000)
  region size 2048K, 2 young (4096K), 2 survivors (4096K)
 Metaspace       used 130393K, committed 131456K, reserved 1179648K
  class space    used 17590K, committed 18048K, reserved 1048576K
}
Event: 31.510 GC heap before
{Heap before GC invocations=58 (full 0):
 garbage-first heap   total 497664K, used 434201K [0x0000000700000000, 0x0000000800000000)
  region size 2048K, 116 young (237568K), 2 survivors (4096K)
 Metaspace       used 134532K, committed 135680K, reserved 1179648K
  class space    used 18116K, committed 18624K, reserved 1048576K
}
Event: 31.519 GC heap after
{Heap after GC invocations=59 (full 0):
 garbage-first heap   total 497664K, used 203713K [0x0000000700000000, 0x0000000800000000)
  region size 2048K, 8 young (16384K), 8 survivors (16384K)
 Metaspace       used 134532K, committed 135680K, reserved 1179648K
  class space    used 18116K, committed 18624K, reserved 1048576K
}
Event: 32.057 GC heap before
{Heap before GC invocations=59 (full 0):
 garbage-first heap   total 497664K, used 414657K [0x0000000700000000, 0x0000000800000000)
  region size 2048K, 112 young (229376K), 8 survivors (16384K)
 Metaspace       used 134617K, committed 135808K, reserved 1179648K
  class space    used 18118K, committed 18624K, reserved 1048576K
}
Event: 32.064 GC heap after
{Heap after GC invocations=60 (full 0):
 garbage-first heap   total 497664K, used 198256K [0x0000000700000000, 0x0000000800000000)
  region size 2048K, 6 young (12288K), 6 survivors (12288K)
 Metaspace       used 134617K, committed 135808K, reserved 1179648K
  class space    used 18118K, committed 18624K, reserved 1048576K
}

