# JRE version: OpenJDK Runtime Environment (17.0.9) (build 17.0.9+0--11185874)
# Java VM: OpenJDK 64-Bit Server VM (17.0.9+0--11185874, mixed mode, tiered, compressed oops, compressed class ptrs, g1 gc, windows-amd64)
GC Precious Log:
 CPUs: 8 total, 8 available
 Memory: 16082M
 Large Page Support: Disabled
 NUMA Support: Disabled
 Compressed Oops: Enabled (Zero based)
 Heap Region Size: 2M
 Heap Min Capacity: 8M
 Heap Initial Capacity: 252M
 Heap Max Capacity: 4G
 Pre-touch: Disabled
 Parallel Workers: 8
 Concurrent Workers: 2
 Concurrent Refinement Workers: 8
 Periodic GC: Disabled
Heap:
 garbage-first heap   total 401408K, used 189637K [0x0000000700000000, 0x0000000800000000)
  region size 2048K, 2 young (4096K), 2 survivors (4096K)
 Metaspace       used 133091K, committed 134208K, reserved 1179648K
  class space    used 17723K, committed 18240K, reserved 1048576K
GC Heap History (20 events):
Event: 35.021 GC heap after
{Heap after GC invocations=63 (full 0):
 garbage-first heap   total 401408K, used 177609K [0x0000000700000000, 0x0000000800000000)
  region size 2048K, 5 young (10240K), 5 survivors (10240K)
 Metaspace       used 130318K, committed 131392K, reserved 1179648K
  class space    used 17498K, committed 17984K, reserved 1048576K
}
Event: 35.465 GC heap before
{Heap before GC invocations=63 (full 0):
 garbage-first heap   total 401408K, used 347593K [0x0000000700000000, 0x0000000800000000)
  region size 2048K, 88 young (180224K), 5 survivors (10240K)
 Metaspace       used 130397K, committed 131584K, reserved 1179648K
  class space    used 17504K, committed 18048K, reserved 1048576K
}
Event: 35.471 GC heap after
{Heap after GC invocations=64 (full 0):
 garbage-first heap   total 401408K, used 177600K [0x0000000700000000, 0x0000000800000000)
  region size 2048K, 5 young (10240K), 5 survivors (10240K)
 Metaspace       used 130397K, committed 131584K, reserved 1179648K
  class space    used 17504K, committed 18048K, reserved 1048576K
}
Event: 35.772 GC heap before
{Heap before GC invocations=64 (full 0):
 garbage-first heap   total 401408K, used 351680K [0x0000000700000000, 0x0000000800000000)
  region size 2048K, 88 young (180224K), 5 survivors (10240K)
 Metaspace       used 130492K, committed 131648K, reserved 1179648K
  class space    used 17512K, committed 18048K, reserved 1048576K
}
Event: 35.780 GC heap after
{Heap after GC invocations=65 (full 0):
 garbage-first heap   total 401408K, used 190075K [0x0000000700000000, 0x0000000800000000)
  region size 2048K, 11 young (22528K), 11 survivors (22528K)
 Metaspace       used 130492K, committed 131648K, reserved 1179648K
  class space    used 17512K, committed 18048K, reserved 1048576K
}
Event: 35.860 GC heap before
{Heap before GC invocations=65 (full 0):
 garbage-first heap   total 401408K, used 335483K [0x0000000700000000, 0x0000000800000000)
  region size 2048K, 82 young (167936K), 11 survivors (22528K)
 Metaspace       used 130492K, committed 131648K, reserved 1179648K
  class space    used 17512K, committed 18048K, reserved 1048576K
}
Event: 35.866 GC heap after
{Heap after GC invocations=66 (full 0):
 garbage-first heap   total 401408K, used 188416K [0x0000000700000000, 0x0000000800000000)
  region size 2048K, 2 young (4096K), 2 survivors (4096K)
 Metaspace       used 130492K, committed 131648K, reserved 1179648K
  class space    used 17512K, committed 18048K, reserved 1048576K
}
Event: 36.102 GC heap before
{Heap before GC invocations=66 (full 0):
 garbage-first heap   total 401408K, used 342016K [0x0000000700000000, 0x0000000800000000)
  region size 2048K, 78 young (159744K), 2 survivors (4096K)
 Metaspace       used 130492K, committed 131648K, reserved 1179648K
  class space    used 17512K, committed 18048K, reserved 1048576K
}
Event: 36.104 GC heap after
{Heap after GC invocations=67 (full 0):
 garbage-first heap   total 401408K, used 190690K [0x0000000700000000, 0x0000000800000000)
  region size 2048K, 3 young (6144K), 3 survivors (6144K)
 Metaspace       used 130492K, committed 131648K, reserved 1179648K
  class space    used 17512K, committed 18048K, reserved 1048576K
}
Event: 36.597 GC heap before
{Heap before GC invocations=68 (full 0):
 garbage-first heap   total 401408K, used 344290K [0x0000000700000000, 0x0000000800000000)
  region size 2048K, 78 young (159744K), 3 survivors (6144K)
 Metaspace       used 130493K, committed 131648K, reserved 1179648K
  class space    used 17511K, committed 18048K, reserved 1048576K
}
Event: 36.599 GC heap after
{Heap after GC invocations=69 (full 0):
 garbage-first heap   total 401408K, used 193354K [0x0000000700000000, 0x0000000800000000)
  region size 2048K, 5 young (10240K), 5 survivors (10240K)
 Metaspace       used 130493K, committed 131648K, reserved 1179648K
  class space    used 17511K, committed 18048K, reserved 1048576K
}
Event: 36.613 GC heap before
{Heap before GC invocations=69 (full 0):
 garbage-first heap   total 401408K, used 201546K [0x0000000700000000, 0x0000000800000000)
  region size 2048K, 9 young (18432K), 5 survivors (10240K)
 Metaspace       used 130493K, committed 131648K, reserved 1179648K
  class space    used 17511K, committed 18048K, reserved 1048576K
}
Event: 36.617 GC heap after
{Heap after GC invocations=70 (full 0):
 garbage-first heap   total 401408K, used 188617K [0x0000000700000000, 0x0000000800000000)
  region size 2048K, 2 young (4096K), 2 survivors (4096K)
 Metaspace       used 130493K, committed 131648K, reserved 1179648K
  class space    used 17511K, committed 18048K, reserved 1048576K
}
Event: 36.926 GC heap before
{Heap before GC invocations=70 (full 0):
 garbage-first heap   total 401408K, used 205001K [0x0000000700000000, 0x0000000800000000)
  region size 2048K, 11 young (22528K), 2 survivors (4096K)
 Metaspace       used 130771K, committed 131904K, reserved 1179648K
  class space    used 17523K, committed 18048K, reserved 1048576K
}
Event: 36.932 GC heap after
{Heap after GC invocations=71 (full 0):
 garbage-first heap   total 401408K, used 190524K [0x0000000700000000, 0x0000000800000000)
  region size 2048K, 3 young (6144K), 3 survivors (6144K)
 Metaspace       used 130771K, committed 131904K, reserved 1179648K
  class space    used 17523K, committed 18048K, reserved 1048576K
}
Event: 39.168 GC heap before
{Heap before GC invocations=72 (full 0):
 garbage-first heap   total 401408K, used 346172K [0x0000000700000000, 0x0000000800000000)
  region size 2048K, 79 young (161792K), 3 survivors (6144K)
 Metaspace       used 132850K, committed 134016K, reserved 1179648K
  class space    used 17697K, committed 18240K, reserved 1048576K
}
Event: 39.173 GC heap after
{Heap after GC invocations=73 (full 0):
 garbage-first heap   total 401408K, used 194329K [0x0000000700000000, 0x0000000800000000)
  region size 2048K, 4 young (8192K), 4 survivors (8192K)
 Metaspace       used 132850K, committed 134016K, reserved 1179648K
  class space    used 17697K, committed 18240K, reserved 1048576K
}
Event: 39.204 GC heap before
{Heap before GC invocations=73 (full 0):
 garbage-first heap   total 401408K, used 202521K [0x0000000700000000, 0x0000000800000000)
  region size 2048K, 9 young (18432K), 4 survivors (8192K)
 Metaspace       used 132850K, committed 134016K, reserved 1179648K
  class space    used 17697K, committed 18240K, reserved 1048576K
}
Event: 39.208 GC heap after
{Heap after GC invocations=74 (full 0):
 garbage-first heap   total 401408K, used 185066K [0x0000000700000000, 0x0000000800000000)
  region size 2048K, 1 young (2048K), 1 survivors (2048K)
 Metaspace       used 132850K, committed 134016K, reserved 1179648K
  class space    used 17697K, committed 18240K, reserved 1048576K
}
Event: 40.262 GC heap before
{Heap before GC invocations=74 (full 0):
 garbage-first heap   total 401408K, used 344810K [0x0000000700000000, 0x0000000800000000)
  region size 2048K, 79 young (161792K), 1 survivors (2048K)
 Metaspace       used 133091K, committed 134208K, reserved 1179648K
  class space    used 17723K, committed 18240K, reserved 1048576K
}

