# JRE version: OpenJDK Runtime Environment (17.0.9) (build 17.0.9+0--11185874)
# Java VM: OpenJDK 64-Bit Server VM (17.0.9+0--11185874, mixed mode, tiered, compressed oops, compressed class ptrs, g1 gc, windows-amd64)
GC Precious Log:
 CPUs: 8 total, 8 available
 Memory: 16082M
 Large Page Support: Disabled
 NUMA Support: Disabled
 Compressed Oops: Enabled (Zero based)
 Heap Region Size: 2M
 Heap Min Capacity: 8M
 Heap Initial Capacity: 252M
 Heap Max Capacity: 4G
 Pre-touch: Disabled
 Parallel Workers: 8
 Concurrent Workers: 2
 Concurrent Refinement Workers: 8
 Periodic GC: Disabled
Heap:
 garbage-first heap   total 274432K, used 162397K [0x0000000700000000, 0x0000000800000000)
  region size 2048K, 2 young (4096K), 2 survivors (4096K)
 Metaspace       used 108882K, committed 109952K, reserved 1179648K
  class space    used 15096K, committed 15552K, reserved 1048576K
GC Heap History (20 events):
Event: 9.114 GC heap after
{Heap after GC invocations=32 (full 0):
 garbage-first heap   total 167936K, used 97186K [0x0000000700000000, 0x0000000800000000)
  region size 2048K, 3 young (6144K), 3 survivors (6144K)
 Metaspace       used 94590K, committed 95424K, reserved 1179648K
  class space    used 13116K, committed 13504K, reserved 1048576K
}
Event: 9.425 GC heap before
{Heap before GC invocations=33 (full 0):
 garbage-first heap   total 192512K, used 134050K [0x0000000700000000, 0x0000000800000000)
  region size 2048K, 21 young (43008K), 3 survivors (6144K)
 Metaspace       used 95906K, committed 96832K, reserved 1179648K
  class space    used 13346K, committed 13760K, reserved 1048576K
}
Event: 9.431 GC heap after
{Heap after GC invocations=34 (full 0):
 garbage-first heap   total 192512K, used 108501K [0x0000000700000000, 0x0000000800000000)
  region size 2048K, 3 young (6144K), 3 survivors (6144K)
 Metaspace       used 95906K, committed 96832K, reserved 1179648K
  class space    used 13346K, committed 13760K, reserved 1048576K
}
Event: 9.605 GC heap before
{Heap before GC invocations=34 (full 0):
 garbage-first heap   total 192512K, used 133077K [0x0000000700000000, 0x0000000800000000)
  region size 2048K, 17 young (34816K), 3 survivors (6144K)
 Metaspace       used 96171K, committed 97088K, reserved 1179648K
  class space    used 13362K, committed 13760K, reserved 1048576K
}
Event: 9.611 GC heap after
{Heap after GC invocations=35 (full 0):
 garbage-first heap   total 192512K, used 116471K [0x0000000700000000, 0x0000000800000000)
  region size 2048K, 3 young (6144K), 3 survivors (6144K)
 Metaspace       used 96171K, committed 97088K, reserved 1179648K
  class space    used 13362K, committed 13760K, reserved 1048576K
}
Event: 9.973 GC heap before
{Heap before GC invocations=36 (full 0):
 garbage-first heap   total 219136K, used 153335K [0x0000000700000000, 0x0000000800000000)
  region size 2048K, 19 young (38912K), 3 survivors (6144K)
 Metaspace       used 96760K, committed 97664K, reserved 1179648K
  class space    used 13424K, committed 13824K, reserved 1048576K
}
Event: 9.979 GC heap after
{Heap after GC invocations=37 (full 0):
 garbage-first heap   total 219136K, used 128651K [0x0000000700000000, 0x0000000800000000)
  region size 2048K, 3 young (6144K), 3 survivors (6144K)
 Metaspace       used 96760K, committed 97664K, reserved 1179648K
  class space    used 13424K, committed 13824K, reserved 1048576K
}
Event: 10.329 GC heap before
{Heap before GC invocations=37 (full 0):
 garbage-first heap   total 219136K, used 167563K [0x0000000700000000, 0x0000000800000000)
  region size 2048K, 22 young (45056K), 3 survivors (6144K)
 Metaspace       used 97311K, committed 98240K, reserved 1179648K
  class space    used 13482K, committed 13888K, reserved 1048576K
}
Event: 10.338 GC heap after
{Heap after GC invocations=38 (full 0):
 garbage-first heap   total 264192K, used 136208K [0x0000000700000000, 0x0000000800000000)
  region size 2048K, 3 young (6144K), 3 survivors (6144K)
 Metaspace       used 97311K, committed 98240K, reserved 1179648K
  class space    used 13482K, committed 13888K, reserved 1048576K
}
Event: 11.100 GC heap before
{Heap before GC invocations=39 (full 0):
 garbage-first heap   total 264192K, used 193552K [0x0000000700000000, 0x0000000800000000)
  region size 2048K, 32 young (65536K), 3 survivors (6144K)
 Metaspace       used 103204K, committed 104192K, reserved 1179648K
  class space    used 14314K, committed 14720K, reserved 1048576K
}
Event: 11.110 GC heap after
{Heap after GC invocations=40 (full 0):
 garbage-first heap   total 264192K, used 143931K [0x0000000700000000, 0x0000000800000000)
  region size 2048K, 4 young (8192K), 4 survivors (8192K)
 Metaspace       used 103204K, committed 104192K, reserved 1179648K
  class space    used 14314K, committed 14720K, reserved 1048576K
}
Event: 11.149 GC heap before
{Heap before GC invocations=40 (full 0):
 garbage-first heap   total 264192K, used 148027K [0x0000000700000000, 0x0000000800000000)
  region size 2048K, 6 young (12288K), 4 survivors (8192K)
 Metaspace       used 103343K, committed 104384K, reserved 1179648K
  class space    used 14330K, committed 14784K, reserved 1048576K
}
Event: 11.155 GC heap after
{Heap after GC invocations=41 (full 0):
 garbage-first heap   total 264192K, used 143697K [0x0000000700000000, 0x0000000800000000)
  region size 2048K, 1 young (2048K), 1 survivors (2048K)
 Metaspace       used 103343K, committed 104384K, reserved 1179648K
  class space    used 14330K, committed 14784K, reserved 1048576K
}
Event: 11.684 GC heap before
{Heap before GC invocations=41 (full 0):
 garbage-first heap   total 264192K, used 201041K [0x0000000700000000, 0x0000000800000000)
  region size 2048K, 29 young (59392K), 1 survivors (2048K)
 Metaspace       used 105486K, committed 106496K, reserved 1179648K
  class space    used 14611K, committed 15040K, reserved 1048576K
}
Event: 11.693 GC heap after
{Heap after GC invocations=42 (full 0):
 garbage-first heap   total 264192K, used 153262K [0x0000000700000000, 0x0000000800000000)
  region size 2048K, 4 young (8192K), 4 survivors (8192K)
 Metaspace       used 105486K, committed 106496K, reserved 1179648K
  class space    used 14611K, committed 15040K, reserved 1048576K
}
Event: 12.312 GC heap before
{Heap before GC invocations=43 (full 0):
 garbage-first heap   total 274432K, used 204462K [0x0000000700000000, 0x0000000800000000)
  region size 2048K, 30 young (61440K), 4 survivors (8192K)
 Metaspace       used 106539K, committed 107520K, reserved 1179648K
  class space    used 14778K, committed 15232K, reserved 1048576K
}
Event: 12.321 GC heap after
{Heap after GC invocations=44 (full 0):
 garbage-first heap   total 274432K, used 159396K [0x0000000700000000, 0x0000000800000000)
  region size 2048K, 3 young (6144K), 3 survivors (6144K)
 Metaspace       used 106539K, committed 107520K, reserved 1179648K
  class space    used 14778K, committed 15232K, reserved 1048576K
}
Event: 12.381 GC heap before
{Heap before GC invocations=44 (full 0):
 garbage-first heap   total 274432K, used 165540K [0x0000000700000000, 0x0000000800000000)
  region size 2048K, 6 young (12288K), 3 survivors (6144K)
 Metaspace       used 106955K, committed 108032K, reserved 1179648K
  class space    used 14890K, committed 15360K, reserved 1048576K
}
Event: 12.386 GC heap after
{Heap after GC invocations=45 (full 0):
 garbage-first heap   total 274432K, used 159947K [0x0000000700000000, 0x0000000800000000)
  region size 2048K, 1 young (2048K), 1 survivors (2048K)
 Metaspace       used 106955K, committed 108032K, reserved 1179648K
  class space    used 14890K, committed 15360K, reserved 1048576K
}
Event: 13.254 GC heap before
{Heap before GC invocations=45 (full 0):
 garbage-first heap   total 274432K, used 213195K [0x0000000700000000, 0x0000000800000000)
  region size 2048K, 28 young (57344K), 1 survivors (2048K)
 Metaspace       used 108882K, committed 109952K, reserved 1179648K
  class space    used 15096K, committed 15552K, reserved 1048576K
}

