# JRE version: OpenJDK Runtime Environment (17.0.9) (build 17.0.9+0--11185874)
# Java VM: OpenJDK 64-Bit Server VM (17.0.9+0--11185874, mixed mode, tiered, compressed oops, compressed class ptrs, g1 gc, windows-amd64)
GC Precious Log:
 CPUs: 8 total, 8 available
 Memory: 16082M
 Large Page Support: Disabled
 NUMA Support: Disabled
 Compressed Oops: Enabled (Zero based)
 Heap Region Size: 2M
 Heap Min Capacity: 8M
 Heap Initial Capacity: 252M
 Heap Max Capacity: 4G
 Pre-touch: Disabled
 Parallel Workers: 8
 Concurrent Workers: 2
 Concurrent Refinement Workers: 8
 Periodic GC: Disabled
Heap:
 garbage-first heap   total 512000K, used 358400K [0x0000000700000000, 0x0000000800000000)
  region size 2048K, 7 young (14336K), 7 survivors (14336K)
 Metaspace       used 139052K, committed 140096K, reserved 1179648K
  class space    used 18948K, committed 19392K, reserved 1048576K
GC Heap History (20 events):
Event: 25.135 GC heap after
{Heap after GC invocations=45 (full 0):
 garbage-first heap   total 221184K, used 141670K [0x0000000700000000, 0x0000000800000000)
  region size 2048K, 2 young (4096K), 2 survivors (4096K)
 Metaspace       used 120222K, committed 121280K, reserved 1179648K
  class space    used 16176K, committed 16640K, reserved 1048576K
}
Event: 25.777 GC heap before
{Heap before GC invocations=45 (full 0):
 garbage-first heap   total 221184K, used 186726K [0x0000000700000000, 0x0000000800000000)
  region size 2048K, 23 young (47104K), 2 survivors (4096K)
 Metaspace       used 122800K, committed 123904K, reserved 1179648K
  class space    used 16483K, committed 16960K, reserved 1048576K
}
Event: 25.782 GC heap after
{Heap after GC invocations=46 (full 0):
 garbage-first heap   total 221184K, used 150281K [0x0000000700000000, 0x0000000800000000)
  region size 2048K, 3 young (6144K), 3 survivors (6144K)
 Metaspace       used 122800K, committed 123904K, reserved 1179648K
  class space    used 16483K, committed 16960K, reserved 1048576K
}
Event: 26.377 GC heap before
{Heap before GC invocations=46 (full 0):
 garbage-first heap   total 221184K, used 183049K [0x0000000700000000, 0x0000000800000000)
  region size 2048K, 20 young (40960K), 3 survivors (6144K)
 Metaspace       used 124184K, committed 125248K, reserved 1179648K
  class space    used 16626K, committed 17088K, reserved 1048576K
}
Event: 26.385 GC heap after
{Heap after GC invocations=47 (full 0):
 garbage-first heap   total 221184K, used 152346K [0x0000000700000000, 0x0000000800000000)
  region size 2048K, 2 young (4096K), 2 survivors (4096K)
 Metaspace       used 124184K, committed 125248K, reserved 1179648K
  class space    used 16626K, committed 17088K, reserved 1048576K
}
Event: 26.810 GC heap before
{Heap before GC invocations=47 (full 0):
 garbage-first heap   total 221184K, used 185114K [0x0000000700000000, 0x0000000800000000)
  region size 2048K, 18 young (36864K), 2 survivors (4096K)
 Metaspace       used 124400K, committed 125440K, reserved 1179648K
  class space    used 16628K, committed 17088K, reserved 1048576K
}
Event: 26.818 GC heap after
{Heap after GC invocations=48 (full 0):
 garbage-first heap   total 221184K, used 162697K [0x0000000700000000, 0x0000000800000000)
  region size 2048K, 3 young (6144K), 3 survivors (6144K)
 Metaspace       used 124400K, committed 125440K, reserved 1179648K
  class space    used 16628K, committed 17088K, reserved 1048576K
}
Event: 27.280 GC heap before
{Heap before GC invocations=48 (full 0):
 garbage-first heap   total 221184K, used 185225K [0x0000000700000000, 0x0000000800000000)
  region size 2048K, 14 young (28672K), 3 survivors (6144K)
 Metaspace       used 125063K, committed 126144K, reserved 1179648K
  class space    used 16658K, committed 17152K, reserved 1048576K
}
Event: 27.286 GC heap after
{Heap after GC invocations=49 (full 0):
 garbage-first heap   total 266240K, used 163833K [0x0000000700000000, 0x0000000800000000)
  region size 2048K, 2 young (4096K), 2 survivors (4096K)
 Metaspace       used 125063K, committed 126144K, reserved 1179648K
  class space    used 16658K, committed 17152K, reserved 1048576K
}
Event: 27.792 GC heap before
{Heap before GC invocations=49 (full 0):
 garbage-first heap   total 266240K, used 225273K [0x0000000700000000, 0x0000000800000000)
  region size 2048K, 24 young (49152K), 2 survivors (4096K)
 Metaspace       used 125364K, committed 126464K, reserved 1179648K
  class space    used 16678K, committed 17152K, reserved 1048576K
}
Event: 27.797 GC heap after
{Heap after GC invocations=50 (full 0):
 garbage-first heap   total 266240K, used 184599K [0x0000000700000000, 0x0000000800000000)
  region size 2048K, 3 young (6144K), 3 survivors (6144K)
 Metaspace       used 125364K, committed 126464K, reserved 1179648K
  class space    used 16678K, committed 17152K, reserved 1048576K
}
Event: 27.835 GC heap before
{Heap before GC invocations=50 (full 0):
 garbage-first heap   total 266240K, used 198935K [0x0000000700000000, 0x0000000800000000)
  region size 2048K, 6 young (12288K), 3 survivors (6144K)
 Metaspace       used 125390K, committed 126464K, reserved 1179648K
  class space    used 16681K, committed 17152K, reserved 1048576K
}
Event: 27.840 GC heap after
{Heap after GC invocations=51 (full 0):
 garbage-first heap   total 266240K, used 194810K [0x0000000700000000, 0x0000000800000000)
  region size 2048K, 2 young (4096K), 2 survivors (4096K)
 Metaspace       used 125390K, committed 126464K, reserved 1179648K
  class space    used 16681K, committed 17152K, reserved 1048576K
}
Event: 28.195 GC heap before
{Heap before GC invocations=52 (full 0):
 garbage-first heap   total 512000K, used 323834K [0x0000000700000000, 0x0000000800000000)
  region size 2048K, 18 young (36864K), 2 survivors (4096K)
 Metaspace       used 125996K, committed 127040K, reserved 1179648K
  class space    used 16780K, committed 17280K, reserved 1048576K
}
Event: 28.200 GC heap after
{Heap after GC invocations=53 (full 0):
 garbage-first heap   total 512000K, used 291566K [0x0000000700000000, 0x0000000800000000)
  region size 2048K, 3 young (6144K), 3 survivors (6144K)
 Metaspace       used 125996K, committed 127040K, reserved 1179648K
  class space    used 16780K, committed 17280K, reserved 1048576K
}
Event: 28.228 GC heap before
{Heap before GC invocations=53 (full 0):
 garbage-first heap   total 512000K, used 312046K [0x0000000700000000, 0x0000000800000000)
  region size 2048K, 13 young (26624K), 3 survivors (6144K)
 Metaspace       used 126007K, committed 127040K, reserved 1179648K
  class space    used 16782K, committed 17280K, reserved 1048576K
}
Event: 28.237 GC heap after
{Heap after GC invocations=54 (full 0):
 garbage-first heap   total 512000K, used 289417K [0x0000000700000000, 0x0000000800000000)
  region size 2048K, 2 young (4096K), 2 survivors (4096K)
 Metaspace       used 126007K, committed 127040K, reserved 1179648K
  class space    used 16782K, committed 17280K, reserved 1048576K
}
Event: 28.956 GC heap before
{Heap before GC invocations=54 (full 0):
 garbage-first heap   total 512000K, used 440969K [0x0000000700000000, 0x0000000800000000)
  region size 2048K, 65 young (133120K), 2 survivors (4096K)
 Metaspace       used 134784K, committed 135872K, reserved 1179648K
  class space    used 18153K, committed 18624K, reserved 1048576K
}
Event: 28.976 GC heap after
{Heap after GC invocations=55 (full 0):
 garbage-first heap   total 512000K, used 328848K [0x0000000700000000, 0x0000000800000000)
  region size 2048K, 8 young (16384K), 8 survivors (16384K)
 Metaspace       used 134784K, committed 135872K, reserved 1179648K
  class space    used 18153K, committed 18624K, reserved 1048576K
}
Event: 29.457 GC heap before
{Heap before GC invocations=55 (full 0):
 garbage-first heap   total 512000K, used 410768K [0x0000000700000000, 0x0000000800000000)
  region size 2048K, 50 young (102400K), 8 survivors (16384K)
 Metaspace       used 139052K, committed 140096K, reserved 1179648K
  class space    used 18948K, committed 19392K, reserved 1048576K
}

