# JRE version: OpenJDK Runtime Environment (17.0.9) (build 17.0.9+0--11185874)
# Java VM: OpenJDK 64-Bit Server VM (17.0.9+0--11185874, mixed mode, tiered, compressed oops, compressed class ptrs, g1 gc, windows-amd64)
GC Precious Log:
 CPUs: 8 total, 8 available
 Memory: 16082M
 Large Page Support: Disabled
 NUMA Support: Disabled
 Compressed Oops: Enabled (Zero based)
 Heap Region Size: 2M
 Heap Min Capacity: 8M
 Heap Initial Capacity: 252M
 Heap Max Capacity: 4G
 Pre-touch: Disabled
 Parallel Workers: 8
 Concurrent Workers: 2
 Concurrent Refinement Workers: 8
 Periodic GC: Disabled
Heap:
 garbage-first heap   total 258048K, used 151573K [0x0000000700000000, 0x0000000800000000)
  region size 2048K, 4 young (8192K), 4 survivors (8192K)
 Metaspace       used 106163K, committed 107136K, reserved 1179648K
  class space    used 14717K, committed 15104K, reserved 1048576K
GC Heap History (20 events):
Event: 8.591 GC heap after
{Heap after GC invocations=38 (full 0):
 garbage-first heap   total 161792K, used 91788K [0x0000000700000000, 0x0000000800000000)
  region size 2048K, 3 young (6144K), 3 survivors (6144K)
 Metaspace       used 92154K, committed 92928K, reserved 1179648K
  class space    used 12773K, committed 13120K, reserved 1048576K
}
Event: 8.959 GC heap before
{Heap before GC invocations=38 (full 0):
 garbage-first heap   total 161792K, used 130700K [0x0000000700000000, 0x0000000800000000)
  region size 2048K, 22 young (45056K), 3 survivors (6144K)
 Metaspace       used 94217K, committed 95040K, reserved 1179648K
  class space    used 13068K, committed 13440K, reserved 1048576K
}
Event: 8.964 GC heap after
{Heap after GC invocations=39 (full 0):
 garbage-first heap   total 161792K, used 95282K [0x0000000700000000, 0x0000000800000000)
  region size 2048K, 3 young (6144K), 3 survivors (6144K)
 Metaspace       used 94217K, committed 95040K, reserved 1179648K
  class space    used 13068K, committed 13440K, reserved 1048576K
}
Event: 9.310 GC heap before
{Heap before GC invocations=40 (full 0):
 garbage-first heap   total 174080K, used 132146K [0x0000000700000000, 0x0000000800000000)
  region size 2048K, 21 young (43008K), 3 survivors (6144K)
 Metaspace       used 95638K, committed 96448K, reserved 1179648K
  class space    used 13267K, committed 13632K, reserved 1048576K
}
Event: 9.317 GC heap after
{Heap after GC invocations=41 (full 0):
 garbage-first heap   total 174080K, used 100084K [0x0000000700000000, 0x0000000800000000)
  region size 2048K, 3 young (6144K), 3 survivors (6144K)
 Metaspace       used 95638K, committed 96448K, reserved 1179648K
  class space    used 13267K, committed 13632K, reserved 1048576K
}
Event: 9.549 GC heap before
{Heap before GC invocations=41 (full 0):
 garbage-first heap   total 174080K, used 138996K [0x0000000700000000, 0x0000000800000000)
  region size 2048K, 23 young (47104K), 3 survivors (6144K)
 Metaspace       used 96697K, committed 97600K, reserved 1179648K
  class space    used 13434K, committed 13824K, reserved 1048576K
}
Event: 9.555 GC heap after
{Heap after GC invocations=42 (full 0):
 garbage-first heap   total 208896K, used 109972K [0x0000000700000000, 0x0000000800000000)
  region size 2048K, 3 young (6144K), 3 survivors (6144K)
 Metaspace       used 96697K, committed 97600K, reserved 1179648K
  class space    used 13434K, committed 13824K, reserved 1048576K
}
Event: 9.875 GC heap before
{Heap before GC invocations=43 (full 0):
 garbage-first heap   total 208896K, used 142740K [0x0000000700000000, 0x0000000800000000)
  region size 2048K, 21 young (43008K), 3 survivors (6144K)
 Metaspace       used 97352K, committed 98240K, reserved 1179648K
  class space    used 13523K, committed 13888K, reserved 1048576K
}
Event: 9.881 GC heap after
{Heap after GC invocations=44 (full 0):
 garbage-first heap   total 208896K, used 117571K [0x0000000700000000, 0x0000000800000000)
  region size 2048K, 4 young (8192K), 4 survivors (8192K)
 Metaspace       used 97352K, committed 98240K, reserved 1179648K
  class space    used 13523K, committed 13888K, reserved 1048576K
}
Event: 10.280 GC heap before
{Heap before GC invocations=45 (full 0):
 garbage-first heap   total 219136K, used 164675K [0x0000000700000000, 0x0000000800000000)
  region size 2048K, 25 young (51200K), 4 survivors (8192K)
 Metaspace       used 98099K, committed 99008K, reserved 1179648K
  class space    used 13606K, committed 14016K, reserved 1048576K
}
Event: 10.286 GC heap after
{Heap after GC invocations=46 (full 0):
 garbage-first heap   total 219136K, used 131582K [0x0000000700000000, 0x0000000800000000)
  region size 2048K, 4 young (8192K), 4 survivors (8192K)
 Metaspace       used 98099K, committed 99008K, reserved 1179648K
  class space    used 13606K, committed 14016K, reserved 1048576K
}
Event: 10.296 GC heap before
{Heap before GC invocations=46 (full 0):
 garbage-first heap   total 219136K, used 133630K [0x0000000700000000, 0x0000000800000000)
  region size 2048K, 5 young (10240K), 4 survivors (8192K)
 Metaspace       used 98106K, committed 99072K, reserved 1179648K
  class space    used 13606K, committed 14016K, reserved 1048576K
}
Event: 10.300 GC heap after
{Heap after GC invocations=47 (full 0):
 garbage-first heap   total 219136K, used 132149K [0x0000000700000000, 0x0000000800000000)
  region size 2048K, 1 young (2048K), 1 survivors (2048K)
 Metaspace       used 98106K, committed 99072K, reserved 1179648K
  class space    used 13606K, committed 14016K, reserved 1048576K
}
Event: 10.590 GC heap before
{Heap before GC invocations=47 (full 0):
 garbage-first heap   total 219136K, used 171061K [0x0000000700000000, 0x0000000800000000)
  region size 2048K, 20 young (40960K), 1 survivors (2048K)
 Metaspace       used 98897K, committed 99840K, reserved 1179648K
  class space    used 13703K, committed 14080K, reserved 1048576K
}
Event: 10.595 GC heap after
{Heap after GC invocations=48 (full 0):
 garbage-first heap   total 219136K, used 139432K [0x0000000700000000, 0x0000000800000000)
  region size 2048K, 3 young (6144K), 3 survivors (6144K)
 Metaspace       used 98897K, committed 99840K, reserved 1179648K
  class space    used 13703K, committed 14080K, reserved 1048576K
}
Event: 11.116 GC heap before
{Heap before GC invocations=49 (full 0):
 garbage-first heap   total 245760K, used 172200K [0x0000000700000000, 0x0000000800000000)
  region size 2048K, 19 young (38912K), 3 survivors (6144K)
 Metaspace       used 103634K, committed 104576K, reserved 1179648K
  class space    used 14383K, committed 14784K, reserved 1048576K
}
Event: 11.120 GC heap after
{Heap after GC invocations=50 (full 0):
 garbage-first heap   total 245760K, used 142160K [0x0000000700000000, 0x0000000800000000)
  region size 2048K, 2 young (4096K), 2 survivors (4096K)
 Metaspace       used 103634K, committed 104576K, reserved 1179648K
  class space    used 14383K, committed 14784K, reserved 1048576K
}
Event: 11.200 GC heap before
{Heap before GC invocations=50 (full 0):
 garbage-first heap   total 245760K, used 150352K [0x0000000700000000, 0x0000000800000000)
  region size 2048K, 6 young (12288K), 2 survivors (4096K)
 Metaspace       used 104254K, committed 105216K, reserved 1179648K
  class space    used 14466K, committed 14848K, reserved 1048576K
}
Event: 11.205 GC heap after
{Heap after GC invocations=51 (full 0):
 garbage-first heap   total 245760K, used 142995K [0x0000000700000000, 0x0000000800000000)
  region size 2048K, 1 young (2048K), 1 survivors (2048K)
 Metaspace       used 104254K, committed 105216K, reserved 1179648K
  class space    used 14466K, committed 14848K, reserved 1048576K
}
Event: 11.559 GC heap before
{Heap before GC invocations=51 (full 0):
 garbage-first heap   total 245760K, used 192147K [0x0000000700000000, 0x0000000800000000)
  region size 2048K, 25 young (51200K), 1 survivors (2048K)
 Metaspace       used 106163K, committed 107136K, reserved 1179648K
  class space    used 14717K, committed 15104K, reserved 1048576K
}

