# JRE version: OpenJDK Runtime Environment (17.0.9) (build 17.0.9+0--11185874)
# Java VM: OpenJDK 64-Bit Server VM (17.0.9+0--11185874, mixed mode, tiered, compressed oops, compressed class ptrs, g1 gc, windows-amd64)
GC Precious Log:
 CPUs: 8 total, 8 available
 Memory: 16082M
 Large Page Support: Disabled
 NUMA Support: Disabled
 Compressed Oops: Enabled (Zero based)
 Heap Region Size: 2M
 Heap Min Capacity: 8M
 Heap Initial Capacity: 252M
 Heap Max Capacity: 4G
 Pre-touch: Disabled
 Parallel Workers: 8
 Concurrent Workers: 2
 Concurrent Refinement Workers: 8
 Periodic GC: Disabled
Heap:
 garbage-first heap   total 473088K, used 208841K [0x0000000700000000, 0x0000000800000000)
  region size 2048K, 33 young (67584K), 4 survivors (8192K)
 Metaspace       used 107403K, committed 108480K, reserved 1179648K
  class space    used 14913K, committed 15360K, reserved 1048576K
GC Heap History (20 events):
Event: 8.483 GC heap before
{Heap before GC invocations=40 (full 0):
 garbage-first heap   total 163840K, used 132900K [0x0000000700000000, 0x0000000800000000)
  region size 2048K, 22 young (45056K), 2 survivors (4096K)
 Metaspace       used 93129K, committed 93952K, reserved 1179648K
  class space    used 12931K, committed 13312K, reserved 1048576K
}
Event: 8.487 GC heap after
{Heap after GC invocations=41 (full 0):
 garbage-first heap   total 163840K, used 95409K [0x0000000700000000, 0x0000000800000000)
  region size 2048K, 3 young (6144K), 3 survivors (6144K)
 Metaspace       used 93129K, committed 93952K, reserved 1179648K
  class space    used 12931K, committed 13312K, reserved 1048576K
}
Event: 8.799 GC heap before
{Heap before GC invocations=42 (full 0):
 garbage-first heap   total 167936K, used 132273K [0x0000000700000000, 0x0000000800000000)
  region size 2048K, 21 young (43008K), 3 survivors (6144K)
 Metaspace       used 94517K, committed 95360K, reserved 1179648K
  class space    used 13127K, committed 13504K, reserved 1048576K
}
Event: 8.804 GC heap after
{Heap after GC invocations=43 (full 0):
 garbage-first heap   total 167936K, used 100313K [0x0000000700000000, 0x0000000800000000)
  region size 2048K, 3 young (6144K), 3 survivors (6144K)
 Metaspace       used 94517K, committed 95360K, reserved 1179648K
  class space    used 13127K, committed 13504K, reserved 1048576K
}
Event: 8.960 GC heap before
{Heap before GC invocations=43 (full 0):
 garbage-first heap   total 167936K, used 133081K [0x0000000700000000, 0x0000000800000000)
  region size 2048K, 20 young (40960K), 3 survivors (6144K)
 Metaspace       used 95280K, committed 96128K, reserved 1179648K
  class space    used 13224K, committed 13568K, reserved 1048576K
}
Event: 8.965 GC heap after
{Heap after GC invocations=44 (full 0):
 garbage-first heap   total 202752K, used 108915K [0x0000000700000000, 0x0000000800000000)
  region size 2048K, 3 young (6144K), 3 survivors (6144K)
 Metaspace       used 95280K, committed 96128K, reserved 1179648K
  class space    used 13224K, committed 13568K, reserved 1048576K
}
Event: 9.208 GC heap before
{Heap before GC invocations=45 (full 0):
 garbage-first heap   total 202752K, used 143731K [0x0000000700000000, 0x0000000800000000)
  region size 2048K, 22 young (45056K), 3 survivors (6144K)
 Metaspace       used 96212K, committed 97088K, reserved 1179648K
  class space    used 13383K, committed 13760K, reserved 1048576K
}
Event: 9.214 GC heap after
{Heap after GC invocations=46 (full 0):
 garbage-first heap   total 202752K, used 118133K [0x0000000700000000, 0x0000000800000000)
  region size 2048K, 4 young (8192K), 4 survivors (8192K)
 Metaspace       used 96212K, committed 97088K, reserved 1179648K
  class space    used 13383K, committed 13760K, reserved 1048576K
}
Event: 9.505 GC heap before
{Heap before GC invocations=47 (full 0):
 garbage-first heap   total 223232K, used 163189K [0x0000000700000000, 0x0000000800000000)
  region size 2048K, 24 young (49152K), 4 survivors (8192K)
 Metaspace       used 96920K, committed 97856K, reserved 1179648K
  class space    used 13459K, committed 13888K, reserved 1048576K
}
Event: 9.512 GC heap after
{Heap after GC invocations=48 (full 0):
 garbage-first heap   total 223232K, used 131529K [0x0000000700000000, 0x0000000800000000)
  region size 2048K, 3 young (6144K), 3 survivors (6144K)
 Metaspace       used 96920K, committed 97856K, reserved 1179648K
  class space    used 13459K, committed 13888K, reserved 1048576K
}
Event: 9.539 GC heap before
{Heap before GC invocations=48 (full 0):
 garbage-first heap   total 223232K, used 135625K [0x0000000700000000, 0x0000000800000000)
  region size 2048K, 5 young (10240K), 3 survivors (6144K)
 Metaspace       used 96979K, committed 97984K, reserved 1179648K
  class space    used 13467K, committed 13888K, reserved 1048576K
}
Event: 9.544 GC heap after
{Heap after GC invocations=49 (full 0):
 garbage-first heap   total 223232K, used 132154K [0x0000000700000000, 0x0000000800000000)
  region size 2048K, 1 young (2048K), 1 survivors (2048K)
 Metaspace       used 96979K, committed 97984K, reserved 1179648K
  class space    used 13467K, committed 13888K, reserved 1048576K
}
Event: 9.805 GC heap before
{Heap before GC invocations=49 (full 0):
 garbage-first heap   total 223232K, used 171066K [0x0000000700000000, 0x0000000800000000)
  region size 2048K, 21 young (43008K), 1 survivors (2048K)
 Metaspace       used 97965K, committed 98944K, reserved 1179648K
  class space    used 13580K, committed 14016K, reserved 1048576K
}
Event: 9.810 GC heap after
{Heap after GC invocations=50 (full 0):
 garbage-first heap   total 223232K, used 139526K [0x0000000700000000, 0x0000000800000000)
  region size 2048K, 3 young (6144K), 3 survivors (6144K)
 Metaspace       used 97965K, committed 98944K, reserved 1179648K
  class space    used 13580K, committed 14016K, reserved 1048576K
}
Event: 10.117 GC heap before
{Heap before GC invocations=51 (full 0):
 garbage-first heap   total 253952K, used 176390K [0x0000000700000000, 0x0000000800000000)
  region size 2048K, 21 young (43008K), 3 survivors (6144K)
 Metaspace       used 99706K, committed 100672K, reserved 1179648K
  class space    used 13804K, committed 14208K, reserved 1048576K
}
Event: 10.123 GC heap after
{Heap after GC invocations=52 (full 0):
 garbage-first heap   total 253952K, used 145783K [0x0000000700000000, 0x0000000800000000)
  region size 2048K, 3 young (6144K), 3 survivors (6144K)
 Metaspace       used 99706K, committed 100672K, reserved 1179648K
  class space    used 13804K, committed 14208K, reserved 1048576K
}
Event: 10.167 GC heap before
{Heap before GC invocations=52 (full 0):
 garbage-first heap   total 253952K, used 151927K [0x0000000700000000, 0x0000000800000000)
  region size 2048K, 6 young (12288K), 3 survivors (6144K)
 Metaspace       used 100312K, committed 101312K, reserved 1179648K
  class space    used 13874K, committed 14272K, reserved 1048576K
}
Event: 10.171 GC heap after
{Heap after GC invocations=53 (full 0):
 garbage-first heap   total 253952K, used 145982K [0x0000000700000000, 0x0000000800000000)
  region size 2048K, 1 young (2048K), 1 survivors (2048K)
 Metaspace       used 100312K, committed 101312K, reserved 1179648K
  class space    used 13874K, committed 14272K, reserved 1048576K
}
Event: 10.627 GC heap before
{Heap before GC invocations=53 (full 0):
 garbage-first heap   total 253952K, used 197182K [0x0000000700000000, 0x0000000800000000)
  region size 2048K, 26 young (53248K), 1 survivors (2048K)
 Metaspace       used 105280K, committed 106304K, reserved 1179648K
  class space    used 14587K, committed 14976K, reserved 1048576K
}
Event: 10.632 GC heap after
{Heap after GC invocations=54 (full 0):
 garbage-first heap   total 473088K, used 151497K [0x0000000700000000, 0x0000000800000000)
  region size 2048K, 4 young (8192K), 4 survivors (8192K)
 Metaspace       used 105280K, committed 106304K, reserved 1179648K
  class space    used 14587K, committed 14976K, reserved 1048576K
}

