# JRE version: OpenJDK Runtime Environment (17.0.9) (build 17.0.9+0--11185874)
# Java VM: OpenJDK 64-Bit Server VM (17.0.9+0--11185874, mixed mode, tiered, compressed oops, compressed class ptrs, g1 gc, windows-amd64)
GC Precious Log:
 CPUs: 8 total, 8 available
 Memory: 16082M
 Large Page Support: Disabled
 NUMA Support: Disabled
 Compressed Oops: Enabled (Zero based)
 Heap Region Size: 2M
 Heap Min Capacity: 8M
 Heap Initial Capacity: 252M
 Heap Max Capacity: 4G
 Pre-touch: Disabled
 Parallel Workers: 8
 Concurrent Workers: 2
 Concurrent Refinement Workers: 8
 Periodic GC: Disabled
Heap:
 garbage-first heap   total 737280K, used 253729K [0x0000000700000000, 0x0000000800000000)
  region size 2048K, 8 young (16384K), 8 survivors (16384K)
 Metaspace       used 126829K, committed 128704K, reserved 1179648K
  class space    used 17085K, committed 17920K, reserved 1048576K
GC Heap History (20 events):
Event: 1123.477 GC heap after
{Heap after GC invocations=48 (full 0):
 garbage-first heap   total 368640K, used 173677K [0x0000000700000000, 0x0000000800000000)
  region size 2048K, 3 young (6144K), 3 survivors (6144K)
 Metaspace       used 109839K, committed 110976K, reserved 1179648K
  class space    used 15056K, committed 15552K, reserved 1048576K
}
Event: 1124.181 GC heap before
{Heap before GC invocations=49 (full 0):
 garbage-first heap   total 368640K, used 298605K [0x0000000700000000, 0x0000000800000000)
  region size 2048K, 65 young (133120K), 3 survivors (6144K)
 Metaspace       used 110499K, committed 111680K, reserved 1179648K
  class space    used 15091K, committed 15616K, reserved 1048576K
}
Event: 1124.196 GC heap after
{Heap after GC invocations=50 (full 0):
 garbage-first heap   total 368640K, used 195462K [0x0000000700000000, 0x0000000800000000)
  region size 2048K, 9 young (18432K), 9 survivors (18432K)
 Metaspace       used 110499K, committed 111680K, reserved 1179648K
  class space    used 15091K, committed 15616K, reserved 1048576K
}
Event: 1124.228 GC heap before
{Heap before GC invocations=50 (full 0):
 garbage-first heap   total 368640K, used 197510K [0x0000000700000000, 0x0000000800000000)
  region size 2048K, 10 young (20480K), 9 survivors (18432K)
 Metaspace       used 110504K, committed 111680K, reserved 1179648K
  class space    used 15091K, committed 15616K, reserved 1048576K
}
Event: 1124.241 GC heap after
{Heap after GC invocations=51 (full 0):
 garbage-first heap   total 737280K, used 196424K [0x0000000700000000, 0x0000000800000000)
  region size 2048K, 2 young (4096K), 2 survivors (4096K)
 Metaspace       used 110504K, committed 111680K, reserved 1179648K
  class space    used 15091K, committed 15616K, reserved 1048576K
}
Event: 1153.912 GC heap before
{Heap before GC invocations=51 (full 0):
 garbage-first heap   total 737280K, used 550728K [0x0000000700000000, 0x0000000800000000)
  region size 2048K, 176 young (360448K), 2 survivors (4096K)
 Metaspace       used 112189K, committed 113664K, reserved 1179648K
  class space    used 15298K, committed 15936K, reserved 1048576K
}
Event: 1153.923 GC heap after
{Heap after GC invocations=52 (full 0):
 garbage-first heap   total 737280K, used 208076K [0x0000000700000000, 0x0000000800000000)
  region size 2048K, 8 young (16384K), 8 survivors (16384K)
 Metaspace       used 112189K, committed 113664K, reserved 1179648K
  class space    used 15298K, committed 15936K, reserved 1048576K
}
Event: 1180.608 GC heap before
{Heap before GC invocations=52 (full 0):
 garbage-first heap   total 737280K, used 574668K [0x0000000700000000, 0x0000000800000000)
  region size 2048K, 187 young (382976K), 8 survivors (16384K)
 Metaspace       used 113071K, committed 114752K, reserved 1179648K
  class space    used 15386K, committed 16128K, reserved 1048576K
}
Event: 1180.613 GC heap after
{Heap after GC invocations=53 (full 0):
 garbage-first heap   total 737280K, used 202697K [0x0000000700000000, 0x0000000800000000)
  region size 2048K, 5 young (10240K), 5 survivors (10240K)
 Metaspace       used 113071K, committed 114752K, reserved 1179648K
  class space    used 15386K, committed 16128K, reserved 1048576K
}
Event: 1186.195 GC heap before
{Heap before GC invocations=53 (full 0):
 garbage-first heap   total 737280K, used 552905K [0x0000000700000000, 0x0000000800000000)
  region size 2048K, 158 young (323584K), 5 survivors (10240K)
 Metaspace       used 113739K, committed 115456K, reserved 1179648K
  class space    used 15437K, committed 16192K, reserved 1048576K
}
Event: 1186.219 GC heap after
{Heap after GC invocations=54 (full 0):
 garbage-first heap   total 737280K, used 279604K [0x0000000700000000, 0x0000000800000000)
  region size 2048K, 22 young (45056K), 22 survivors (45056K)
 Metaspace       used 113739K, committed 115456K, reserved 1179648K
  class space    used 15437K, committed 16192K, reserved 1048576K
}
Event: 1187.113 GC heap before
{Heap before GC invocations=54 (full 0):
 garbage-first heap   total 737280K, used 414772K [0x0000000700000000, 0x0000000800000000)
  region size 2048K, 49 young (100352K), 22 survivors (45056K)
 Metaspace       used 113895K, committed 115584K, reserved 1179648K
  class space    used 15446K, committed 16192K, reserved 1048576K
}
Event: 1187.131 GC heap after
{Heap after GC invocations=55 (full 0):
 garbage-first heap   total 737280K, used 268141K [0x0000000700000000, 0x0000000800000000)
  region size 2048K, 3 young (6144K), 3 survivors (6144K)
 Metaspace       used 113895K, committed 115584K, reserved 1179648K
  class space    used 15446K, committed 16192K, reserved 1048576K
}
Event: 1187.154 GC heap before
{Heap before GC invocations=55 (full 0):
 garbage-first heap   total 737280K, used 345965K [0x0000000700000000, 0x0000000800000000)
  region size 2048K, 4 young (8192K), 3 survivors (6144K)
 Metaspace       used 113895K, committed 115584K, reserved 1179648K
  class space    used 15446K, committed 16192K, reserved 1048576K
}
Event: 1187.156 GC heap after
{Heap after GC invocations=56 (full 0):
 garbage-first heap   total 737280K, used 264839K [0x0000000700000000, 0x0000000800000000)
  region size 2048K, 2 young (4096K), 2 survivors (4096K)
 Metaspace       used 113895K, committed 115584K, reserved 1179648K
  class space    used 15446K, committed 16192K, reserved 1048576K
}
Event: 1187.175 GC heap before
{Heap before GC invocations=56 (full 0):
 garbage-first heap   total 737280K, used 332423K [0x0000000700000000, 0x0000000800000000)
  region size 2048K, 3 young (6144K), 2 survivors (4096K)
 Metaspace       used 113895K, committed 115584K, reserved 1179648K
  class space    used 15446K, committed 16192K, reserved 1048576K
}
Event: 1187.178 GC heap after
{Heap after GC invocations=57 (full 0):
 garbage-first heap   total 737280K, used 264526K [0x0000000700000000, 0x0000000800000000)
  region size 2048K, 2 young (4096K), 2 survivors (4096K)
 Metaspace       used 113895K, committed 115584K, reserved 1179648K
  class space    used 15446K, committed 16192K, reserved 1048576K
}
Event: 1187.193 GC heap before
{Heap before GC invocations=57 (full 0):
 garbage-first heap   total 737280K, used 323918K [0x0000000700000000, 0x0000000800000000)
  region size 2048K, 3 young (6144K), 2 survivors (4096K)
 Metaspace       used 113902K, committed 115584K, reserved 1179648K
  class space    used 15446K, committed 16192K, reserved 1048576K
}
Event: 1187.195 GC heap after
{Heap after GC invocations=58 (full 0):
 garbage-first heap   total 737280K, used 264320K [0x0000000700000000, 0x0000000800000000)
  region size 2048K, 1 young (2048K), 1 survivors (2048K)
 Metaspace       used 113902K, committed 115584K, reserved 1179648K
  class space    used 15446K, committed 16192K, reserved 1048576K
}
Event: 4773.342 GC heap before
{Heap before GC invocations=58 (full 0):
 garbage-first heap   total 737280K, used 680064K [0x0000000700000000, 0x0000000800000000)
  region size 2048K, 180 young (368640K), 1 survivors (2048K)
 Metaspace       used 126829K, committed 128704K, reserved 1179648K
  class space    used 17085K, committed 17920K, reserved 1048576K
}

